<?xml version="1.0" encoding="UTF-8"?>
<robot generator="Robot 7.4.2 (Python 3.13.5 on win32)" generated="2026-08-05T16:03:04.335393" rpa="false" schemaversion="5">
<suite id="s1" name="Regression" source="C:\LinkCXO_RobotFramework\Tests\Regression.robot">
<kw name="Open Browser And Login" owner="LoginPage" type="SETUP">
<kw name="Open Browser" owner="SeleniumLibrary">
<msg time="2026-08-05T16:03:04.882807" level="INFO">Opening browser 'Chrome' to base url 'https://cxostory.in/'.</msg>
<arg>${URL}</arg>
<arg>${BROWSER}</arg>
<doc>Opens a new browser instance to the optional ``url``.</doc>
<status status="PASS" start="2026-08-05T16:03:04.882609" elapsed="8.110425"/>
</kw>
<kw name="Maximize Browser Window" owner="SeleniumLibrary">
<doc>Maximizes current browser window.</doc>
<status status="PASS" start="2026-08-05T16:03:12.993281" elapsed="0.109308"/>
</kw>
<kw name="Login To Application" owner="LoginPage">
<kw name="Wait Until Element Is Visible" owner="SeleniumLibrary">
<arg>xpath=//button[normalize-space()='Login']</arg>
<arg>20s</arg>
<doc>Waits until the element ``locator`` is visible.</doc>
<status status="PASS" start="2026-08-05T16:03:13.103280" elapsed="0.116740"/>
</kw>
<kw name="Click Element" owner="SeleniumLibrary">
<msg time="2026-08-05T16:03:13.220574" level="INFO">Clicking element 'xpath=//button[normalize-space()='Login']'.</msg>
<arg>xpath=//button[normalize-space()='Login']</arg>
<doc>Click the element identified by ``locator``.</doc>
<status status="PASS" start="2026-08-05T16:03:13.220256" elapsed="0.155582"/>
</kw>
<kw name="Wait Until Element Is Visible" owner="SeleniumLibrary">
<arg>xpath=//input[@id='emailId']</arg>
<arg>20s</arg>
<doc>Waits until the element ``locator`` is visible.</doc>
<status status="PASS" start="2026-08-05T16:03:13.376157" elapsed="0.022217"/>
</kw>
<kw name="Input Text" owner="SeleniumLibrary">
<msg time="2026-08-05T16:03:13.399017" level="INFO">Typing text 'kprabhat956@gmail.com' into text field 'xpath=//input[@id='emailId']'.</msg>
<arg>xpath=//input[@id='emailId']</arg>
<arg>${EMAIL}</arg>
<doc>Types the given ``text`` into the text field identified by ``locator``.</doc>
<status status="PASS" start="2026-08-05T16:03:13.398609" elapsed="0.169511"/>
</kw>
<kw name="Wait Until Element Is Enabled" owner="SeleniumLibrary">
<arg>xpath=//button[contains(normalize-space(),'Continue')]</arg>
<arg>20s</arg>
<doc>Waits until the element ``locator`` is enabled.</doc>
<status status="PASS" start="2026-08-05T16:03:13.568285" elapsed="0.032199"/>
</kw>
<kw name="Click Element" owner="SeleniumLibrary">
<msg time="2026-08-05T16:03:13.600860" level="INFO">Clicking element 'xpath=//button[contains(normalize-space(),'Continue')]'.</msg>
<arg>xpath=//button[contains(normalize-space(),'Continue')]</arg>
<doc>Click the element identified by ``locator``.</doc>
<status status="PASS" start="2026-08-05T16:03:13.600645" elapsed="0.123115"/>
</kw>
<kw name="Wait Until Element Is Visible" owner="SeleniumLibrary">
<arg>xpath=//input[@name='otp-input-0']</arg>
<arg>20s</arg>
<doc>Waits until the element ``locator`` is visible.</doc>
<status status="PASS" start="2026-08-05T16:03:13.724105" elapsed="0.018836"/>
</kw>
<kw name="Input Text" owner="SeleniumLibrary">
<msg time="2026-08-05T16:03:13.743370" level="INFO">Typing text '4' into text field 'xpath=//input[@name='otp-input-0']'.</msg>
<arg>xpath=//input[@name='otp-input-0']</arg>
<arg>4</arg>
<doc>Types the given ``text`` into the text field identified by ``locator``.</doc>
<status status="PASS" start="2026-08-05T16:03:13.743142" elapsed="0.103739"/>
</kw>
<kw name="Input Text" owner="SeleniumLibrary">
<msg time="2026-08-05T16:03:13.849446" level="INFO">Typing text '4' into text field 'xpath=//input[@name='otp-input-1']'.</msg>
<arg>xpath=//input[@name='otp-input-1']</arg>
<arg>4</arg>
<doc>Types the given ``text`` into the text field identified by ``locator``.</doc>
<status status="PASS" start="2026-08-05T16:03:13.847956" elapsed="0.103580"/>
</kw>
<kw name="Input Text" owner="SeleniumLibrary">
<msg time="2026-08-05T16:03:13.952575" level="INFO">Typing text '4' into text field 'xpath=//input[@name='otp-input-2']'.</msg>
<arg>xpath=//input[@name='otp-input-2']</arg>
<arg>4</arg>
<doc>Types the given ``text`` into the text field identified by ``locator``.</doc>
<status status="PASS" start="2026-08-05T16:03:13.952035" elapsed="0.084278"/>
</kw>
<kw name="Input Text" owner="SeleniumLibrary">
<msg time="2026-08-05T16:03:14.037086" level="INFO">Typing text '4' into text field 'xpath=//input[@name='otp-input-3']'.</msg>
<arg>xpath=//input[@name='otp-input-3']</arg>
<arg>4</arg>
<doc>Types the given ``text`` into the text field identified by ``locator``.</doc>
<status status="PASS" start="2026-08-05T16:03:14.036673" elapsed="0.100050"/>
</kw>
<kw name="Input Text" owner="SeleniumLibrary">
<msg time="2026-08-05T16:03:14.137323" level="INFO">Typing text '4' into text field 'xpath=//input[@name='otp-input-4']'.</msg>
<arg>xpath=//input[@name='otp-input-4']</arg>
<arg>4</arg>
<doc>Types the given ``text`` into the text field identified by ``locator``.</doc>
<status status="PASS" start="2026-08-05T16:03:14.136980" elapsed="0.097012"/>
</kw>
<kw name="Input Text" owner="SeleniumLibrary">
<msg time="2026-08-05T16:03:14.234650" level="INFO">Typing text '4' into text field 'xpath=//input[@name='otp-input-5']'.</msg>
<arg>xpath=//input[@name='otp-input-5']</arg>
<arg>4</arg>
<doc>Types the given ``text`` into the text field identified by ``locator``.</doc>
<status status="PASS" start="2026-08-05T16:03:14.234291" elapsed="0.067390"/>
</kw>
<kw name="Execute Javascript" owner="SeleniumLibrary">
<msg time="2026-08-05T16:03:14.302098" level="INFO">Executing JavaScript:
document.evaluate("//button[contains(@class,'mb-8') and contains(.,'Continue')]", document, null, XPathResult.FIRST_ORDERED_NODE_TYPE, null).singleNodeValue.click();
Without any arguments.</msg>
<arg>document.evaluate("//button[contains(@class,'mb-8') and contains(.,'Continue')]", document, null, XPathResult.FIRST_ORDERED_NODE_TYPE, null).singleNodeValue.click();</arg>
<doc>Executes the given JavaScript code with possible arguments.</doc>
<status status="PASS" start="2026-08-05T16:03:14.301909" elapsed="0.006974"/>
</kw>
<kw name="Wait Until Page Contains Element" owner="SeleniumLibrary">
<arg>xpath=//body</arg>
<arg>20s</arg>
<doc>Waits until the element ``locator`` appears on the current page.</doc>
<status status="PASS" start="2026-08-05T16:03:14.309059" elapsed="0.009874"/>
</kw>
<kw name="Sleep" owner="BuiltIn">
<msg time="2026-08-05T16:03:19.320253" level="INFO">Slept 5 seconds.</msg>
<arg>5s</arg>
<doc>Pauses the test executed for the given time.</doc>
<status status="PASS" start="2026-08-05T16:03:14.319120" elapsed="5.001468"/>
</kw>
<status status="PASS" start="2026-08-05T16:03:13.103028" elapsed="6.217792"/>
</kw>
<status status="PASS" start="2026-08-05T16:03:04.882121" elapsed="14.438864"/>
</kw>
<test id="s1-t1" name="Create Post" line="17">
<kw name="Create New Post" owner="HomePage">
<kw name="Capture Page Screenshot" owner="SeleniumLibrary">
<msg time="2026-08-05T16:03:19.429674" level="INFO" html="true">&lt;/td&gt;&lt;/tr&gt;&lt;tr&gt;&lt;td colspan="3"&gt;&lt;a href="selenium-screenshot-26.png"&gt;&lt;img src="selenium-screenshot-26.png" width="800px"&gt;&lt;/a&gt;</msg>
<doc>Takes a screenshot of the current page and embeds it into a log file.</doc>
<status status="PASS" start="2026-08-05T16:03:19.323310" elapsed="0.106481"/>
</kw>
<kw name="Wait Until Element Is Visible" owner="SeleniumLibrary">
<arg>${POST_BUTTON_HOME}</arg>
<arg>30s</arg>
<doc>Waits until the element ``locator`` is visible.</doc>
<status status="PASS" start="2026-08-05T16:03:19.429983" elapsed="4.617052"/>
</kw>
<kw name="Click Element" owner="SeleniumLibrary">
<msg time="2026-08-05T16:03:24.047414" level="INFO">Clicking element 'xpath=//button[normalize-space()='Post']'.</msg>
<arg>${POST_BUTTON_HOME}</arg>
<doc>Click the element identified by ``locator``.</doc>
<status status="PASS" start="2026-08-05T16:03:24.047198" elapsed="0.072314"/>
</kw>
<kw name="Wait Until Element Is Visible" owner="SeleniumLibrary">
<arg>${POST_OPTION}</arg>
<arg>20s</arg>
<doc>Waits until the element ``locator`` is visible.</doc>
<status status="PASS" start="2026-08-05T16:03:24.119859" elapsed="0.230109"/>
</kw>
<kw name="Click Element" owner="SeleniumLibrary">
<msg time="2026-08-05T16:03:24.350341" level="INFO">Clicking element 'xpath=//h1[normalize-space()='Create a post']'.</msg>
<msg time="2026-08-05T16:03:24.558725" level="INFO" html="true">&lt;/td&gt;&lt;/tr&gt;&lt;tr&gt;&lt;td colspan="3"&gt;&lt;a href="selenium-screenshot-27.png"&gt;&lt;img src="selenium-screenshot-27.png" width="800px"&gt;&lt;/a&gt;</msg>
<msg time="2026-08-05T16:03:24.558951" level="FAIL">StaleElementReferenceException: Message: stale element reference: stale element not found in the current frame
  (Session info: chrome=150.0.7871.187); For documentation on this error, please visit: https://www.selenium.dev/documentation/webdriver/troubleshooting/errors#staleelementreferenceexception
Stacktrace:
	chromedriver!GetHandleVerifier [0x7ff79a040d25+155a5]
	chromedriver!GetHandleVerifier [0x7ff79a040d80+15600]
	chromedriver!(No symbol) [0x7ff799b9594d]
	chromedriver!(No symbol) [0x7ff799b9d8c1]
	chromedriver!(No symbol) [0x7ff799ba0885]
	chromedriver!(No symbol) [0x7ff799ba094f]
	chromedriver!(No symbol) [0x7ff799bf2cc0]
	chromedriver!(No symbol) [0x7ff799be4d01]
	chromedriver!(No symbol) [0x7ff799c191ca]
	chromedriver!(No symbol) [0x7ff799be4616]
	chromedriver!(No symbol) [0x7ff799c3e01b]
	chromedriver!(No symbol) [0x7ff799be2e6c]
	chromedriver!(No symbol) [0x7ff799be3d93]
	chromedriver!GetHandleVerifier [0x7ff79a626431+5facb1]
	chromedriver!GetHandleVerifier [0x7ff79a620a9b+5f531b]
	chromedriver!GetHandleVerifier [0x7ff79a645865+61a0e5]
	chromedriver!GetHandleVerifier [0x7ff79a05dace+3234e]
	chromedriver!GetHandleVerifier [0x7ff79a06661c+3ae9c]
	chromedriver!GetHandleVerifier [0x7ff79a04ab74+1f3f4]
	chromedriver!GetHandleVerifier [0x7ff79a04ad04+1f584]
	chromedriver!GetHandleVerifier [0x7ff79a02d9d7+2257]
	KERNEL32!BaseThreadInitThunk [0x7ffc3015ccb7+17]
	ntdll!RtlUserThreadStart [0x7ffc319aad6c+2c]
</msg>
<arg>${POST_OPTION}</arg>
<doc>Click the element identified by ``locator``.</doc>
<status status="FAIL" start="2026-08-05T16:03:24.350128" elapsed="0.389356">StaleElementReferenceException: Message: stale element reference: stale element not found in the current frame
  (Session info: chrome=150.0.7871.187); For documentation on this error, please visit: https://www.selenium.dev/documentation/webdriver/troubleshooting/errors#staleelementreferenceexception
Stacktrace:
	chromedriver!GetHandleVerifier [0x7ff79a040d25+155a5]
	chromedriver!GetHandleVerifier [0x7ff79a040d80+15600]
	chromedriver!(No symbol) [0x7ff799b9594d]
	chromedriver!(No symbol) [0x7ff799b9d8c1]
	chromedriver!(No symbol) [0x7ff799ba0885]
	chromedriver!(No symbol) [0x7ff799ba094f]
	chromedriver!(No symbol) [0x7ff799bf2cc0]
	chromedriver!(No symbol) [0x7ff799be4d01]
	chromedriver!(No symbol) [0x7ff799c191ca]
	chromedriver!(No symbol) [0x7ff799be4616]
	chromedriver!(No symbol) [0x7ff799c3e01b]
	chromedriver!(No symbol) [0x7ff799be2e6c]
	chromedriver!(No symbol) [0x7ff799be3d93]
	chromedriver!GetHandleVerifier [0x7ff79a626431+5facb1]
	chromedriver!GetHandleVerifier [0x7ff79a620a9b+5f531b]
	chromedriver!GetHandleVerifier [0x7ff79a645865+61a0e5]
	chromedriver!GetHandleVerifier [0x7ff79a05dace+3234e]
	chromedriver!GetHandleVerifier [0x7ff79a06661c+3ae9c]
	chromedriver!GetHandleVerifier [0x7ff79a04ab74+1f3f4]
	chromedriver!GetHandleVerifier [0x7ff79a04ad04+1f584]
	chromedriver!GetHandleVerifier [0x7ff79a02d9d7+2257]
	KERNEL32!BaseThreadInitThunk [0x7ffc3015ccb7+17]
	ntdll!RtlUserThreadStart [0x7ffc319aad6c+2c]
</status>
</kw>
<kw name="Wait Until Element Is Visible" owner="SeleniumLibrary">
<arg>${POST_TEXTBOX}</arg>
<arg>30s</arg>
<doc>Waits until the element ``locator`` is visible.</doc>
<status status="NOT RUN" start="2026-08-05T16:03:24.739824" elapsed="0.000075"/>
</kw>
<kw name="Input Text" owner="SeleniumLibrary">
<arg>${POST_TEXTBOX}</arg>
<arg>Whether you think you can or think you can't, you're right.</arg>
<doc>Types the given ``text`` into the text field identified by ``locator``.</doc>
<status status="NOT RUN" start="2026-08-05T16:03:24.740102" elapsed="0.000036"/>
</kw>
<kw name="Choose File" owner="SeleniumLibrary">
<arg>${IMAGE_UPLOAD}</arg>
<arg>D:/images3.jpg</arg>
<doc>Inputs the ``file_path`` into the file input field ``locator``.</doc>
<status status="NOT RUN" start="2026-08-05T16:03:24.740259" elapsed="0.000025"/>
</kw>
<kw name="Sleep" owner="BuiltIn">
<arg>5s</arg>
<doc>Pauses the test executed for the given time.</doc>
<status status="NOT RUN" start="2026-08-05T16:03:24.740402" elapsed="0.000031"/>
</kw>
<kw name="Capture Page Screenshot" owner="SeleniumLibrary">
<doc>Takes a screenshot of the current page and embeds it into a log file.</doc>
<status status="NOT RUN" start="2026-08-05T16:03:24.740550" elapsed="0.000020"/>
</kw>
<kw name="Wait Until Element Is Visible" owner="SeleniumLibrary">
<arg>${SUBMIT_POST}</arg>
<arg>20s</arg>
<doc>Waits until the element ``locator`` is visible.</doc>
<status status="NOT RUN" start="2026-08-05T16:03:24.740648" elapsed="0.000030"/>
</kw>
<kw name="Click Element" owner="SeleniumLibrary">
<arg>${SUBMIT_POST}</arg>
<doc>Click the element identified by ``locator``.</doc>
<status status="NOT RUN" start="2026-08-05T16:03:24.740780" elapsed="0.000017"/>
</kw>
<kw name="Sleep" owner="BuiltIn">
<arg>10s</arg>
<doc>Pauses the test executed for the given time.</doc>
<status status="NOT RUN" start="2026-08-05T16:03:24.740869" elapsed="0.000016"/>
</kw>
<kw name="Capture Page Screenshot" owner="SeleniumLibrary">
<doc>Takes a screenshot of the current page and embeds it into a log file.</doc>
<status status="NOT RUN" start="2026-08-05T16:03:24.740960" elapsed="0.000040"/>
</kw>
<kw name="Wait Until Element Is Visible" owner="SeleniumLibrary">
<arg>${POST_BUTTON_HOME}</arg>
<arg>30s</arg>
<doc>Waits until the element ``locator`` is visible.</doc>
<status status="NOT RUN" start="2026-08-05T16:03:24.741059" elapsed="0.000016"/>
</kw>
<kw name="Sleep" owner="BuiltIn">
<arg>15s</arg>
<doc>Pauses the test executed for the given time.</doc>
<status status="NOT RUN" start="2026-08-05T16:03:24.741150" elapsed="0.000046"/>
</kw>
<status status="FAIL" start="2026-08-05T16:03:19.322610" elapsed="5.418738">StaleElementReferenceException: Message: stale element reference: stale element not found in the current frame
  (Session info: chrome=150.0.7871.187); For documentation on this error, please visit: https://www.selenium.dev/documentation/webdriver/troubleshooting/errors#staleelementreferenceexception
Stacktrace:
	chromedriver!GetHandleVerifier [0x7ff79a040d25+155a5]
	chromedriver!GetHandleVerifier [0x7ff79a040d80+15600]
	chromedriver!(No symbol) [0x7ff799b9594d]
	chromedriver!(No symbol) [0x7ff799b9d8c1]
	chromedriver!(No symbol) [0x7ff799ba0885]
	chromedriver!(No symbol) [0x7ff799ba094f]
	chromedriver!(No symbol) [0x7ff799bf2cc0]
	chromedriver!(No symbol) [0x7ff799be4d01]
	chromedriver!(No symbol) [0x7ff799c191ca]
	chromedriver!(No symbol) [0x7ff799be4616]
	chromedriver!(No symbol) [0x7ff799c3e01b]
	chromedriver!(No symbol) [0x7ff799be2e6c]
	chromedriver!(No symbol) [0x7ff799be3d93]
	chromedriver!GetHandleVerifier [0x7ff79a626431+5facb1]
	chromedriver!GetHandleVerifier [0x7ff79a620a9b+5f531b]
	chromedriver!GetHandleVerifier [0x7ff79a645865+61a0e5]
	chromedriver!GetHandleVerifier [0x7ff79a05dace+3234e]
	chromedriver!GetHandleVerifier [0x7ff79a06661c+3ae9c]
	chromedriver!GetHandleVerifier [0x7ff79a04ab74+1f3f4]
	chromedriver!GetHandleVerifier [0x7ff79a04ad04+1f584]
	chromedriver!GetHandleVerifier [0x7ff79a02d9d7+2257]
	KERNEL32!BaseThreadInitThunk [0x7ffc3015ccb7+17]
	ntdll!RtlUserThreadStart [0x7ffc319aad6c+2c]
</status>
</kw>
<kw name="Capture Page Screenshot" owner="SeleniumLibrary">
<arg>${OUTPUT DIR}/CreatePost.png</arg>
<doc>Takes a screenshot of the current page and embeds it into a log file.</doc>
<status status="NOT RUN" start="2026-08-05T16:03:24.741615" elapsed="0.000033"/>
</kw>
<kw name="Sleep" owner="BuiltIn">
<arg>15s</arg>
<doc>Pauses the test executed for the given time.</doc>
<status status="NOT RUN" start="2026-08-05T16:03:24.742103" elapsed="0.000037"/>
</kw>
<status status="FAIL" start="2026-08-05T16:03:19.321177" elapsed="5.421262">StaleElementReferenceException: Message: stale element reference: stale element not found in the current frame
  (Session info: chrome=150.0.7871.187); For documentation on this error, please visit: https://www.selenium.dev/documentation/webdriver/troubleshooting/errors#staleelementreferenceexception
Stacktrace:
	chromedriver!GetHandleVerifier [0x7ff79a040d25+155a5]
	chromedriver!GetHandleVerifier [0x7ff79a040d80+15600]
	chromedriver!(No symbol) [0x7ff799b9594d]
	chromedriver!(No symbol) [0x7ff799b9d8c1]
	chromedriver!(No symbol) [0x7ff799ba0885]
	chromedriver!(No symbol) [0x7ff799ba094f]
	chromedriver!(No symbol) [0x7ff799bf2cc0]
	chromedriver!(No symbol) [0x7ff799be4d01]
	chromedriver!(No symbol) [0x7ff799c191ca]
	chromedriver!(No symbol) [0x7ff799be4616]
	chromedriver!(No symbol) [0x7ff799c3e01b]
	chromedriver!(No symbol) [0x7ff799be2e6c]
	chromedriver!(No symbol) [0x7ff799be3d93]
	chromedriver!GetHandleVerifier [0x7ff79a626431+5facb1]
	chromedriver!GetHandleVerifier [0x7ff79a620a9b+5f531b]
	chromedriver!GetHandleVerifier [0x7ff79a645865+61a0e5]
	chromedriver!GetHandleVerifier [0x7ff79a05dace+3234e]
	chromedriver!GetHandleVerifier [0x7ff79a06661c+3ae9c]
	chromedriver!GetHandleVerifier [0x7ff79a04ab74+1f3f4]
	chromedriver!GetHandleVerifier [0x7ff79a04ad04+1f584]
	chromedriver!GetHandleVerifier [0x7ff79a02d9d7+2257]
	KERNEL32!BaseThreadInitThunk [0x7ffc3015ccb7+17]
	ntdll!RtlUserThreadStart [0x7ffc319aad6c+2c]
</status>
</test>
<test id="s1-t2" name="Create Article" line="22">
<kw name="Create New Article" owner="ArticleKeywords">
<kw name="Capture Page Screenshot" owner="SeleniumLibrary">
<msg time="2026-08-05T16:03:24.882626" level="INFO" html="true">&lt;/td&gt;&lt;/tr&gt;&lt;tr&gt;&lt;td colspan="3"&gt;&lt;a href="selenium-screenshot-28.png"&gt;&lt;img src="selenium-screenshot-28.png" width="800px"&gt;&lt;/a&gt;</msg>
<doc>Takes a screenshot of the current page and embeds it into a log file.</doc>
<status status="PASS" start="2026-08-05T16:03:24.743950" elapsed="0.138786"/>
</kw>
<kw name="Wait Until Page Contains Element" owner="SeleniumLibrary">
<arg>${POST_BUTTON_HOME}</arg>
<arg>timeout=30s</arg>
<doc>Waits until the element ``locator`` appears on the current page.</doc>
<status status="PASS" start="2026-08-05T16:03:24.882966" elapsed="0.009132"/>
</kw>
<kw name="Wait Until Element Is Visible" owner="SeleniumLibrary">
<arg>${POST_BUTTON_HOME}</arg>
<arg>timeout=30s</arg>
<doc>Waits until the element ``locator`` is visible.</doc>
<status status="PASS" start="2026-08-05T16:03:24.892396" elapsed="0.010705"/>
</kw>
<kw name="Wait Until Element Is Enabled" owner="SeleniumLibrary">
<arg>${POST_BUTTON_HOME}</arg>
<arg>timeout=30s</arg>
<doc>Waits until the element ``locator`` is enabled.</doc>
<status status="PASS" start="2026-08-05T16:03:24.903266" elapsed="0.014322"/>
</kw>
<kw name="Scroll Element Into View" owner="SeleniumLibrary">
<arg>${POST_BUTTON_HOME}</arg>
<doc>Scrolls the element identified by ``locator`` into view.</doc>
<status status="PASS" start="2026-08-05T16:03:24.917745" elapsed="0.288390"/>
</kw>
<kw name="Click Element" owner="SeleniumLibrary">
<msg time="2026-08-05T16:03:25.206843" level="INFO">Clicking element 'xpath=//button[normalize-space()='Post']'.</msg>
<msg time="2026-08-05T16:03:26.378162" level="INFO" html="true">&lt;/td&gt;&lt;/tr&gt;&lt;tr&gt;&lt;td colspan="3"&gt;&lt;a href="selenium-screenshot-29.png"&gt;&lt;img src="selenium-screenshot-29.png" width="800px"&gt;&lt;/a&gt;</msg>
<msg time="2026-08-05T16:03:26.378406" level="FAIL">ElementClickInterceptedException: Message: element click intercepted: Element &lt;button class="shrink-0 rounded-full bg-lxgolden-200 px-6 py-2 text-sm font-semibold text-black w-20 h-9"&gt;...&lt;/button&gt; is not clickable at point (1031, 122). Other element would receive the click: &lt;div class="fixed z-10 bg-white  dark:bg-lxblack-400 rounded-2xl border border-lxgray-100 dark:border-lxblack-300 
w-[92vw] sm:w-[420px] lg:w-[672px] 
max-h-[75vh] lg:h-[429px] 
p-4 sm:p-6 shadow-md overflow-y-auto h-auto  popup-animation"&gt;...&lt;/div&gt;
  (Session info: chrome=150.0.7871.187); For documentation on this error, please visit: https://www.selenium.dev/documentation/webdriver/troubleshooting/errors#elementclickinterceptedexception
Stacktrace:
	chromedriver!GetHandleVerifier [0x7ff79a040d25+155a5]
	chromedriver!GetHandleVerifier [0x7ff79a040d80+15600]
	chromedriver!(No symbol) [0x7ff799b9594d]
	chromedriver!(No symbol) [0x7ff799bf8575]
	chromedriver!(No symbol) [0x7ff799bf6193]
	chromedriver!(No symbol) [0x7ff799bf34e7]
	chromedriver!(No symbol) [0x7ff799bf23a0]
	chromedriver!(No symbol) [0x7ff799be4d98]
	chromedriver!(No symbol) [0x7ff799c191ca]
	chromedriver!(No symbol) [0x7ff799be4616]
	chromedriver!(No symbol) [0x7ff799c3e01b]
	chromedriver!(No symbol) [0x7ff799be2e6c]
	chromedriver!(No symbol) [0x7ff799be3d93]
	chromedriver!GetHandleVerifier [0x7ff79a626431+5facb1]
	chromedriver!GetHandleVerifier [0x7ff79a620a9b+5f531b]
	chromedriver!GetHandleVerifier [0x7ff79a645865+61a0e5]
	chromedriver!GetHandleVerifier [0x7ff79a05dace+3234e]
	chromedriver!GetHandleVerifier [0x7ff79a06661c+3ae9c]
	chromedriver!GetHandleVerifier [0x7ff79a04ab74+1f3f4]
	chromedriver!GetHandleVerifier [0x7ff79a04ad04+1f584]
	chromedriver!GetHandleVerifier [0x7ff79a02d9d7+2257]
	KERNEL32!BaseThreadInitThunk [0x7ffc3015ccb7+17]
	ntdll!RtlUserThreadStart [0x7ffc319aad6c+2c]
</msg>
<arg>${POST_BUTTON_HOME}</arg>
<doc>Click the element identified by ``locator``.</doc>
<status status="FAIL" start="2026-08-05T16:03:25.206336" elapsed="1.173392">ElementClickInterceptedException: Message: element click intercepted: Element &lt;button class="shrink-0 rounded-full bg-lxgolden-200 px-6 py-2 text-sm font-semibold text-black w-20 h-9"&gt;...&lt;/button&gt; is not clickable at point (1031, 122). Other element would receive the click: &lt;div class="fixed z-10 bg-white  dark:bg-lxblack-400 rounded-2xl border border-lxgray-100 dark:border-lxblack-300 
w-[92vw] sm:w-[420px] lg:w-[672px] 
max-h-[75vh] lg:h-[429px] 
p-4 sm:p-6 shadow-md overflow-y-auto h-auto  popup-animation"&gt;...&lt;/div&gt;
  (Session info: chrome=150.0.7871.187); For documentation on this error, please visit: https://www.selenium.dev/documentation/webdriver/troubleshooting/errors#elementclickinterceptedexception
Stacktrace:
	chromedriver!GetHandleVerifier [0x7ff79a040d25+155a5]
	chromedriver!GetHandleVerifier [0x7ff79a040d80+15600]
	chromedriver!(No symbol) [0x7ff799b9594d]
	chromedriver!(No symbol) [0x7ff799bf8575]
	chromedriver!(No symbol) [0x7ff799bf6193]
	chromedriver!(No symbol) [0x7ff799bf34e7]
	chromedriver!(No symbol) [0x7ff799bf23a0]
	chromedriver!(No symbol) [0x7ff799be4d98]
	chromedriver!(No symbol) [0x7ff799c191ca]
	chromedriver!(No symbol) [0x7ff799be4616]
	chromedriver!(No symbol) [0x7ff799c3e01b]
	chromedriver!(No symbol) [0x7ff799be2e6c]
	chromedriver!(No symbol) [0x7ff799be3d93]
	chromedriver!GetHandleVerifier [0x7ff79a626431+5facb1]
	chromedriver!GetHandleVerifier [0x7ff79a620a9b+5f531b]
	chromedriver!GetHandleVerifier [0x7ff79a645865+61a0e5]
	chromedriver!GetHandleVerifier [0x7ff79a05dace+3234e]
	chromedriver!GetHandleVerifier [0x7ff79a06661c+3ae9c]
	chromedriver!GetHandleVerifier [0x7ff79a04ab74+1f3f4]
	chromedriver!GetHandleVerifier [0x7ff79a04ad04+1f584]
	chromedriver!GetHandleVerifier [0x7ff79a02d9d7+2257]
	KERNEL32!BaseThreadInitThunk [0x7ffc3015ccb7+17]
	ntdll!RtlUserThreadStart [0x7ffc319aad6c+2c]
</status>
</kw>
<kw name="Sleep" owner="BuiltIn">
<arg>2s</arg>
<doc>Pauses the test executed for the given time.</doc>
<status status="NOT RUN" start="2026-08-05T16:03:26.379929" elapsed="0.000034"/>
</kw>
<kw name="Wait Until Element Is Visible" owner="SeleniumLibrary">
<arg>${ARTICLE_OPTION}</arg>
<arg>timeout=30s</arg>
<doc>Waits until the element ``locator`` is visible.</doc>
<status status="NOT RUN" start="2026-08-05T16:03:26.380060" elapsed="0.000068"/>
</kw>
<kw name="Scroll Element Into View" owner="SeleniumLibrary">
<arg>${ARTICLE_OPTION}</arg>
<doc>Scrolls the element identified by ``locator`` into view.</doc>
<status status="NOT RUN" start="2026-08-05T16:03:26.380224" elapsed="0.000023"/>
</kw>
<kw name="Sleep" owner="BuiltIn">
<arg>2s</arg>
<doc>Pauses the test executed for the given time.</doc>
<status status="NOT RUN" start="2026-08-05T16:03:26.380325" elapsed="0.000021"/>
</kw>
<kw name="Execute Javascript" owner="SeleniumLibrary">
<arg>document.evaluate("//h1[normalize-space()='Compose an article']", document, null, XPathResult.FIRST_ORDERED_NODE_TYPE, null).singleNodeValue.click();</arg>
<doc>Executes the given JavaScript code with possible arguments.</doc>
<status status="NOT RUN" start="2026-08-05T16:03:26.380428" elapsed="0.000020"/>
</kw>
<kw name="Wait Until Element Is Visible" owner="SeleniumLibrary">
<arg>${ARTICLE_TITLE}</arg>
<arg>timeout=30s</arg>
<doc>Waits until the element ``locator`` is visible.</doc>
<status status="NOT RUN" start="2026-08-05T16:03:26.380532" elapsed="0.000021"/>
</kw>
<kw name="Capture Page Screenshot" owner="SeleniumLibrary">
<doc>Takes a screenshot of the current page and embeds it into a log file.</doc>
<status status="NOT RUN" start="2026-08-05T16:03:26.380638" elapsed="0.000046"/>
</kw>
<kw name="Choose File" owner="SeleniumLibrary">
<arg>${ARTICLE_IMAGE_UPLOAD}</arg>
<arg>D:/images3.jpg</arg>
<doc>Inputs the ``file_path`` into the file input field ``locator``.</doc>
<status status="NOT RUN" start="2026-08-05T16:03:26.380767" elapsed="0.000019"/>
</kw>
<kw name="Sleep" owner="BuiltIn">
<arg>3s</arg>
<doc>Pauses the test executed for the given time.</doc>
<status status="NOT RUN" start="2026-08-05T16:03:26.380864" elapsed="0.000021"/>
</kw>
<kw name="Clear Element Text" owner="SeleniumLibrary">
<arg>${ARTICLE_TITLE}</arg>
<doc>Clears the value of the text-input-element identified by ``locator``.</doc>
<status status="NOT RUN" start="2026-08-05T16:03:26.380962" elapsed="0.000020"/>
</kw>
<kw name="Input Text" owner="SeleniumLibrary">
<arg>${ARTICLE_TITLE}</arg>
<arg>Testing Article</arg>
<doc>Types the given ``text`` into the text field identified by ``locator``.</doc>
<status status="NOT RUN" start="2026-08-05T16:03:26.381059" elapsed="0.000021"/>
</kw>
<kw name="Wait Until Element Is Visible" owner="SeleniumLibrary">
<arg>${ARTICLE_DESCRIPTION}</arg>
<arg>timeout=30s</arg>
<doc>Waits until the element ``locator`` is visible.</doc>
<status status="NOT RUN" start="2026-08-05T16:03:26.381160" elapsed="0.000021"/>
</kw>
<kw name="Click Element" owner="SeleniumLibrary">
<arg>${ARTICLE_DESCRIPTION}</arg>
<doc>Click the element identified by ``locator``.</doc>
<status status="NOT RUN" start="2026-08-05T16:03:26.381261" elapsed="0.000019"/>
</kw>
<kw name="Input Text" owner="SeleniumLibrary">
<arg>${ARTICLE_DESCRIPTION}</arg>
<arg>This is a testing article created using Robot Framework automation.</arg>
<doc>Types the given ``text`` into the text field identified by ``locator``.</doc>
<status status="NOT RUN" start="2026-08-05T16:03:26.381361" elapsed="0.000032"/>
</kw>
<kw name="Sleep" owner="BuiltIn">
<arg>2s</arg>
<doc>Pauses the test executed for the given time.</doc>
<status status="NOT RUN" start="2026-08-05T16:03:26.381470" elapsed="0.000020"/>
</kw>
<kw name="Capture Page Screenshot" owner="SeleniumLibrary">
<doc>Takes a screenshot of the current page and embeds it into a log file.</doc>
<status status="NOT RUN" start="2026-08-05T16:03:26.381573" elapsed="0.000020"/>
</kw>
<kw name="Wait Until Element Is Visible" owner="SeleniumLibrary">
<arg>${PUBLISH_BUTTON}</arg>
<arg>timeout=30s</arg>
<doc>Waits until the element ``locator`` is visible.</doc>
<status status="NOT RUN" start="2026-08-05T16:03:26.381668" elapsed="0.000048"/>
</kw>
<kw name="Wait Until Element Is Enabled" owner="SeleniumLibrary">
<arg>${PUBLISH_BUTTON}</arg>
<arg>timeout=30s</arg>
<doc>Waits until the element ``locator`` is enabled.</doc>
<status status="NOT RUN" start="2026-08-05T16:03:26.381798" elapsed="0.000019"/>
</kw>
<kw name="Scroll Element Into View" owner="SeleniumLibrary">
<arg>${PUBLISH_BUTTON}</arg>
<doc>Scrolls the element identified by ``locator`` into view.</doc>
<status status="NOT RUN" start="2026-08-05T16:03:26.381893" elapsed="0.000020"/>
</kw>
<kw name="Click Element" owner="SeleniumLibrary">
<arg>${PUBLISH_BUTTON}</arg>
<doc>Click the element identified by ``locator``.</doc>
<status status="NOT RUN" start="2026-08-05T16:03:26.381990" elapsed="0.000021"/>
</kw>
<kw name="Sleep" owner="BuiltIn">
<arg>5s</arg>
<doc>Pauses the test executed for the given time.</doc>
<status status="NOT RUN" start="2026-08-05T16:03:26.382082" elapsed="0.000020"/>
</kw>
<kw name="Capture Page Screenshot" owner="SeleniumLibrary">
<doc>Takes a screenshot of the current page and embeds it into a log file.</doc>
<status status="NOT RUN" start="2026-08-05T16:03:26.382178" elapsed="0.000019"/>
</kw>
<status status="FAIL" start="2026-08-05T16:03:24.743730" elapsed="1.638589">ElementClickInterceptedException: Message: element click intercepted: Element &lt;button class="shrink-0 rounded-full bg-lxgolden-200 px-6 py-2 text-sm font-semibold text-black w-20 h-9"&gt;...&lt;/button&gt; is not clickable at point (1031, 122). Other element would receive the click: &lt;div class="fixed z-10 bg-white  dark:bg-lxblack-400 rounded-2xl border border-lxgray-100 dark:border-lxblack-300 
w-[92vw] sm:w-[420px] lg:w-[672px] 
max-h-[75vh] lg:h-[429px] 
p-4 sm:p-6 shadow-md overflow-y-auto h-auto  popup-animation"&gt;...&lt;/div&gt;
  (Session info: chrome=150.0.7871.187); For documentation on this error, please visit: https://www.selenium.dev/documentation/webdriver/troubleshooting/errors#elementclickinterceptedexception
Stacktrace:
	chromedriver!GetHandleVerifier [0x7ff79a040d25+155a5]
	chromedriver!GetHandleVerifier [0x7ff79a040d80+15600]
	chromedriver!(No symbol) [0x7ff799b9594d]
	chromedriver!(No symbol) [0x7ff799bf8575]
	chromedriver!(No symbol) [0x7ff799bf6193]
	chromedriver!(No symbol) [0x7ff799bf34e7]
	chromedriver!(No symbol) [0x7ff799bf23a0]
	chromedriver!(No symbol) [0x7ff799be4d98]
	chromedriver!(No symbol) [0x7ff799c191ca]
	chromedriver!(No symbol) [0x7ff799be4616]
	chromedriver!(No symbol) [0x7ff799c3e01b]
	chromedriver!(No symbol) [0x7ff799be2e6c]
	chromedriver!(No symbol) [0x7ff799be3d93]
	chromedriver!GetHandleVerifier [0x7ff79a626431+5facb1]
	chromedriver!GetHandleVerifier [0x7ff79a620a9b+5f531b]
	chromedriver!GetHandleVerifier [0x7ff79a645865+61a0e5]
	chromedriver!GetHandleVerifier [0x7ff79a05dace+3234e]
	chromedriver!GetHandleVerifier [0x7ff79a06661c+3ae9c]
	chromedriver!GetHandleVerifier [0x7ff79a04ab74+1f3f4]
	chromedriver!GetHandleVerifier [0x7ff79a04ad04+1f584]
	chromedriver!GetHandleVerifier [0x7ff79a02d9d7+2257]
	KERNEL32!BaseThreadInitThunk [0x7ffc3015ccb7+17]
	ntdll!RtlUserThreadStart [0x7ffc319aad6c+2c]
</status>
</kw>
<kw name="Capture Page Screenshot" owner="SeleniumLibrary">
<arg>${OUTPUT DIR}/CreateArticle.png</arg>
<doc>Takes a screenshot of the current page and embeds it into a log file.</doc>
<status status="NOT RUN" start="2026-08-05T16:03:26.382657" elapsed="0.000076"/>
</kw>
<kw name="Sleep" owner="BuiltIn">
<arg>15s</arg>
<doc>Pauses the test executed for the given time.</doc>
<status status="NOT RUN" start="2026-08-05T16:03:26.382994" elapsed="0.000033"/>
</kw>
<status status="FAIL" start="2026-08-05T16:03:24.743102" elapsed="1.640238">ElementClickInterceptedException: Message: element click intercepted: Element &lt;button class="shrink-0 rounded-full bg-lxgolden-200 px-6 py-2 text-sm font-semibold text-black w-20 h-9"&gt;...&lt;/button&gt; is not clickable at point (1031, 122). Other element would receive the click: &lt;div class="fixed z-10 bg-white  dark:bg-lxblack-400 rounded-2xl border border-lxgray-100 dark:border-lxblack-300 
w-[92vw] sm:w-[420px] lg:w-[672px] 
max-h-[75vh] lg:h-[429px] 
p-4 sm:p-6 shadow-md overflow-y-auto h-auto  popup-animation"&gt;...&lt;/div&gt;
  (Session info: chrome=150.0.7871.187); For documentation on this error, please visit: https://www.selenium.dev/documentation/webdriver/troubleshooting/errors#elementclickinterceptedexception
Stacktrace:
	chromedriver!GetHandleVerifier [0x7ff79a040d25+155a5]
	chromedriver!GetHandleVerifier [0x7ff79a040d80+15600]
	chromedriver!(No symbol) [0x7ff799b9594d]
	chromedriver!(No symbol) [0x7ff799bf8575]
	chromedriver!(No symbol) [0x7ff799bf6193]
	chromedriver!(No symbol) [0x7ff799bf34e7]
	chromedriver!(No symbol) [0x7ff799bf23a0]
	chromedriver!(No symbol) [0x7ff799be4d98]
	chromedriver!(No symbol) [0x7ff799c191ca]
	chromedriver!(No symbol) [0x7ff799be4616]
	chromedriver!(No symbol) [0x7ff799c3e01b]
	chromedriver!(No symbol) [0x7ff799be2e6c]
	chromedriver!(No symbol) [0x7ff799be3d93]
	chromedriver!GetHandleVerifier [0x7ff79a626431+5facb1]
	chromedriver!GetHandleVerifier [0x7ff79a620a9b+5f531b]
	chromedriver!GetHandleVerifier [0x7ff79a645865+61a0e5]
	chromedriver!GetHandleVerifier [0x7ff79a05dace+3234e]
	chromedriver!GetHandleVerifier [0x7ff79a06661c+3ae9c]
	chromedriver!GetHandleVerifier [0x7ff79a04ab74+1f3f4]
	chromedriver!GetHandleVerifier [0x7ff79a04ad04+1f584]
	chromedriver!GetHandleVerifier [0x7ff79a02d9d7+2257]
	KERNEL32!BaseThreadInitThunk [0x7ffc3015ccb7+17]
	ntdll!RtlUserThreadStart [0x7ffc319aad6c+2c]
</status>
</test>
<test id="s1-t3" name="Create Poll" line="27">
<kw name="Create New Poll" owner="PollKeywords">
<kw name="Capture Page Screenshot" owner="SeleniumLibrary">
<msg time="2026-08-05T16:03:26.488952" level="INFO" html="true">&lt;/td&gt;&lt;/tr&gt;&lt;tr&gt;&lt;td colspan="3"&gt;&lt;a href="selenium-screenshot-30.png"&gt;&lt;img src="selenium-screenshot-30.png" width="800px"&gt;&lt;/a&gt;</msg>
<doc>Takes a screenshot of the current page and embeds it into a log file.</doc>
<status status="PASS" start="2026-08-05T16:03:26.385045" elapsed="0.104044"/>
</kw>
<kw name="Wait Until Element Is Visible" owner="SeleniumLibrary">
<arg>${POST_BUTTON}</arg>
<arg>30s</arg>
<doc>Waits until the element ``locator`` is visible.</doc>
<status status="PASS" start="2026-08-05T16:03:26.489328" elapsed="0.011426"/>
</kw>
<kw name="Click Element" owner="SeleniumLibrary">
<msg time="2026-08-05T16:03:26.501139" level="INFO">Clicking element 'xpath=//button[normalize-space()='Post']'.</msg>
<msg time="2026-08-05T16:03:27.684120" level="INFO" html="true">&lt;/td&gt;&lt;/tr&gt;&lt;tr&gt;&lt;td colspan="3"&gt;&lt;a href="selenium-screenshot-31.png"&gt;&lt;img src="selenium-screenshot-31.png" width="800px"&gt;&lt;/a&gt;</msg>
<msg time="2026-08-05T16:03:27.684315" level="FAIL">ElementClickInterceptedException: Message: element click intercepted: Element &lt;button class="shrink-0 rounded-full bg-lxgolden-200 px-6 py-2 text-sm font-semibold text-black w-20 h-9"&gt;...&lt;/button&gt; is not clickable at point (1031, 122). Other element would receive the click: &lt;div class="fixed z-10 bg-white  dark:bg-lxblack-400 rounded-2xl border border-lxgray-100 dark:border-lxblack-300 
w-[92vw] sm:w-[420px] lg:w-[672px] 
max-h-[75vh] lg:h-[429px] 
p-4 sm:p-6 shadow-md overflow-y-auto h-auto  popup-animation"&gt;...&lt;/div&gt;
  (Session info: chrome=150.0.7871.187); For documentation on this error, please visit: https://www.selenium.dev/documentation/webdriver/troubleshooting/errors#elementclickinterceptedexception
Stacktrace:
	chromedriver!GetHandleVerifier [0x7ff79a040d25+155a5]
	chromedriver!GetHandleVerifier [0x7ff79a040d80+15600]
	chromedriver!(No symbol) [0x7ff799b9594d]
	chromedriver!(No symbol) [0x7ff799bf8575]
	chromedriver!(No symbol) [0x7ff799bf6193]
	chromedriver!(No symbol) [0x7ff799bf34e7]
	chromedriver!(No symbol) [0x7ff799bf23a0]
	chromedriver!(No symbol) [0x7ff799be4d98]
	chromedriver!(No symbol) [0x7ff799c191ca]
	chromedriver!(No symbol) [0x7ff799be4616]
	chromedriver!(No symbol) [0x7ff799c3e01b]
	chromedriver!(No symbol) [0x7ff799be2e6c]
	chromedriver!(No symbol) [0x7ff799be3d93]
	chromedriver!GetHandleVerifier [0x7ff79a626431+5facb1]
	chromedriver!GetHandleVerifier [0x7ff79a620a9b+5f531b]
	chromedriver!GetHandleVerifier [0x7ff79a645865+61a0e5]
	chromedriver!GetHandleVerifier [0x7ff79a05dace+3234e]
	chromedriver!GetHandleVerifier [0x7ff79a06661c+3ae9c]
	chromedriver!GetHandleVerifier [0x7ff79a04ab74+1f3f4]
	chromedriver!GetHandleVerifier [0x7ff79a04ad04+1f584]
	chromedriver!GetHandleVerifier [0x7ff79a02d9d7+2257]
	KERNEL32!BaseThreadInitThunk [0x7ffc3015ccb7+17]
	ntdll!RtlUserThreadStart [0x7ffc319aad6c+2c]
</msg>
<arg>${POST_BUTTON}</arg>
<doc>Click the element identified by ``locator``.</doc>
<status status="FAIL" start="2026-08-05T16:03:26.500907" elapsed="1.184351">ElementClickInterceptedException: Message: element click intercepted: Element &lt;button class="shrink-0 rounded-full bg-lxgolden-200 px-6 py-2 text-sm font-semibold text-black w-20 h-9"&gt;...&lt;/button&gt; is not clickable at point (1031, 122). Other element would receive the click: &lt;div class="fixed z-10 bg-white  dark:bg-lxblack-400 rounded-2xl border border-lxgray-100 dark:border-lxblack-300 
w-[92vw] sm:w-[420px] lg:w-[672px] 
max-h-[75vh] lg:h-[429px] 
p-4 sm:p-6 shadow-md overflow-y-auto h-auto  popup-animation"&gt;...&lt;/div&gt;
  (Session info: chrome=150.0.7871.187); For documentation on this error, please visit: https://www.selenium.dev/documentation/webdriver/troubleshooting/errors#elementclickinterceptedexception
Stacktrace:
	chromedriver!GetHandleVerifier [0x7ff79a040d25+155a5]
	chromedriver!GetHandleVerifier [0x7ff79a040d80+15600]
	chromedriver!(No symbol) [0x7ff799b9594d]
	chromedriver!(No symbol) [0x7ff799bf8575]
	chromedriver!(No symbol) [0x7ff799bf6193]
	chromedriver!(No symbol) [0x7ff799bf34e7]
	chromedriver!(No symbol) [0x7ff799bf23a0]
	chromedriver!(No symbol) [0x7ff799be4d98]
	chromedriver!(No symbol) [0x7ff799c191ca]
	chromedriver!(No symbol) [0x7ff799be4616]
	chromedriver!(No symbol) [0x7ff799c3e01b]
	chromedriver!(No symbol) [0x7ff799be2e6c]
	chromedriver!(No symbol) [0x7ff799be3d93]
	chromedriver!GetHandleVerifier [0x7ff79a626431+5facb1]
	chromedriver!GetHandleVerifier [0x7ff79a620a9b+5f531b]
	chromedriver!GetHandleVerifier [0x7ff79a645865+61a0e5]
	chromedriver!GetHandleVerifier [0x7ff79a05dace+3234e]
	chromedriver!GetHandleVerifier [0x7ff79a06661c+3ae9c]
	chromedriver!GetHandleVerifier [0x7ff79a04ab74+1f3f4]
	chromedriver!GetHandleVerifier [0x7ff79a04ad04+1f584]
	chromedriver!GetHandleVerifier [0x7ff79a02d9d7+2257]
	KERNEL32!BaseThreadInitThunk [0x7ffc3015ccb7+17]
	ntdll!RtlUserThreadStart [0x7ffc319aad6c+2c]
</status>
</kw>
<kw name="Wait Until Element Is Visible" owner="SeleniumLibrary">
<arg>${CREATE_POLL}</arg>
<arg>30s</arg>
<doc>Waits until the element ``locator`` is visible.</doc>
<status status="NOT RUN" start="2026-08-05T16:03:27.685433" elapsed="0.000027"/>
</kw>
<kw name="Scroll Element Into View" owner="SeleniumLibrary">
<arg>${CREATE_POLL}</arg>
<doc>Scrolls the element identified by ``locator`` into view.</doc>
<status status="NOT RUN" start="2026-08-05T16:03:27.685575" elapsed="0.000022"/>
</kw>
<kw name="Click Element" owner="SeleniumLibrary">
<arg>${CREATE_POLL}</arg>
<doc>Click the element identified by ``locator``.</doc>
<status status="NOT RUN" start="2026-08-05T16:03:27.685677" elapsed="0.000019"/>
</kw>
<kw name="Sleep" owner="BuiltIn">
<arg>2s</arg>
<doc>Pauses the test executed for the given time.</doc>
<status status="NOT RUN" start="2026-08-05T16:03:27.685787" elapsed="0.000022"/>
</kw>
<kw name="Capture Page Screenshot" owner="SeleniumLibrary">
<doc>Takes a screenshot of the current page and embeds it into a log file.</doc>
<status status="NOT RUN" start="2026-08-05T16:03:27.685888" elapsed="0.000020"/>
</kw>
<kw name="Wait Until Element Is Visible" owner="SeleniumLibrary">
<arg>${POLL_QUESTION}</arg>
<arg>30s</arg>
<doc>Waits until the element ``locator`` is visible.</doc>
<status status="NOT RUN" start="2026-08-05T16:03:27.685982" elapsed="0.000019"/>
</kw>
<kw name="Clear Element Text" owner="SeleniumLibrary">
<arg>${POLL_QUESTION}</arg>
<doc>Clears the value of the text-input-element identified by ``locator``.</doc>
<status status="NOT RUN" start="2026-08-05T16:03:27.686075" elapsed="0.000019"/>
</kw>
<kw name="Input Text" owner="SeleniumLibrary">
<arg>${POLL_QUESTION}</arg>
<arg>What is your favorite color?</arg>
<doc>Types the given ``text`` into the text field identified by ``locator``.</doc>
<status status="NOT RUN" start="2026-08-05T16:03:27.686172" elapsed="0.000018"/>
</kw>
<kw name="Wait Until Element Is Visible" owner="SeleniumLibrary">
<arg>${CATEGORY_DROP}</arg>
<arg>20s</arg>
<doc>Waits until the element ``locator`` is visible.</doc>
<status status="NOT RUN" start="2026-08-05T16:03:27.686262" elapsed="0.000018"/>
</kw>
<kw name="Click Element" owner="SeleniumLibrary">
<arg>${CATEGORY_DROP}</arg>
<doc>Click the element identified by ``locator``.</doc>
<status status="NOT RUN" start="2026-08-05T16:03:27.686404" elapsed="0.000021"/>
</kw>
<kw name="Sleep" owner="BuiltIn">
<arg>1s</arg>
<doc>Pauses the test executed for the given time.</doc>
<status status="NOT RUN" start="2026-08-05T16:03:27.686495" elapsed="0.000019"/>
</kw>
<kw name="Wait Until Element Is Visible" owner="SeleniumLibrary">
<arg>${CATEGORY_SELECT}</arg>
<arg>20s</arg>
<doc>Waits until the element ``locator`` is visible.</doc>
<status status="NOT RUN" start="2026-08-05T16:03:27.686591" elapsed="0.000019"/>
</kw>
<kw name="Click Element" owner="SeleniumLibrary">
<arg>${CATEGORY_SELECT}</arg>
<doc>Click the element identified by ``locator``.</doc>
<status status="NOT RUN" start="2026-08-05T16:03:27.686778" elapsed="0.000027"/>
</kw>
<kw name="Wait Until Element Is Visible" owner="SeleniumLibrary">
<arg>${OPTION_ONE}</arg>
<arg>20s</arg>
<doc>Waits until the element ``locator`` is visible.</doc>
<status status="NOT RUN" start="2026-08-05T16:03:27.686912" elapsed="0.000021"/>
</kw>
<kw name="Input Text" owner="SeleniumLibrary">
<arg>${OPTION_ONE}</arg>
<arg>Red</arg>
<doc>Types the given ``text`` into the text field identified by ``locator``.</doc>
<status status="NOT RUN" start="2026-08-05T16:03:27.687007" elapsed="0.000019"/>
</kw>
<kw name="Wait Until Element Is Visible" owner="SeleniumLibrary">
<arg>${OPTION_TWO}</arg>
<arg>20s</arg>
<doc>Waits until the element ``locator`` is visible.</doc>
<status status="NOT RUN" start="2026-08-05T16:03:27.687109" elapsed="0.000019"/>
</kw>
<kw name="Input Text" owner="SeleniumLibrary">
<arg>${OPTION_TWO}</arg>
<arg>Black</arg>
<doc>Types the given ``text`` into the text field identified by ``locator``.</doc>
<status status="NOT RUN" start="2026-08-05T16:03:27.687200" elapsed="0.000018"/>
</kw>
<kw name="Capture Page Screenshot" owner="SeleniumLibrary">
<doc>Takes a screenshot of the current page and embeds it into a log file.</doc>
<status status="NOT RUN" start="2026-08-05T16:03:27.687295" elapsed="0.000018"/>
</kw>
<kw name="Wait Until Element Is Visible" owner="SeleniumLibrary">
<arg>${SAVE_BUTTON}</arg>
<arg>30s</arg>
<doc>Waits until the element ``locator`` is visible.</doc>
<status status="NOT RUN" start="2026-08-05T16:03:27.687387" elapsed="0.000019"/>
</kw>
<kw name="Scroll Element Into View" owner="SeleniumLibrary">
<arg>${SAVE_BUTTON}</arg>
<doc>Scrolls the element identified by ``locator`` into view.</doc>
<status status="NOT RUN" start="2026-08-05T16:03:27.687478" elapsed="0.000019"/>
</kw>
<kw name="Click Element" owner="SeleniumLibrary">
<arg>${SAVE_BUTTON}</arg>
<doc>Click the element identified by ``locator``.</doc>
<status status="NOT RUN" start="2026-08-05T16:03:27.687567" elapsed="0.000018"/>
</kw>
<kw name="Sleep" owner="BuiltIn">
<arg>3s</arg>
<doc>Pauses the test executed for the given time.</doc>
<status status="NOT RUN" start="2026-08-05T16:03:27.687657" elapsed="0.000019"/>
</kw>
<kw name="Capture Page Screenshot" owner="SeleniumLibrary">
<doc>Takes a screenshot of the current page and embeds it into a log file.</doc>
<status status="NOT RUN" start="2026-08-05T16:03:27.687749" elapsed="0.000018"/>
</kw>
<status status="FAIL" start="2026-08-05T16:03:26.384783" elapsed="1.303110">ElementClickInterceptedException: Message: element click intercepted: Element &lt;button class="shrink-0 rounded-full bg-lxgolden-200 px-6 py-2 text-sm font-semibold text-black w-20 h-9"&gt;...&lt;/button&gt; is not clickable at point (1031, 122). Other element would receive the click: &lt;div class="fixed z-10 bg-white  dark:bg-lxblack-400 rounded-2xl border border-lxgray-100 dark:border-lxblack-300 
w-[92vw] sm:w-[420px] lg:w-[672px] 
max-h-[75vh] lg:h-[429px] 
p-4 sm:p-6 shadow-md overflow-y-auto h-auto  popup-animation"&gt;...&lt;/div&gt;
  (Session info: chrome=150.0.7871.187); For documentation on this error, please visit: https://www.selenium.dev/documentation/webdriver/troubleshooting/errors#elementclickinterceptedexception
Stacktrace:
	chromedriver!GetHandleVerifier [0x7ff79a040d25+155a5]
	chromedriver!GetHandleVerifier [0x7ff79a040d80+15600]
	chromedriver!(No symbol) [0x7ff799b9594d]
	chromedriver!(No symbol) [0x7ff799bf8575]
	chromedriver!(No symbol) [0x7ff799bf6193]
	chromedriver!(No symbol) [0x7ff799bf34e7]
	chromedriver!(No symbol) [0x7ff799bf23a0]
	chromedriver!(No symbol) [0x7ff799be4d98]
	chromedriver!(No symbol) [0x7ff799c191ca]
	chromedriver!(No symbol) [0x7ff799be4616]
	chromedriver!(No symbol) [0x7ff799c3e01b]
	chromedriver!(No symbol) [0x7ff799be2e6c]
	chromedriver!(No symbol) [0x7ff799be3d93]
	chromedriver!GetHandleVerifier [0x7ff79a626431+5facb1]
	chromedriver!GetHandleVerifier [0x7ff79a620a9b+5f531b]
	chromedriver!GetHandleVerifier [0x7ff79a645865+61a0e5]
	chromedriver!GetHandleVerifier [0x7ff79a05dace+3234e]
	chromedriver!GetHandleVerifier [0x7ff79a06661c+3ae9c]
	chromedriver!GetHandleVerifier [0x7ff79a04ab74+1f3f4]
	chromedriver!GetHandleVerifier [0x7ff79a04ad04+1f584]
	chromedriver!GetHandleVerifier [0x7ff79a02d9d7+2257]
	KERNEL32!BaseThreadInitThunk [0x7ffc3015ccb7+17]
	ntdll!RtlUserThreadStart [0x7ffc319aad6c+2c]
</status>
</kw>
<kw name="Capture Page Screenshot" owner="SeleniumLibrary">
<arg>${OUTPUT DIR}/CreatePoll.png</arg>
<doc>Takes a screenshot of the current page and embeds it into a log file.</doc>
<status status="NOT RUN" start="2026-08-05T16:03:27.688206" elapsed="0.000032"/>
</kw>
<kw name="Sleep" owner="BuiltIn">
<arg>15s</arg>
<doc>Pauses the test executed for the given time.</doc>
<status status="NOT RUN" start="2026-08-05T16:03:27.688424" elapsed="0.000022"/>
</kw>
<status status="FAIL" start="2026-08-05T16:03:26.384215" elapsed="1.304416">ElementClickInterceptedException: Message: element click intercepted: Element &lt;button class="shrink-0 rounded-full bg-lxgolden-200 px-6 py-2 text-sm font-semibold text-black w-20 h-9"&gt;...&lt;/button&gt; is not clickable at point (1031, 122). Other element would receive the click: &lt;div class="fixed z-10 bg-white  dark:bg-lxblack-400 rounded-2xl border border-lxgray-100 dark:border-lxblack-300 
w-[92vw] sm:w-[420px] lg:w-[672px] 
max-h-[75vh] lg:h-[429px] 
p-4 sm:p-6 shadow-md overflow-y-auto h-auto  popup-animation"&gt;...&lt;/div&gt;
  (Session info: chrome=150.0.7871.187); For documentation on this error, please visit: https://www.selenium.dev/documentation/webdriver/troubleshooting/errors#elementclickinterceptedexception
Stacktrace:
	chromedriver!GetHandleVerifier [0x7ff79a040d25+155a5]
	chromedriver!GetHandleVerifier [0x7ff79a040d80+15600]
	chromedriver!(No symbol) [0x7ff799b9594d]
	chromedriver!(No symbol) [0x7ff799bf8575]
	chromedriver!(No symbol) [0x7ff799bf6193]
	chromedriver!(No symbol) [0x7ff799bf34e7]
	chromedriver!(No symbol) [0x7ff799bf23a0]
	chromedriver!(No symbol) [0x7ff799be4d98]
	chromedriver!(No symbol) [0x7ff799c191ca]
	chromedriver!(No symbol) [0x7ff799be4616]
	chromedriver!(No symbol) [0x7ff799c3e01b]
	chromedriver!(No symbol) [0x7ff799be2e6c]
	chromedriver!(No symbol) [0x7ff799be3d93]
	chromedriver!GetHandleVerifier [0x7ff79a626431+5facb1]
	chromedriver!GetHandleVerifier [0x7ff79a620a9b+5f531b]
	chromedriver!GetHandleVerifier [0x7ff79a645865+61a0e5]
	chromedriver!GetHandleVerifier [0x7ff79a05dace+3234e]
	chromedriver!GetHandleVerifier [0x7ff79a06661c+3ae9c]
	chromedriver!GetHandleVerifier [0x7ff79a04ab74+1f3f4]
	chromedriver!GetHandleVerifier [0x7ff79a04ad04+1f584]
	chromedriver!GetHandleVerifier [0x7ff79a02d9d7+2257]
	KERNEL32!BaseThreadInitThunk [0x7ffc3015ccb7+17]
	ntdll!RtlUserThreadStart [0x7ffc319aad6c+2c]
</status>
</test>
<test id="s1-t4" name="Create Query" line="32">
<kw name="Create New Query" owner="QueryKeywords">
<kw name="Capture Page Screenshot" owner="SeleniumLibrary">
<msg time="2026-08-05T16:03:27.786106" level="INFO" html="true">&lt;/td&gt;&lt;/tr&gt;&lt;tr&gt;&lt;td colspan="3"&gt;&lt;a href="selenium-screenshot-32.png"&gt;&lt;img src="selenium-screenshot-32.png" width="800px"&gt;&lt;/a&gt;</msg>
<doc>Takes a screenshot of the current page and embeds it into a log file.</doc>
<status status="PASS" start="2026-08-05T16:03:27.689827" elapsed="0.096503"/>
</kw>
<kw name="Wait Until Element Is Visible" owner="SeleniumLibrary">
<arg>${POST_BUTTON}</arg>
<arg>30s</arg>
<doc>Waits until the element ``locator`` is visible.</doc>
<status status="PASS" start="2026-08-05T16:03:27.786625" elapsed="0.011202"/>
</kw>
<kw name="Scroll Element Into View" owner="SeleniumLibrary">
<arg>${POST_BUTTON}</arg>
<doc>Scrolls the element identified by ``locator`` into view.</doc>
<status status="PASS" start="2026-08-05T16:03:27.797985" elapsed="0.277804"/>
</kw>
<kw name="Click Element" owner="SeleniumLibrary">
<msg time="2026-08-05T16:03:28.077164" level="INFO">Clicking element 'xpath=//button[normalize-space()='Post']'.</msg>
<msg time="2026-08-05T16:03:29.258179" level="INFO" html="true">&lt;/td&gt;&lt;/tr&gt;&lt;tr&gt;&lt;td colspan="3"&gt;&lt;a href="selenium-screenshot-33.png"&gt;&lt;img src="selenium-screenshot-33.png" width="800px"&gt;&lt;/a&gt;</msg>
<msg time="2026-08-05T16:03:29.258421" level="FAIL">ElementClickInterceptedException: Message: element click intercepted: Element &lt;button class="shrink-0 rounded-full bg-lxgolden-200 px-6 py-2 text-sm font-semibold text-black w-20 h-9"&gt;...&lt;/button&gt; is not clickable at point (1031, 122). Other element would receive the click: &lt;div class="fixed z-10 bg-white  dark:bg-lxblack-400 rounded-2xl border border-lxgray-100 dark:border-lxblack-300 
w-[92vw] sm:w-[420px] lg:w-[672px] 
max-h-[75vh] lg:h-[429px] 
p-4 sm:p-6 shadow-md overflow-y-auto h-auto  popup-animation"&gt;...&lt;/div&gt;
  (Session info: chrome=150.0.7871.187); For documentation on this error, please visit: https://www.selenium.dev/documentation/webdriver/troubleshooting/errors#elementclickinterceptedexception
Stacktrace:
	chromedriver!GetHandleVerifier [0x7ff79a040d25+155a5]
	chromedriver!GetHandleVerifier [0x7ff79a040d80+15600]
	chromedriver!(No symbol) [0x7ff799b9594d]
	chromedriver!(No symbol) [0x7ff799bf8575]
	chromedriver!(No symbol) [0x7ff799bf6193]
	chromedriver!(No symbol) [0x7ff799bf34e7]
	chromedriver!(No symbol) [0x7ff799bf23a0]
	chromedriver!(No symbol) [0x7ff799be4d98]
	chromedriver!(No symbol) [0x7ff799c191ca]
	chromedriver!(No symbol) [0x7ff799be4616]
	chromedriver!(No symbol) [0x7ff799c3e01b]
	chromedriver!(No symbol) [0x7ff799be2e6c]
	chromedriver!(No symbol) [0x7ff799be3d93]
	chromedriver!GetHandleVerifier [0x7ff79a626431+5facb1]
	chromedriver!GetHandleVerifier [0x7ff79a620a9b+5f531b]
	chromedriver!GetHandleVerifier [0x7ff79a645865+61a0e5]
	chromedriver!GetHandleVerifier [0x7ff79a05dace+3234e]
	chromedriver!GetHandleVerifier [0x7ff79a06661c+3ae9c]
	chromedriver!GetHandleVerifier [0x7ff79a04ab74+1f3f4]
	chromedriver!GetHandleVerifier [0x7ff79a04ad04+1f584]
	chromedriver!GetHandleVerifier [0x7ff79a02d9d7+2257]
	KERNEL32!BaseThreadInitThunk [0x7ffc3015ccb7+17]
	ntdll!RtlUserThreadStart [0x7ffc319aad6c+2c]
</msg>
<arg>${POST_BUTTON}</arg>
<doc>Click the element identified by ``locator``.</doc>
<status status="FAIL" start="2026-08-05T16:03:28.076578" elapsed="1.183467">ElementClickInterceptedException: Message: element click intercepted: Element &lt;button class="shrink-0 rounded-full bg-lxgolden-200 px-6 py-2 text-sm font-semibold text-black w-20 h-9"&gt;...&lt;/button&gt; is not clickable at point (1031, 122). Other element would receive the click: &lt;div class="fixed z-10 bg-white  dark:bg-lxblack-400 rounded-2xl border border-lxgray-100 dark:border-lxblack-300 
w-[92vw] sm:w-[420px] lg:w-[672px] 
max-h-[75vh] lg:h-[429px] 
p-4 sm:p-6 shadow-md overflow-y-auto h-auto  popup-animation"&gt;...&lt;/div&gt;
  (Session info: chrome=150.0.7871.187); For documentation on this error, please visit: https://www.selenium.dev/documentation/webdriver/troubleshooting/errors#elementclickinterceptedexception
Stacktrace:
	chromedriver!GetHandleVerifier [0x7ff79a040d25+155a5]
	chromedriver!GetHandleVerifier [0x7ff79a040d80+15600]
	chromedriver!(No symbol) [0x7ff799b9594d]
	chromedriver!(No symbol) [0x7ff799bf8575]
	chromedriver!(No symbol) [0x7ff799bf6193]
	chromedriver!(No symbol) [0x7ff799bf34e7]
	chromedriver!(No symbol) [0x7ff799bf23a0]
	chromedriver!(No symbol) [0x7ff799be4d98]
	chromedriver!(No symbol) [0x7ff799c191ca]
	chromedriver!(No symbol) [0x7ff799be4616]
	chromedriver!(No symbol) [0x7ff799c3e01b]
	chromedriver!(No symbol) [0x7ff799be2e6c]
	chromedriver!(No symbol) [0x7ff799be3d93]
	chromedriver!GetHandleVerifier [0x7ff79a626431+5facb1]
	chromedriver!GetHandleVerifier [0x7ff79a620a9b+5f531b]
	chromedriver!GetHandleVerifier [0x7ff79a645865+61a0e5]
	chromedriver!GetHandleVerifier [0x7ff79a05dace+3234e]
	chromedriver!GetHandleVerifier [0x7ff79a06661c+3ae9c]
	chromedriver!GetHandleVerifier [0x7ff79a04ab74+1f3f4]
	chromedriver!GetHandleVerifier [0x7ff79a04ad04+1f584]
	chromedriver!GetHandleVerifier [0x7ff79a02d9d7+2257]
	KERNEL32!BaseThreadInitThunk [0x7ffc3015ccb7+17]
	ntdll!RtlUserThreadStart [0x7ffc319aad6c+2c]
</status>
</kw>
<kw name="Sleep" owner="BuiltIn">
<arg>2s</arg>
<doc>Pauses the test executed for the given time.</doc>
<status status="NOT RUN" start="2026-08-05T16:03:29.260353" elapsed="0.000064"/>
</kw>
<kw name="Wait Until Element Is Visible" owner="SeleniumLibrary">
<arg>${CREATE_QUERY}</arg>
<arg>30s</arg>
<doc>Waits until the element ``locator`` is visible.</doc>
<status status="NOT RUN" start="2026-08-05T16:03:29.260621" elapsed="0.000042"/>
</kw>
<kw name="Scroll Element Into View" owner="SeleniumLibrary">
<arg>${CREATE_QUERY}</arg>
<doc>Scrolls the element identified by ``locator`` into view.</doc>
<status status="NOT RUN" start="2026-08-05T16:03:29.260828" elapsed="0.000061"/>
</kw>
<kw name="Click Element" owner="SeleniumLibrary">
<arg>${CREATE_QUERY}</arg>
<doc>Click the element identified by ``locator``.</doc>
<status status="NOT RUN" start="2026-08-05T16:03:29.261033" elapsed="0.000030"/>
</kw>
<kw name="Wait Until Page Contains" owner="SeleniumLibrary">
<arg>Create a Query</arg>
<arg>timeout=30s</arg>
<doc>Waits until ``text`` appears on the current page.</doc>
<status status="NOT RUN" start="2026-08-05T16:03:29.261166" elapsed="0.000028"/>
</kw>
<kw name="Capture Page Screenshot" owner="SeleniumLibrary">
<doc>Takes a screenshot of the current page and embeds it into a log file.</doc>
<status status="NOT RUN" start="2026-08-05T16:03:29.261338" elapsed="0.000091"/>
</kw>
<kw name="Wait Until Element Is Visible" owner="SeleniumLibrary">
<arg>${CATEGORY_DROPDOWN}</arg>
<arg>30s</arg>
<doc>Waits until the element ``locator`` is visible.</doc>
<status status="NOT RUN" start="2026-08-05T16:03:29.261609" elapsed="0.000036"/>
</kw>
<kw name="Click Element" owner="SeleniumLibrary">
<arg>${CATEGORY_DROPDOWN}</arg>
<doc>Click the element identified by ``locator``.</doc>
<status status="NOT RUN" start="2026-08-05T16:03:29.261765" elapsed="0.000029"/>
</kw>
<kw name="Sleep" owner="BuiltIn">
<arg>2s</arg>
<doc>Pauses the test executed for the given time.</doc>
<status status="NOT RUN" start="2026-08-05T16:03:29.261903" elapsed="0.000030"/>
</kw>
<kw name="Wait Until Element Is Visible" owner="SeleniumLibrary">
<arg>${CATEGORY_OPTION}</arg>
<arg>30s</arg>
<doc>Waits until the element ``locator`` is visible.</doc>
<status status="NOT RUN" start="2026-08-05T16:03:29.262040" elapsed="0.000028"/>
</kw>
<kw name="Click Element" owner="SeleniumLibrary">
<arg>${CATEGORY_OPTION}</arg>
<doc>Click the element identified by ``locator``.</doc>
<status status="NOT RUN" start="2026-08-05T16:03:29.262197" elapsed="0.000028"/>
</kw>
<kw name="Wait Until Element Is Visible" owner="SeleniumLibrary">
<arg>${QUERY_QUESTION}</arg>
<arg>30s</arg>
<doc>Waits until the element ``locator`` is visible.</doc>
<status status="NOT RUN" start="2026-08-05T16:03:29.262397" elapsed="0.000045"/>
</kw>
<kw name="Click Element" owner="SeleniumLibrary">
<arg>${QUERY_QUESTION}</arg>
<doc>Click the element identified by ``locator``.</doc>
<status status="NOT RUN" start="2026-08-05T16:03:29.262689" elapsed="0.000040"/>
</kw>
<kw name="Input Text" owner="SeleniumLibrary">
<arg>${QUERY_QUESTION}</arg>
<arg>What is your Name?</arg>
<doc>Types the given ``text`` into the text field identified by ``locator``.</doc>
<status status="NOT RUN" start="2026-08-05T16:03:29.262904" elapsed="0.000049"/>
</kw>
<kw name="Wait Until Element Is Visible" owner="SeleniumLibrary">
<arg>${QUERY_DESCRIPTION}</arg>
<arg>30s</arg>
<doc>Waits until the element ``locator`` is visible.</doc>
<status status="NOT RUN" start="2026-08-05T16:03:29.263042" elapsed="0.000017"/>
</kw>
<kw name="Click Element" owner="SeleniumLibrary">
<arg>${QUERY_DESCRIPTION}</arg>
<doc>Click the element identified by ``locator``.</doc>
<status status="NOT RUN" start="2026-08-05T16:03:29.263121" elapsed="0.000015"/>
</kw>
<kw name="Input Text" owner="SeleniumLibrary">
<arg>${QUERY_DESCRIPTION}</arg>
<arg>This is a test query created using Robot Framework.</arg>
<doc>Types the given ``text`` into the text field identified by ``locator``.</doc>
<status status="NOT RUN" start="2026-08-05T16:03:29.263273" elapsed="0.000017"/>
</kw>
<kw name="Wait Until Element Is Visible" owner="SeleniumLibrary">
<arg>${SAVE_QUERY}</arg>
<arg>30s</arg>
<doc>Waits until the element ``locator`` is visible.</doc>
<status status="NOT RUN" start="2026-08-05T16:03:29.263352" elapsed="0.000014"/>
</kw>
<kw name="Scroll Element Into View" owner="SeleniumLibrary">
<arg>${SAVE_QUERY}</arg>
<doc>Scrolls the element identified by ``locator`` into view.</doc>
<status status="NOT RUN" start="2026-08-05T16:03:29.263425" elapsed="0.000016"/>
</kw>
<kw name="Click Element" owner="SeleniumLibrary">
<arg>${SAVE_QUERY}</arg>
<doc>Click the element identified by ``locator``.</doc>
<status status="NOT RUN" start="2026-08-05T16:03:29.263498" elapsed="0.000015"/>
</kw>
<kw name="Sleep" owner="BuiltIn">
<arg>5s</arg>
<doc>Pauses the test executed for the given time.</doc>
<status status="NOT RUN" start="2026-08-05T16:03:29.263575" elapsed="0.000017"/>
</kw>
<kw name="Capture Page Screenshot" owner="SeleniumLibrary">
<doc>Takes a screenshot of the current page and embeds it into a log file.</doc>
<status status="NOT RUN" start="2026-08-05T16:03:29.263663" elapsed="0.000017"/>
</kw>
<status status="FAIL" start="2026-08-05T16:03:27.689600" elapsed="1.574220">ElementClickInterceptedException: Message: element click intercepted: Element &lt;button class="shrink-0 rounded-full bg-lxgolden-200 px-6 py-2 text-sm font-semibold text-black w-20 h-9"&gt;...&lt;/button&gt; is not clickable at point (1031, 122). Other element would receive the click: &lt;div class="fixed z-10 bg-white  dark:bg-lxblack-400 rounded-2xl border border-lxgray-100 dark:border-lxblack-300 
w-[92vw] sm:w-[420px] lg:w-[672px] 
max-h-[75vh] lg:h-[429px] 
p-4 sm:p-6 shadow-md overflow-y-auto h-auto  popup-animation"&gt;...&lt;/div&gt;
  (Session info: chrome=150.0.7871.187); For documentation on this error, please visit: https://www.selenium.dev/documentation/webdriver/troubleshooting/errors#elementclickinterceptedexception
Stacktrace:
	chromedriver!GetHandleVerifier [0x7ff79a040d25+155a5]
	chromedriver!GetHandleVerifier [0x7ff79a040d80+15600]
	chromedriver!(No symbol) [0x7ff799b9594d]
	chromedriver!(No symbol) [0x7ff799bf8575]
	chromedriver!(No symbol) [0x7ff799bf6193]
	chromedriver!(No symbol) [0x7ff799bf34e7]
	chromedriver!(No symbol) [0x7ff799bf23a0]
	chromedriver!(No symbol) [0x7ff799be4d98]
	chromedriver!(No symbol) [0x7ff799c191ca]
	chromedriver!(No symbol) [0x7ff799be4616]
	chromedriver!(No symbol) [0x7ff799c3e01b]
	chromedriver!(No symbol) [0x7ff799be2e6c]
	chromedriver!(No symbol) [0x7ff799be3d93]
	chromedriver!GetHandleVerifier [0x7ff79a626431+5facb1]
	chromedriver!GetHandleVerifier [0x7ff79a620a9b+5f531b]
	chromedriver!GetHandleVerifier [0x7ff79a645865+61a0e5]
	chromedriver!GetHandleVerifier [0x7ff79a05dace+3234e]
	chromedriver!GetHandleVerifier [0x7ff79a06661c+3ae9c]
	chromedriver!GetHandleVerifier [0x7ff79a04ab74+1f3f4]
	chromedriver!GetHandleVerifier [0x7ff79a04ad04+1f584]
	chromedriver!GetHandleVerifier [0x7ff79a02d9d7+2257]
	KERNEL32!BaseThreadInitThunk [0x7ffc3015ccb7+17]
	ntdll!RtlUserThreadStart [0x7ffc319aad6c+2c]
</status>
</kw>
<kw name="Capture Page Screenshot" owner="SeleniumLibrary">
<arg>${OUTPUT DIR}/CreateQuery.png</arg>
<doc>Takes a screenshot of the current page and embeds it into a log file.</doc>
<status status="NOT RUN" start="2026-08-05T16:03:29.264157" elapsed="0.000030"/>
</kw>
<kw name="Sleep" owner="BuiltIn">
<arg>15s</arg>
<doc>Pauses the test executed for the given time.</doc>
<status status="NOT RUN" start="2026-08-05T16:03:29.264411" elapsed="0.000038"/>
</kw>
<status status="FAIL" start="2026-08-05T16:03:27.689038" elapsed="1.575661">ElementClickInterceptedException: Message: element click intercepted: Element &lt;button class="shrink-0 rounded-full bg-lxgolden-200 px-6 py-2 text-sm font-semibold text-black w-20 h-9"&gt;...&lt;/button&gt; is not clickable at point (1031, 122). Other element would receive the click: &lt;div class="fixed z-10 bg-white  dark:bg-lxblack-400 rounded-2xl border border-lxgray-100 dark:border-lxblack-300 
w-[92vw] sm:w-[420px] lg:w-[672px] 
max-h-[75vh] lg:h-[429px] 
p-4 sm:p-6 shadow-md overflow-y-auto h-auto  popup-animation"&gt;...&lt;/div&gt;
  (Session info: chrome=150.0.7871.187); For documentation on this error, please visit: https://www.selenium.dev/documentation/webdriver/troubleshooting/errors#elementclickinterceptedexception
Stacktrace:
	chromedriver!GetHandleVerifier [0x7ff79a040d25+155a5]
	chromedriver!GetHandleVerifier [0x7ff79a040d80+15600]
	chromedriver!(No symbol) [0x7ff799b9594d]
	chromedriver!(No symbol) [0x7ff799bf8575]
	chromedriver!(No symbol) [0x7ff799bf6193]
	chromedriver!(No symbol) [0x7ff799bf34e7]
	chromedriver!(No symbol) [0x7ff799bf23a0]
	chromedriver!(No symbol) [0x7ff799be4d98]
	chromedriver!(No symbol) [0x7ff799c191ca]
	chromedriver!(No symbol) [0x7ff799be4616]
	chromedriver!(No symbol) [0x7ff799c3e01b]
	chromedriver!(No symbol) [0x7ff799be2e6c]
	chromedriver!(No symbol) [0x7ff799be3d93]
	chromedriver!GetHandleVerifier [0x7ff79a626431+5facb1]
	chromedriver!GetHandleVerifier [0x7ff79a620a9b+5f531b]
	chromedriver!GetHandleVerifier [0x7ff79a645865+61a0e5]
	chromedriver!GetHandleVerifier [0x7ff79a05dace+3234e]
	chromedriver!GetHandleVerifier [0x7ff79a06661c+3ae9c]
	chromedriver!GetHandleVerifier [0x7ff79a04ab74+1f3f4]
	chromedriver!GetHandleVerifier [0x7ff79a04ad04+1f584]
	chromedriver!GetHandleVerifier [0x7ff79a02d9d7+2257]
	KERNEL32!BaseThreadInitThunk [0x7ffc3015ccb7+17]
	ntdll!RtlUserThreadStart [0x7ffc319aad6c+2c]
</status>
</test>
<test id="s1-t5" name="Create Survey" line="37">
<kw name="Create New Survey" owner="SurveyKeywords">
<kw name="Capture Page Screenshot" owner="SeleniumLibrary">
<msg time="2026-08-05T16:03:29.363920" level="INFO" html="true">&lt;/td&gt;&lt;/tr&gt;&lt;tr&gt;&lt;td colspan="3"&gt;&lt;a href="selenium-screenshot-34.png"&gt;&lt;img src="selenium-screenshot-34.png" width="800px"&gt;&lt;/a&gt;</msg>
<doc>Takes a screenshot of the current page and embeds it into a log file.</doc>
<status status="PASS" start="2026-08-05T16:03:29.266146" elapsed="0.097916"/>
</kw>
<kw name="Wait Until Element Is Visible" owner="SeleniumLibrary">
<arg>${POST_BUTTON}</arg>
<arg>30s</arg>
<doc>Waits until the element ``locator`` is visible.</doc>
<status status="PASS" start="2026-08-05T16:03:29.364273" elapsed="0.028084"/>
</kw>
<kw name="Wait Until Element Is Enabled" owner="SeleniumLibrary">
<arg>${POST_BUTTON}</arg>
<arg>30s</arg>
<doc>Waits until the element ``locator`` is enabled.</doc>
<status status="PASS" start="2026-08-05T16:03:29.392583" elapsed="0.018020"/>
</kw>
<kw name="Click Element" owner="SeleniumLibrary">
<msg time="2026-08-05T16:03:29.411471" level="INFO">Clicking element 'xpath=//button[normalize-space()='Post']'.</msg>
<msg time="2026-08-05T16:03:30.544258" level="INFO" html="true">&lt;/td&gt;&lt;/tr&gt;&lt;tr&gt;&lt;td colspan="3"&gt;&lt;a href="selenium-screenshot-35.png"&gt;&lt;img src="selenium-screenshot-35.png" width="800px"&gt;&lt;/a&gt;</msg>
<msg time="2026-08-05T16:03:30.544452" level="FAIL">ElementClickInterceptedException: Message: element click intercepted: Element &lt;button class="shrink-0 rounded-full bg-lxgolden-200 px-6 py-2 text-sm font-semibold text-black w-20 h-9"&gt;...&lt;/button&gt; is not clickable at point (1031, 122). Other element would receive the click: &lt;div class="fixed z-10 bg-white  dark:bg-lxblack-400 rounded-2xl border border-lxgray-100 dark:border-lxblack-300 
w-[92vw] sm:w-[420px] lg:w-[672px] 
max-h-[75vh] lg:h-[429px] 
p-4 sm:p-6 shadow-md overflow-y-auto h-auto  popup-animation"&gt;...&lt;/div&gt;
  (Session info: chrome=150.0.7871.187); For documentation on this error, please visit: https://www.selenium.dev/documentation/webdriver/troubleshooting/errors#elementclickinterceptedexception
Stacktrace:
	chromedriver!GetHandleVerifier [0x7ff79a040d25+155a5]
	chromedriver!GetHandleVerifier [0x7ff79a040d80+15600]
	chromedriver!(No symbol) [0x7ff799b9594d]
	chromedriver!(No symbol) [0x7ff799bf8575]
	chromedriver!(No symbol) [0x7ff799bf6193]
	chromedriver!(No symbol) [0x7ff799bf34e7]
	chromedriver!(No symbol) [0x7ff799bf23a0]
	chromedriver!(No symbol) [0x7ff799be4d98]
	chromedriver!(No symbol) [0x7ff799c191ca]
	chromedriver!(No symbol) [0x7ff799be4616]
	chromedriver!(No symbol) [0x7ff799c3e01b]
	chromedriver!(No symbol) [0x7ff799be2e6c]
	chromedriver!(No symbol) [0x7ff799be3d93]
	chromedriver!GetHandleVerifier [0x7ff79a626431+5facb1]
	chromedriver!GetHandleVerifier [0x7ff79a620a9b+5f531b]
	chromedriver!GetHandleVerifier [0x7ff79a645865+61a0e5]
	chromedriver!GetHandleVerifier [0x7ff79a05dace+3234e]
	chromedriver!GetHandleVerifier [0x7ff79a06661c+3ae9c]
	chromedriver!GetHandleVerifier [0x7ff79a04ab74+1f3f4]
	chromedriver!GetHandleVerifier [0x7ff79a04ad04+1f584]
	chromedriver!GetHandleVerifier [0x7ff79a02d9d7+2257]
	KERNEL32!BaseThreadInitThunk [0x7ffc3015ccb7+17]
	ntdll!RtlUserThreadStart [0x7ffc319aad6c+2c]
</msg>
<arg>${POST_BUTTON}</arg>
<doc>Click the element identified by ``locator``.</doc>
<status status="FAIL" start="2026-08-05T16:03:29.410868" elapsed="1.135944">ElementClickInterceptedException: Message: element click intercepted: Element &lt;button class="shrink-0 rounded-full bg-lxgolden-200 px-6 py-2 text-sm font-semibold text-black w-20 h-9"&gt;...&lt;/button&gt; is not clickable at point (1031, 122). Other element would receive the click: &lt;div class="fixed z-10 bg-white  dark:bg-lxblack-400 rounded-2xl border border-lxgray-100 dark:border-lxblack-300 
w-[92vw] sm:w-[420px] lg:w-[672px] 
max-h-[75vh] lg:h-[429px] 
p-4 sm:p-6 shadow-md overflow-y-auto h-auto  popup-animation"&gt;...&lt;/div&gt;
  (Session info: chrome=150.0.7871.187); For documentation on this error, please visit: https://www.selenium.dev/documentation/webdriver/troubleshooting/errors#elementclickinterceptedexception
Stacktrace:
	chromedriver!GetHandleVerifier [0x7ff79a040d25+155a5]
	chromedriver!GetHandleVerifier [0x7ff79a040d80+15600]
	chromedriver!(No symbol) [0x7ff799b9594d]
	chromedriver!(No symbol) [0x7ff799bf8575]
	chromedriver!(No symbol) [0x7ff799bf6193]
	chromedriver!(No symbol) [0x7ff799bf34e7]
	chromedriver!(No symbol) [0x7ff799bf23a0]
	chromedriver!(No symbol) [0x7ff799be4d98]
	chromedriver!(No symbol) [0x7ff799c191ca]
	chromedriver!(No symbol) [0x7ff799be4616]
	chromedriver!(No symbol) [0x7ff799c3e01b]
	chromedriver!(No symbol) [0x7ff799be2e6c]
	chromedriver!(No symbol) [0x7ff799be3d93]
	chromedriver!GetHandleVerifier [0x7ff79a626431+5facb1]
	chromedriver!GetHandleVerifier [0x7ff79a620a9b+5f531b]
	chromedriver!GetHandleVerifier [0x7ff79a645865+61a0e5]
	chromedriver!GetHandleVerifier [0x7ff79a05dace+3234e]
	chromedriver!GetHandleVerifier [0x7ff79a06661c+3ae9c]
	chromedriver!GetHandleVerifier [0x7ff79a04ab74+1f3f4]
	chromedriver!GetHandleVerifier [0x7ff79a04ad04+1f584]
	chromedriver!GetHandleVerifier [0x7ff79a02d9d7+2257]
	KERNEL32!BaseThreadInitThunk [0x7ffc3015ccb7+17]
	ntdll!RtlUserThreadStart [0x7ffc319aad6c+2c]
</status>
</kw>
<kw name="Sleep" owner="BuiltIn">
<arg>2s</arg>
<doc>Pauses the test executed for the given time.</doc>
<status status="NOT RUN" start="2026-08-05T16:03:30.547260" elapsed="0.000073"/>
</kw>
<kw name="Wait Until Element Is Visible" owner="SeleniumLibrary">
<arg>${SURVEY_OPTION}</arg>
<arg>30s</arg>
<doc>Waits until the element ``locator`` is visible.</doc>
<status status="NOT RUN" start="2026-08-05T16:03:30.547564" elapsed="0.000055"/>
</kw>
<kw name="Scroll Element Into View" owner="SeleniumLibrary">
<arg>${SURVEY_OPTION}</arg>
<doc>Scrolls the element identified by ``locator`` into view.</doc>
<status status="NOT RUN" start="2026-08-05T16:03:30.547812" elapsed="0.000047"/>
</kw>
<kw name="Sleep" owner="BuiltIn">
<arg>2s</arg>
<doc>Pauses the test executed for the given time.</doc>
<status status="NOT RUN" start="2026-08-05T16:03:30.548078" elapsed="0.000051"/>
</kw>
<kw name="Click Element" owner="SeleniumLibrary">
<arg>${SURVEY_OPTION}</arg>
<doc>Click the element identified by ``locator``.</doc>
<status status="NOT RUN" start="2026-08-05T16:03:30.548336" elapsed="0.000049"/>
</kw>
<kw name="Wait Until Page Contains" owner="SeleniumLibrary">
<arg>Create a Survey</arg>
<arg>30s</arg>
<doc>Waits until ``text`` appears on the current page.</doc>
<status status="NOT RUN" start="2026-08-05T16:03:30.548574" elapsed="0.000047"/>
</kw>
<kw name="Sleep" owner="BuiltIn">
<arg>5s</arg>
<doc>Pauses the test executed for the given time.</doc>
<status status="NOT RUN" start="2026-08-05T16:03:30.548845" elapsed="0.000053"/>
</kw>
<kw name="Capture Page Screenshot" owner="SeleniumLibrary">
<doc>Takes a screenshot of the current page and embeds it into a log file.</doc>
<status status="NOT RUN" start="2026-08-05T16:03:30.549133" elapsed="0.000047"/>
</kw>
<kw name="Wait Until Element Is Visible" owner="SeleniumLibrary">
<arg>${SURVEY_TITLE}</arg>
<arg>30s</arg>
<doc>Waits until the element ``locator`` is visible.</doc>
<status status="NOT RUN" start="2026-08-05T16:03:30.549380" elapsed="0.000054"/>
</kw>
<kw name="Wait Until Element Is Enabled" owner="SeleniumLibrary">
<arg>${SURVEY_TITLE}</arg>
<arg>30s</arg>
<doc>Waits until the element ``locator`` is enabled.</doc>
<status status="NOT RUN" start="2026-08-05T16:03:30.549764" elapsed="0.000053"/>
</kw>
<kw name="Scroll Element Into View" owner="SeleniumLibrary">
<arg>${SURVEY_TITLE}</arg>
<doc>Scrolls the element identified by ``locator`` into view.</doc>
<status status="NOT RUN" start="2026-08-05T16:03:30.550076" elapsed="0.000051"/>
</kw>
<kw name="Sleep" owner="BuiltIn">
<arg>2s</arg>
<doc>Pauses the test executed for the given time.</doc>
<status status="NOT RUN" start="2026-08-05T16:03:30.550362" elapsed="0.000053"/>
</kw>
<kw name="Click Element" owner="SeleniumLibrary">
<arg>${SURVEY_TITLE}</arg>
<doc>Click the element identified by ``locator``.</doc>
<status status="NOT RUN" start="2026-08-05T16:03:30.550687" elapsed="0.000067"/>
</kw>
<kw name="Sleep" owner="BuiltIn">
<arg>1s</arg>
<doc>Pauses the test executed for the given time.</doc>
<status status="NOT RUN" start="2026-08-05T16:03:30.550944" elapsed="0.000089"/>
</kw>
<kw name="Clear Element Text" owner="SeleniumLibrary">
<arg>${SURVEY_TITLE}</arg>
<doc>Clears the value of the text-input-element identified by ``locator``.</doc>
<status status="NOT RUN" start="2026-08-05T16:03:30.551235" elapsed="0.000048"/>
</kw>
<kw name="Input Text" owner="SeleniumLibrary">
<arg>${SURVEY_TITLE}</arg>
<arg>Automation Survey</arg>
<doc>Types the given ``text`` into the text field identified by ``locator``.</doc>
<status status="NOT RUN" start="2026-08-05T16:03:30.551460" elapsed="0.000044"/>
</kw>
<kw name="Sleep" owner="BuiltIn">
<arg>2s</arg>
<doc>Pauses the test executed for the given time.</doc>
<status status="NOT RUN" start="2026-08-05T16:03:30.551768" elapsed="0.000069"/>
</kw>
<kw name="Wait Until Element Is Visible" owner="SeleniumLibrary">
<arg>${SURVEY_DESCRIPTION}</arg>
<arg>30s</arg>
<doc>Waits until the element ``locator`` is visible.</doc>
<status status="NOT RUN" start="2026-08-05T16:03:30.552135" elapsed="0.000050"/>
</kw>
<kw name="Click Element" owner="SeleniumLibrary">
<arg>${SURVEY_DESCRIPTION}</arg>
<doc>Click the element identified by ``locator``.</doc>
<status status="NOT RUN" start="2026-08-05T16:03:30.552398" elapsed="0.000054"/>
</kw>
<kw name="Input Text" owner="SeleniumLibrary">
<arg>${SURVEY_DESCRIPTION}</arg>
<arg>Survey created using Robot Framework Automation.</arg>
<doc>Types the given ``text`` into the text field identified by ``locator``.</doc>
<status status="NOT RUN" start="2026-08-05T16:03:30.552640" elapsed="0.000047"/>
</kw>
<kw name="Sleep" owner="BuiltIn">
<arg>2s</arg>
<doc>Pauses the test executed for the given time.</doc>
<status status="NOT RUN" start="2026-08-05T16:03:30.552859" elapsed="0.000045"/>
</kw>
<kw name="Click Element" owner="SeleniumLibrary">
<arg>${CATEGORY_DROPDOWN}</arg>
<doc>Click the element identified by ``locator``.</doc>
<status status="NOT RUN" start="2026-08-05T16:03:30.553105" elapsed="0.000046"/>
</kw>
<kw name="Sleep" owner="BuiltIn">
<arg>3s</arg>
<doc>Pauses the test executed for the given time.</doc>
<status status="NOT RUN" start="2026-08-05T16:03:30.553316" elapsed="0.000047"/>
</kw>
<kw name="Click Element" owner="SeleniumLibrary">
<arg>${CATEGORY_OPTION}</arg>
<doc>Click the element identified by ``locator``.</doc>
<status status="NOT RUN" start="2026-08-05T16:03:30.553536" elapsed="0.000044"/>
</kw>
<kw name="Sleep" owner="BuiltIn">
<arg>2s</arg>
<doc>Pauses the test executed for the given time.</doc>
<status status="NOT RUN" start="2026-08-05T16:03:30.553850" elapsed="0.000083"/>
</kw>
<kw name="Input Text" owner="SeleniumLibrary">
<arg>${QUESTION1}</arg>
<arg>How satisfied are you with our product/service?</arg>
<doc>Types the given ``text`` into the text field identified by ``locator``.</doc>
<status status="NOT RUN" start="2026-08-05T16:03:30.554363" elapsed="0.000082"/>
</kw>
<kw name="Click Element" owner="SeleniumLibrary">
<arg>${QUESTION_TYPE1}</arg>
<doc>Click the element identified by ``locator``.</doc>
<status status="NOT RUN" start="2026-08-05T16:03:30.554700" elapsed="0.000160"/>
</kw>
<kw name="Sleep" owner="BuiltIn">
<arg>2s</arg>
<doc>Pauses the test executed for the given time.</doc>
<status status="NOT RUN" start="2026-08-05T16:03:30.555186" elapsed="0.000077"/>
</kw>
<kw name="Click Element" owner="SeleniumLibrary">
<arg>${MULTIPLE_CHOICE}</arg>
<doc>Click the element identified by ``locator``.</doc>
<status status="NOT RUN" start="2026-08-05T16:03:30.555371" elapsed="0.000015"/>
</kw>
<kw name="Sleep" owner="BuiltIn">
<arg>2s</arg>
<doc>Pauses the test executed for the given time.</doc>
<status status="NOT RUN" start="2026-08-05T16:03:30.555449" elapsed="0.000016"/>
</kw>
<kw name="Clear Element Text" owner="SeleniumLibrary">
<arg>${OPTION1}</arg>
<doc>Clears the value of the text-input-element identified by ``locator``.</doc>
<status status="NOT RUN" start="2026-08-05T16:03:30.555523" elapsed="0.000028"/>
</kw>
<kw name="Input Text" owner="SeleniumLibrary">
<arg>${OPTION1}</arg>
<arg>Very Likely</arg>
<doc>Types the given ``text`` into the text field identified by ``locator``.</doc>
<status status="NOT RUN" start="2026-08-05T16:03:30.555611" elapsed="0.000014"/>
</kw>
<kw name="Sleep" owner="BuiltIn">
<arg>2s</arg>
<doc>Pauses the test executed for the given time.</doc>
<status status="NOT RUN" start="2026-08-05T16:03:30.555699" elapsed="0.000058"/>
</kw>
<kw name="Clear Element Text" owner="SeleniumLibrary">
<arg>${OPTION2}</arg>
<doc>Clears the value of the text-input-element identified by ``locator``.</doc>
<status status="NOT RUN" start="2026-08-05T16:03:30.556020" elapsed="0.000035"/>
</kw>
<kw name="Input Text" owner="SeleniumLibrary">
<arg>${OPTION2}</arg>
<arg>Likely</arg>
<doc>Types the given ``text`` into the text field identified by ``locator``.</doc>
<status status="NOT RUN" start="2026-08-05T16:03:30.556149" elapsed="0.000022"/>
</kw>
<kw name="Sleep" owner="BuiltIn">
<arg>2s</arg>
<doc>Pauses the test executed for the given time.</doc>
<status status="NOT RUN" start="2026-08-05T16:03:30.556247" elapsed="0.000021"/>
</kw>
<kw name="Click Element" owner="SeleniumLibrary">
<arg>${ADD_OPTION}</arg>
<doc>Click the element identified by ``locator``.</doc>
<status status="NOT RUN" start="2026-08-05T16:03:30.556502" elapsed="0.000079"/>
</kw>
<kw name="Sleep" owner="BuiltIn">
<arg>2s</arg>
<doc>Pauses the test executed for the given time.</doc>
<status status="NOT RUN" start="2026-08-05T16:03:30.556739" elapsed="0.000036"/>
</kw>
<kw name="Clear Element Text" owner="SeleniumLibrary">
<arg>${OPTION3}</arg>
<doc>Clears the value of the text-input-element identified by ``locator``.</doc>
<status status="NOT RUN" start="2026-08-05T16:03:30.556893" elapsed="0.000036"/>
</kw>
<kw name="Input Text" owner="SeleniumLibrary">
<arg>${OPTION3}</arg>
<arg>Neutral</arg>
<doc>Types the given ``text`` into the text field identified by ``locator``.</doc>
<status status="NOT RUN" start="2026-08-05T16:03:30.557035" elapsed="0.000028"/>
</kw>
<kw name="Sleep" owner="BuiltIn">
<arg>2s</arg>
<doc>Pauses the test executed for the given time.</doc>
<status status="NOT RUN" start="2026-08-05T16:03:30.557178" elapsed="0.000029"/>
</kw>
<kw name="Input Text" owner="SeleniumLibrary">
<arg>${QUESTION2}</arg>
<arg>Do you have the tools and resources you need to succeed?</arg>
<doc>Types the given ``text`` into the text field identified by ``locator``.</doc>
<status status="NOT RUN" start="2026-08-05T16:03:30.557288" elapsed="0.000021"/>
</kw>
<kw name="Sleep" owner="BuiltIn">
<arg>2s</arg>
<doc>Pauses the test executed for the given time.</doc>
<status status="NOT RUN" start="2026-08-05T16:03:30.557425" elapsed="0.000031"/>
</kw>
<kw name="Scroll Element Into View" owner="SeleniumLibrary">
<arg>${QUESTION_TYPE2}</arg>
<doc>Scrolls the element identified by ``locator`` into view.</doc>
<status status="NOT RUN" start="2026-08-05T16:03:30.557528" elapsed="0.000019"/>
</kw>
<kw name="Wait Until Element Is Visible" owner="SeleniumLibrary">
<arg>${QUESTION_TYPE2}</arg>
<arg>20s</arg>
<doc>Waits until the element ``locator`` is visible.</doc>
<status status="NOT RUN" start="2026-08-05T16:03:30.557617" elapsed="0.000021"/>
</kw>
<kw name="Click Element" owner="SeleniumLibrary">
<arg>${QUESTION_TYPE2}</arg>
<doc>Click the element identified by ``locator``.</doc>
<status status="NOT RUN" start="2026-08-05T16:03:30.557719" elapsed="0.000019"/>
</kw>
<kw name="Wait Until Element Is Visible" owner="SeleniumLibrary">
<arg>${SELECT_OPTION}</arg>
<arg>20s</arg>
[...]
<status status="NOT RUN" start="2026-08-05T16:03:30.559718" elapsed="0.000017"/>
</kw>
<kw name="Wait Until Element Is Enabled" owner="SeleniumLibrary">
<arg>${CREATE_SURVEY_BUTTON}</arg>
<arg>20s</arg>
<doc>Waits until the element ``locator`` is enabled.</doc>
<status status="NOT RUN" start="2026-08-05T16:03:30.559841" elapsed="0.000018"/>
</kw>
<kw name="Sleep" owner="BuiltIn">
<arg>2s</arg>
<doc>Pauses the test executed for the given time.</doc>
<status status="NOT RUN" start="2026-08-05T16:03:30.559979" elapsed="0.000020"/>
</kw>
<kw name="Click Element" owner="SeleniumLibrary">
<arg>${CREATE_SURVEY_BUTTON}</arg>
<doc>Click the element identified by ``locator``.</doc>
<status status="NOT RUN" start="2026-08-05T16:03:30.560063" elapsed="0.000016"/>
</kw>
<kw name="Sleep" owner="BuiltIn">
<arg>10s</arg>
<doc>Pauses the test executed for the given time.</doc>
<status status="NOT RUN" start="2026-08-05T16:03:30.560136" elapsed="0.000020"/>
</kw>
<kw name="Capture Page Screenshot" owner="SeleniumLibrary">
<doc>Takes a screenshot of the current page and embeds it into a log file.</doc>
<status status="NOT RUN" start="2026-08-05T16:03:30.560239" elapsed="0.000019"/>
</kw>
<status status="FAIL" start="2026-08-05T16:03:29.265790" elapsed="1.294615">ElementClickInterceptedException: Message: element click intercepted: Element &lt;button class="shrink-0 rounded-full bg-lxgolden-200 px-6 py-2 text-sm font-semibold text-black w-20 h-9"&gt;...&lt;/button&gt; is not clickable at point (1031, 122). Other element would receive the click: &lt;div class="fixed z-10 bg-white  dark:bg-lxblack-400 rounded-2xl border border-lxgray-100 dark:border-lxblack-300 
w-[92vw] sm:w-[420px] lg:w-[672px] 
max-h-[75vh] lg:h-[429px] 
p-4 sm:p-6 shadow-md overflow-y-auto h-auto  popup-animation"&gt;...&lt;/div&gt;
  (Session info: chrome=150.0.7871.187); For documentation on this error, please visit: https://www.selenium.dev/documentation/webdriver/troubleshooting/errors#elementclickinterceptedexception
Stacktrace:
	chromedriver!GetHandleVerifier [0x7ff79a040d25+155a5]
	chromedriver!GetHandleVerifier [0x7ff79a040d80+15600]
	chromedriver!(No symbol) [0x7ff799b9594d]
	chromedriver!(No symbol) [0x7ff799bf8575]
	chromedriver!(No symbol) [0x7ff799bf6193]
	chromedriver!(No symbol) [0x7ff799bf34e7]
	chromedriver!(No symbol) [0x7ff799bf23a0]
	chromedriver!(No symbol) [0x7ff799be4d98]
	chromedriver!(No symbol) [0x7ff799c191ca]
	chromedriver!(No symbol) [0x7ff799be4616]
	chromedriver!(No symbol) [0x7ff799c3e01b]
	chromedriver!(No symbol) [0x7ff799be2e6c]
	chromedriver!(No symbol) [0x7ff799be3d93]
	chromedriver!GetHandleVerifier [0x7ff79a626431+5facb1]
	chromedriver!GetHandleVerifier [0x7ff79a620a9b+5f531b]
	chromedriver!GetHandleVerifier [0x7ff79a645865+61a0e5]
	chromedriver!GetHandleVerifier [0x7ff79a05dace+3234e]
	chromedriver!GetHandleVerifier [0x7ff79a06661c+3ae9c]
	chromedriver!GetHandleVerifier [0x7ff79a04ab74+1f3f4]
	chromedriver!GetHandleVerifier [0x7ff79a04ad04+1f584]
	chromedriver!GetHandleVerifier [0x7ff79a02d9d7+2257]
	KERNEL32!BaseThreadInitThunk [0x7ffc3015ccb7+17]
	ntdll!RtlUserThreadStart [0x7ffc319aad6c+2c]
</status>
</kw>
<kw name="Capture Page Screenshot" owner="SeleniumLibrary">
<arg>${OUTPUT DIR}/CreateSurvey.png</arg>
<doc>Takes a screenshot of the current page and embeds it into a log file.</doc>
<status status="NOT RUN" start="2026-08-05T16:03:30.560776" elapsed="0.000055"/>
</kw>
<kw name="Sleep" owner="BuiltIn">
<arg>15s</arg>
<doc>Pauses the test executed for the given time.</doc>
<status status="NOT RUN" start="2026-08-05T16:03:30.561118" elapsed="0.000034"/>
</kw>
<status status="FAIL" start="2026-08-05T16:03:29.265198" elapsed="1.296238">ElementClickInterceptedException: Message: element click intercepted: Element &lt;button class="shrink-0 rounded-full bg-lxgolden-200 px-6 py-2 text-sm font-semibold text-black w-20 h-9"&gt;...&lt;/button&gt; is not clickable at point (1031, 122). Other element would receive the click: &lt;div class="fixed z-10 bg-white  dark:bg-lxblack-400 rounded-2xl border border-lxgray-100 dark:border-lxblack-300 
w-[92vw] sm:w-[420px] lg:w-[672px] 
max-h-[75vh] lg:h-[429px] 
p-4 sm:p-6 shadow-md overflow-y-auto h-auto  popup-animation"&gt;...&lt;/div&gt;
  (Session info: chrome=150.0.7871.187); For documentation on this error, please visit: https://www.selenium.dev/documentation/webdriver/troubleshooting/errors#elementclickinterceptedexception
Stacktrace:
	chromedriver!GetHandleVerifier [0x7ff79a040d25+155a5]
	chromedriver!GetHandleVerifier [0x7ff79a040d80+15600]
	chromedriver!(No symbol) [0x7ff799b9594d]
	chromedriver!(No symbol) [0x7ff799bf8575]
	chromedriver!(No symbol) [0x7ff799bf6193]
	chromedriver!(No symbol) [0x7ff799bf34e7]
	chromedriver!(No symbol) [0x7ff799bf23a0]
	chromedriver!(No symbol) [0x7ff799be4d98]
	chromedriver!(No symbol) [0x7ff799c191ca]
	chromedriver!(No symbol) [0x7ff799be4616]
	chromedriver!(No symbol) [0x7ff799c3e01b]
	chromedriver!(No symbol) [0x7ff799be2e6c]
	chromedriver!(No symbol) [0x7ff799be3d93]
	chromedriver!GetHandleVerifier [0x7ff79a626431+5facb1]
	chromedriver!GetHandleVerifier [0x7ff79a620a9b+5f531b]
	chromedriver!GetHandleVerifier [0x7ff79a645865+61a0e5]
	chromedriver!GetHandleVerifier [0x7ff79a05dace+3234e]
	chromedriver!GetHandleVerifier [0x7ff79a06661c+3ae9c]
	chromedriver!GetHandleVerifier [0x7ff79a04ab74+1f3f4]
	chromedriver!GetHandleVerifier [0x7ff79a04ad04+1f584]
	chromedriver!GetHandleVerifier [0x7ff79a02d9d7+2257]
	KERNEL32!BaseThreadInitThunk [0x7ffc3015ccb7+17]
	ntdll!RtlUserThreadStart [0x7ffc319aad6c+2c]
</status>
</test>
<test id="s1-t6" name="Create Club" line="41">
<kw name="Create New Club" owner="ClubKeywords">
<kw name="Click Hamburger Menu" owner="ClubKeywords">
<kw name="Wait Until Element Is Visible" owner="SeleniumLibrary">
<arg>${HAMBURGER_ICON}</arg>
<arg>30s</arg>
<doc>Waits until the element ``locator`` is visible.</doc>
<status status="PASS" start="2026-08-05T16:03:30.564494" elapsed="0.016519"/>
</kw>
<kw name="Click Element" owner="SeleniumLibrary">
<msg time="2026-08-05T16:03:30.581467" level="INFO">Clicking element 'xpath=//*[name()='path' and starts-with(@d,'M10.4062 9.00007H1.96868')]/ancestor::*[self::button or self::a or self::div][1]'.</msg>
<msg time="2026-08-05T16:03:31.743567" level="INFO" html="true">&lt;/td&gt;&lt;/tr&gt;&lt;tr&gt;&lt;td colspan="3"&gt;&lt;a href="selenium-screenshot-36.png"&gt;&lt;img src="selenium-screenshot-36.png" width="800px"&gt;&lt;/a&gt;</msg>
<msg time="2026-08-05T16:03:31.743778" level="FAIL">ElementClickInterceptedException: Message: element click intercepted: Element &lt;div class="w-[18px] h-[18px] md:w-[22px] md:h-[22px]"&gt;...&lt;/div&gt; is not clickable at point (1357, 40). Other element would receive the click: &lt;div class="fixed top-0 left-0 lg:w-full  lg:h-full h-auto bg-lxgray-600 dark:bg-lxblack-400 opacity-80 false"&gt;&lt;/div&gt;
  (Session info: chrome=150.0.7871.187); For documentation on this error, please visit: https://www.selenium.dev/documentation/webdriver/troubleshooting/errors#elementclickinterceptedexception
Stacktrace:
	chromedriver!GetHandleVerifier [0x7ff79a040d25+155a5]
	chromedriver!GetHandleVerifier [0x7ff79a040d80+15600]
	chromedriver!(No symbol) [0x7ff799b9594d]
	chromedriver!(No symbol) [0x7ff799bf8575]
	chromedriver!(No symbol) [0x7ff799bf6193]
	chromedriver!(No symbol) [0x7ff799bf34e7]
	chromedriver!(No symbol) [0x7ff799bf23a0]
	chromedriver!(No symbol) [0x7ff799be4d98]
	chromedriver!(No symbol) [0x7ff799c191ca]
	chromedriver!(No symbol) [0x7ff799be4616]
	chromedriver!(No symbol) [0x7ff799c3e01b]
	chromedriver!(No symbol) [0x7ff799be2e6c]
	chromedriver!(No symbol) [0x7ff799be3d93]
	chromedriver!GetHandleVerifier [0x7ff79a626431+5facb1]
	chromedriver!GetHandleVerifier [0x7ff79a620a9b+5f531b]
	chromedriver!GetHandleVerifier [0x7ff79a645865+61a0e5]
	chromedriver!GetHandleVerifier [0x7ff79a05dace+3234e]
	chromedriver!GetHandleVerifier [0x7ff79a06661c+3ae9c]
	chromedriver!GetHandleVerifier [0x7ff79a04ab74+1f3f4]
	chromedriver!GetHandleVerifier [0x7ff79a04ad04+1f584]
	chromedriver!GetHandleVerifier [0x7ff79a02d9d7+2257]
	KERNEL32!BaseThreadInitThunk [0x7ffc3015ccb7+17]
	ntdll!RtlUserThreadStart [0x7ffc319aad6c+2c]
</msg>
<arg>${HAMBURGER_ICON}</arg>
<doc>Click the element identified by ``locator``.</doc>
<status status="FAIL" start="2026-08-05T16:03:30.581231" elapsed="1.163720">ElementClickInterceptedException: Message: element click intercepted: Element &lt;div class="w-[18px] h-[18px] md:w-[22px] md:h-[22px]"&gt;...&lt;/div&gt; is not clickable at point (1357, 40). Other element would receive the click: &lt;div class="fixed top-0 left-0 lg:w-full  lg:h-full h-auto bg-lxgray-600 dark:bg-lxblack-400 opacity-80 false"&gt;&lt;/div&gt;
  (Session info: chrome=150.0.7871.187); For documentation on this error, please visit: https://www.selenium.dev/documentation/webdriver/troubleshooting/errors#elementclickinterceptedexception
Stacktrace:
	chromedriver!GetHandleVerifier [0x7ff79a040d25+155a5]
	chromedriver!GetHandleVerifier [0x7ff79a040d80+15600]
	chromedriver!(No symbol) [0x7ff799b9594d]
	chromedriver!(No symbol) [0x7ff799bf8575]
	chromedriver!(No symbol) [0x7ff799bf6193]
	chromedriver!(No symbol) [0x7ff799bf34e7]
	chromedriver!(No symbol) [0x7ff799bf23a0]
	chromedriver!(No symbol) [0x7ff799be4d98]
	chromedriver!(No symbol) [0x7ff799c191ca]
	chromedriver!(No symbol) [0x7ff799be4616]
	chromedriver!(No symbol) [0x7ff799c3e01b]
	chromedriver!(No symbol) [0x7ff799be2e6c]
	chromedriver!(No symbol) [0x7ff799be3d93]
	chromedriver!GetHandleVerifier [0x7ff79a626431+5facb1]
	chromedriver!GetHandleVerifier [0x7ff79a620a9b+5f531b]
	chromedriver!GetHandleVerifier [0x7ff79a645865+61a0e5]
	chromedriver!GetHandleVerifier [0x7ff79a05dace+3234e]
	chromedriver!GetHandleVerifier [0x7ff79a06661c+3ae9c]
	chromedriver!GetHandleVerifier [0x7ff79a04ab74+1f3f4]
	chromedriver!GetHandleVerifier [0x7ff79a04ad04+1f584]
	chromedriver!GetHandleVerifier [0x7ff79a02d9d7+2257]
	KERNEL32!BaseThreadInitThunk [0x7ffc3015ccb7+17]
	ntdll!RtlUserThreadStart [0x7ffc319aad6c+2c]
</status>
</kw>
<status status="FAIL" start="2026-08-05T16:03:30.563832" elapsed="1.181381">ElementClickInterceptedException: Message: element click intercepted: Element &lt;div class="w-[18px] h-[18px] md:w-[22px] md:h-[22px]"&gt;...&lt;/div&gt; is not clickable at point (1357, 40). Other element would receive the click: &lt;div class="fixed top-0 left-0 lg:w-full  lg:h-full h-auto bg-lxgray-600 dark:bg-lxblack-400 opacity-80 false"&gt;&lt;/div&gt;
  (Session info: chrome=150.0.7871.187); For documentation on this error, please visit: https://www.selenium.dev/documentation/webdriver/troubleshooting/errors#elementclickinterceptedexception
Stacktrace:
	chromedriver!GetHandleVerifier [0x7ff79a040d25+155a5]
	chromedriver!GetHandleVerifier [0x7ff79a040d80+15600]
	chromedriver!(No symbol) [0x7ff799b9594d]
	chromedriver!(No symbol) [0x7ff799bf8575]
	chromedriver!(No symbol) [0x7ff799bf6193]
	chromedriver!(No symbol) [0x7ff799bf34e7]
	chromedriver!(No symbol) [0x7ff799bf23a0]
	chromedriver!(No symbol) [0x7ff799be4d98]
	chromedriver!(No symbol) [0x7ff799c191ca]
	chromedriver!(No symbol) [0x7ff799be4616]
	chromedriver!(No symbol) [0x7ff799c3e01b]
	chromedriver!(No symbol) [0x7ff799be2e6c]
	chromedriver!(No symbol) [0x7ff799be3d93]
	chromedriver!GetHandleVerifier [0x7ff79a626431+5facb1]
	chromedriver!GetHandleVerifier [0x7ff79a620a9b+5f531b]
	chromedriver!GetHandleVerifier [0x7ff79a645865+61a0e5]
	chromedriver!GetHandleVerifier [0x7ff79a05dace+3234e]
	chromedriver!GetHandleVerifier [0x7ff79a06661c+3ae9c]
	chromedriver!GetHandleVerifier [0x7ff79a04ab74+1f3f4]
	chromedriver!GetHandleVerifier [0x7ff79a04ad04+1f584]
	chromedriver!GetHandleVerifier [0x7ff79a02d9d7+2257]
	KERNEL32!BaseThreadInitThunk [0x7ffc3015ccb7+17]
	ntdll!RtlUserThreadStart [0x7ffc319aad6c+2c]
</status>
</kw>
<kw name="Click Clubs Menu" owner="ClubKeywords">
<status status="NOT RUN" start="2026-08-05T16:03:31.745489" elapsed="0.000043"/>
</kw>
<kw name="Click Create Club Button" owner="ClubKeywords">
<status status="NOT RUN" start="2026-08-05T16:03:31.745662" elapsed="0.000026"/>
</kw>
<kw name="Sleep" owner="BuiltIn">
<arg>2s</arg>
<doc>Pauses the test executed for the given time.</doc>
<status status="NOT RUN" start="2026-08-05T16:03:31.745790" elapsed="0.000026"/>
</kw>
<kw name="Wait Until Element Is Visible" owner="SeleniumLibrary">
<arg>${CLUB_TITLE}</arg>
<arg>30s</arg>
<doc>Waits until the element ``locator`` is visible.</doc>
<status status="NOT RUN" start="2026-08-05T16:03:31.745924" elapsed="0.000026"/>
</kw>
<kw name="Input Text" owner="SeleniumLibrary">
<arg>${CLUB_TITLE}</arg>
<arg>Linkcxo Tech Team</arg>
<doc>Types the given ``text`` into the text field identified by ``locator``.</doc>
<status status="NOT RUN" start="2026-08-05T16:03:31.746049" elapsed="0.000024"/>
</kw>
<kw name="Click Element" owner="SeleniumLibrary">
<arg>${CLUB_TYPE_PUBLIC}</arg>
<doc>Click the element identified by ``locator``.</doc>
<status status="NOT RUN" start="2026-08-05T16:03:31.746171" elapsed="0.000023"/>
</kw>
<kw name="Click Industry Dropdown" owner="ClubKeywords">
<status status="NOT RUN" start="2026-08-05T16:03:31.746363" elapsed="0.000031"/>
</kw>
<kw name="Wait Until Element Is Visible" owner="SeleniumLibrary">
<arg>${CLUB_INDUSTRY_OPTION}</arg>
<arg>10s</arg>
<doc>Waits until the element ``locator`` is visible.</doc>
<status status="NOT RUN" start="2026-08-05T16:03:31.746516" elapsed="0.000027"/>
</kw>
<kw name="Click Element" owner="SeleniumLibrary">
<arg>${CLUB_INDUSTRY_OPTION}</arg>
<doc>Click the element identified by ``locator``.</doc>
<status status="NOT RUN" start="2026-08-05T16:03:31.746650" elapsed="0.000025"/>
</kw>
<kw name="Click Element" owner="SeleniumLibrary">
<arg>${CLUB_CATEGORY}</arg>
<doc>Click the element identified by ``locator``.</doc>
<status status="NOT RUN" start="2026-08-05T16:03:31.746776" elapsed="0.000024"/>
</kw>
<kw name="Click Element" owner="SeleniumLibrary">
<arg>${CLUB_CATEGORY_OPTION}</arg>
<doc>Click the element identified by ``locator``.</doc>
<status status="NOT RUN" start="2026-08-05T16:03:31.746900" elapsed="0.000025"/>
</kw>
<kw name="Input Text" owner="SeleniumLibrary">
<arg>${CLUB_DESCRIPTION}</arg>
<arg>This club for Linkcxo Tech Team</arg>
<doc>Types the given ``text`` into the text field identified by ``locator``.</doc>
<status status="NOT RUN" start="2026-08-05T16:03:31.747009" elapsed="0.000018"/>
</kw>
<kw name="Capture Page Screenshot" owner="SeleniumLibrary">
<doc>Takes a screenshot of the current page and embeds it into a log file.</doc>
<status status="NOT RUN" start="2026-08-05T16:03:31.747101" elapsed="0.000021"/>
</kw>
<kw name="Click Element" owner="SeleniumLibrary">
<arg>${CLUB_NEXT_BUTTON}</arg>
<doc>Click the element identified by ``locator``.</doc>
<status status="NOT RUN" start="2026-08-05T16:03:31.747206" elapsed="0.000027"/>
</kw>
<kw name="Sleep" owner="BuiltIn">
<arg>10s</arg>
<doc>Pauses the test executed for the given time.</doc>
<status status="NOT RUN" start="2026-08-05T16:03:31.747300" elapsed="0.000017"/>
</kw>
<kw name="Capture Page Screenshot" owner="SeleniumLibrary">
<doc>Takes a screenshot of the current page and embeds it into a log file.</doc>
<status status="NOT RUN" start="2026-08-05T16:03:31.747406" elapsed="0.000022"/>
</kw>
<status status="FAIL" start="2026-08-05T16:03:30.563268" elapsed="1.184296">ElementClickInterceptedException: Message: element click intercepted: Element &lt;div class="w-[18px] h-[18px] md:w-[22px] md:h-[22px]"&gt;...&lt;/div&gt; is not clickable at point (1357, 40). Other element would receive the click: &lt;div class="fixed top-0 left-0 lg:w-full  lg:h-full h-auto bg-lxgray-600 dark:bg-lxblack-400 opacity-80 false"&gt;&lt;/div&gt;
  (Session info: chrome=150.0.7871.187); For documentation on this error, please visit: https://www.selenium.dev/documentation/webdriver/troubleshooting/errors#elementclickinterceptedexception
Stacktrace:
	chromedriver!GetHandleVerifier [0x7ff79a040d25+155a5]
	chromedriver!GetHandleVerifier [0x7ff79a040d80+15600]
	chromedriver!(No symbol) [0x7ff799b9594d]
	chromedriver!(No symbol) [0x7ff799bf8575]
	chromedriver!(No symbol) [0x7ff799bf6193]
	chromedriver!(No symbol) [0x7ff799bf34e7]
	chromedriver!(No symbol) [0x7ff799bf23a0]
	chromedriver!(No symbol) [0x7ff799be4d98]
	chromedriver!(No symbol) [0x7ff799c191ca]
	chromedriver!(No symbol) [0x7ff799be4616]
	chromedriver!(No symbol) [0x7ff799c3e01b]
	chromedriver!(No symbol) [0x7ff799be2e6c]
	chromedriver!(No symbol) [0x7ff799be3d93]
	chromedriver!GetHandleVerifier [0x7ff79a626431+5facb1]
	chromedriver!GetHandleVerifier [0x7ff79a620a9b+5f531b]
	chromedriver!GetHandleVerifier [0x7ff79a645865+61a0e5]
	chromedriver!GetHandleVerifier [0x7ff79a05dace+3234e]
	chromedriver!GetHandleVerifier [0x7ff79a06661c+3ae9c]
	chromedriver!GetHandleVerifier [0x7ff79a04ab74+1f3f4]
	chromedriver!GetHandleVerifier [0x7ff79a04ad04+1f584]
	chromedriver!GetHandleVerifier [0x7ff79a02d9d7+2257]
	KERNEL32!BaseThreadInitThunk [0x7ffc3015ccb7+17]
	ntdll!RtlUserThreadStart [0x7ffc319aad6c+2c]
</status>
</kw>
<kw name="Capture Page Screenshot" owner="SeleniumLibrary">
<arg>${OUTPUT DIR}/CreateClub.png</arg>
<doc>Takes a screenshot of the current page and embeds it into a log file.</doc>
<status status="NOT RUN" start="2026-08-05T16:03:31.747918" elapsed="0.000038"/>
</kw>
<kw name="Sleep" owner="BuiltIn">
<arg>15s</arg>
<doc>Pauses the test executed for the given time.</doc>
<status status="NOT RUN" start="2026-08-05T16:03:31.748335" elapsed="0.000049"/>
</kw>
<tag>club</tag>
<status status="FAIL" start="2026-08-05T16:03:30.561918" elapsed="1.186774">ElementClickInterceptedException: Message: element click intercepted: Element &lt;div class="w-[18px] h-[18px] md:w-[22px] md:h-[22px]"&gt;...&lt;/div&gt; is not clickable at point (1357, 40). Other element would receive the click: &lt;div class="fixed top-0 left-0 lg:w-full  lg:h-full h-auto bg-lxgray-600 dark:bg-lxblack-400 opacity-80 false"&gt;&lt;/div&gt;
  (Session info: chrome=150.0.7871.187); For documentation on this error, please visit: https://www.selenium.dev/documentation/webdriver/troubleshooting/errors#elementclickinterceptedexception
Stacktrace:
	chromedriver!GetHandleVerifier [0x7ff79a040d25+155a5]
	chromedriver!GetHandleVerifier [0x7ff79a040d80+15600]
	chromedriver!(No symbol) [0x7ff799b9594d]
	chromedriver!(No symbol) [0x7ff799bf8575]
	chromedriver!(No symbol) [0x7ff799bf6193]
	chromedriver!(No symbol) [0x7ff799bf34e7]
	chromedriver!(No symbol) [0x7ff799bf23a0]
	chromedriver!(No symbol) [0x7ff799be4d98]
	chromedriver!(No symbol) [0x7ff799c191ca]
	chromedriver!(No symbol) [0x7ff799be4616]
	chromedriver!(No symbol) [0x7ff799c3e01b]
	chromedriver!(No symbol) [0x7ff799be2e6c]
	chromedriver!(No symbol) [0x7ff799be3d93]
	chromedriver!GetHandleVerifier [0x7ff79a626431+5facb1]
	chromedriver!GetHandleVerifier [0x7ff79a620a9b+5f531b]
	chromedriver!GetHandleVerifier [0x7ff79a645865+61a0e5]
	chromedriver!GetHandleVerifier [0x7ff79a05dace+3234e]
	chromedriver!GetHandleVerifier [0x7ff79a06661c+3ae9c]
	chromedriver!GetHandleVerifier [0x7ff79a04ab74+1f3f4]
	chromedriver!GetHandleVerifier [0x7ff79a04ad04+1f584]
	chromedriver!GetHandleVerifier [0x7ff79a02d9d7+2257]
	KERNEL32!BaseThreadInitThunk [0x7ffc3015ccb7+17]
	ntdll!RtlUserThreadStart [0x7ffc319aad6c+2c]
</status>
</test>
<kw name="Close Browser" owner="SeleniumLibrary" type="TEARDOWN">
<doc>Closes the current browser.</doc>
<status status="PASS" start="2026-08-05T16:03:31.749693" elapsed="2.310673"/>
</kw>
<doc>LinkCXO Complete Regression Suite</doc>
<status status="FAIL" start="2026-08-05T16:03:04.336734" elapsed="29.723736"/>
</suite>
<statistics>
<total>
<stat pass="0" fail="6" skip="0">All Tests</stat>
</total>
<tag>
<stat pass="0" fail="1" skip="0">club</stat>
</tag>
<suite>
<stat name="Regression" id="s1" pass="0" fail="6" skip="0">Regression</stat>
</suite>
</statistics>
<errors>
</errors>
</robot>
