<?xml version="1.0" encoding="UTF-8"?>
<robot generator="Robot 7.4.2 (Python 3.13.5 on win32)" generated="2026-08-10T18:10:33.588422" rpa="false" schemaversion="5">
<suite id="s1" name="CreatePost" source="C:\LinkCXO_RobotFramework\Tests\CreatePost.robot">
<kw name="Open Browser To Login Page" type="SETUP">
<kw name="Open Browser" owner="SeleniumLibrary">
<msg time="2026-08-10T18:10:34.147014" level="INFO">Opening browser 'Chrome' to base url 'https://cxostory.in/'.</msg>
<arg>${URL}</arg>
<arg>${BROWSER}</arg>
<doc>Opens a new browser instance to the optional ``url``.</doc>
<status status="PASS" start="2026-08-10T18:10:34.146528" elapsed="80.760976"/>
</kw>
<kw name="Maximize Browser Window" owner="SeleniumLibrary">
<doc>Maximizes current browser window.</doc>
<status status="PASS" start="2026-08-10T18:11:54.908210" elapsed="0.082889"/>
</kw>
<kw name="Set Selenium Speed" owner="SeleniumLibrary">
<arg>${DELAY}</arg>
<doc>Sets the delay that is waited after each Selenium command.</doc>
<status status="PASS" start="2026-08-10T18:11:54.992861" elapsed="0.002806"/>
</kw>
<status status="PASS" start="2026-08-10T18:10:34.145326" elapsed="80.851859"/>
</kw>
<test id="s1-t1" name="Create Post After Login" line="16">
<kw name="Login To Application" owner="LoginPage">
<kw name="Wait Until Element Is Visible" owner="SeleniumLibrary">
<arg>${LOGIN_BUTTON}</arg>
<arg>${TIMEOUT}</arg>
<doc>Waits until the element ``locator`` is visible.</doc>
<status status="PASS" start="2026-08-10T18:11:55.002475" elapsed="4.065852"/>
</kw>
<kw name="Click Element" owner="SeleniumLibrary">
<msg time="2026-08-10T18:11:59.069632" level="INFO">Clicking element 'xpath=//button[normalize-space()='Login']'.</msg>
<arg>${LOGIN_BUTTON}</arg>
<doc>Click the element identified by ``locator``.</doc>
<status status="PASS" start="2026-08-10T18:11:59.068907" elapsed="4.239549"/>
</kw>
<kw name="Wait Until Element Is Visible" owner="SeleniumLibrary">
<arg>${EMAIL_INPUT}</arg>
<arg>${TIMEOUT}</arg>
<doc>Waits until the element ``locator`` is visible.</doc>
<status status="PASS" start="2026-08-10T18:12:03.309027" elapsed="4.045128"/>
</kw>
<kw name="Input Text" owner="SeleniumLibrary">
<msg time="2026-08-10T18:12:07.354986" level="INFO">Typing text 'kprabhat956@gmail.com' into text field 'xpath=//input[@id='emailId']'.</msg>
<arg>${EMAIL_INPUT}</arg>
<arg>${EMAIL}</arg>
<doc>Types the given ``text`` into the text field identified by ``locator``.</doc>
<status status="PASS" start="2026-08-10T18:12:07.354501" elapsed="6.212031"/>
</kw>
<kw name="Wait Until Element Is Enabled" owner="SeleniumLibrary">
<arg>${CONTINUE_BUTTON}</arg>
<arg>${TIMEOUT}</arg>
<doc>Waits until the element ``locator`` is enabled.</doc>
<status status="PASS" start="2026-08-10T18:12:13.567202" elapsed="6.049100"/>
</kw>
<kw name="Click Element" owner="SeleniumLibrary">
<msg time="2026-08-10T18:12:19.618164" level="INFO">Clicking element 'xpath=//button[contains(normalize-space(),'Continue')]'.</msg>
<arg>${CONTINUE_BUTTON}</arg>
<doc>Click the element identified by ``locator``.</doc>
<status status="PASS" start="2026-08-10T18:12:19.617150" elapsed="4.165036"/>
</kw>
<kw name="Wait Until Element Is Visible" owner="SeleniumLibrary">
<arg>${OTP_INPUT_1}</arg>
<arg>${TIMEOUT}</arg>
<doc>Waits until the element ``locator`` is visible.</doc>
<status status="PASS" start="2026-08-10T18:12:23.783043" elapsed="4.044089"/>
</kw>
<kw name="Input Text" owner="SeleniumLibrary">
<msg time="2026-08-10T18:12:27.828658" level="INFO">Typing text '4' into text field 'xpath=//input[@name='otp-input-0']'.</msg>
<arg>${OTP_INPUT_1}</arg>
<arg>4</arg>
<doc>Types the given ``text`` into the text field identified by ``locator``.</doc>
<status status="PASS" start="2026-08-10T18:12:27.827698" elapsed="6.162242"/>
</kw>
<kw name="Input Text" owner="SeleniumLibrary">
<msg time="2026-08-10T18:12:33.991309" level="INFO">Typing text '4' into text field 'xpath=//input[@name='otp-input-1']'.</msg>
<arg>${OTP_INPUT_2}</arg>
<arg>4</arg>
<doc>Types the given ``text`` into the text field identified by ``locator``.</doc>
<status status="PASS" start="2026-08-10T18:12:33.990513" elapsed="6.145437"/>
</kw>
<kw name="Input Text" owner="SeleniumLibrary">
<msg time="2026-08-10T18:12:40.137352" level="INFO">Typing text '4' into text field 'xpath=//input[@name='otp-input-2']'.</msg>
<arg>${OTP_INPUT_3}</arg>
<arg>4</arg>
<doc>Types the given ``text`` into the text field identified by ``locator``.</doc>
<status status="PASS" start="2026-08-10T18:12:40.136543" elapsed="6.137386"/>
</kw>
<kw name="Input Text" owner="SeleniumLibrary">
<msg time="2026-08-10T18:12:46.275322" level="INFO">Typing text '4' into text field 'xpath=//input[@name='otp-input-3']'.</msg>
<arg>${OTP_INPUT_4}</arg>
<arg>4</arg>
<doc>Types the given ``text`` into the text field identified by ``locator``.</doc>
<status status="PASS" start="2026-08-10T18:12:46.274483" elapsed="6.132229"/>
</kw>
<kw name="Input Text" owner="SeleniumLibrary">
<msg time="2026-08-10T18:12:52.408086" level="INFO">Typing text '4' into text field 'xpath=//input[@name='otp-input-4']'.</msg>
<arg>${OTP_INPUT_5}</arg>
<arg>4</arg>
<doc>Types the given ``text`` into the text field identified by ``locator``.</doc>
<status status="PASS" start="2026-08-10T18:12:52.407298" elapsed="6.149189"/>
</kw>
<kw name="Input Text" owner="SeleniumLibrary">
<msg time="2026-08-10T18:12:58.557913" level="INFO">Typing text '4' into text field 'xpath=//input[@name='otp-input-5']'.</msg>
<arg>${OTP_INPUT_6}</arg>
<arg>4</arg>
<doc>Types the given ``text`` into the text field identified by ``locator``.</doc>
<status status="PASS" start="2026-08-10T18:12:58.557092" elapsed="6.131366"/>
</kw>
<kw name="Execute Javascript" owner="SeleniumLibrary">
<msg time="2026-08-10T18:13:04.689715" level="INFO">Executing JavaScript:
document.evaluate("//button[contains(@class,'mb-8') and contains(normalize-space(),'Continue')]", document, null, XPathResult.FIRST_ORDERED_NODE_TYPE, null).singleNodeValue.click();
Without any arguments.</msg>
<arg>document.evaluate("${VERIFY_BUTTON_XPATH}", document, null, XPathResult.FIRST_ORDERED_NODE_TYPE, null).singleNodeValue.click();</arg>
<doc>Executes the given JavaScript code with possible arguments.</doc>
<status status="PASS" start="2026-08-10T18:13:04.689012" elapsed="2.022115"/>
</kw>
<kw name="Wait Until Page Contains Element" owner="SeleniumLibrary">
<arg>${HOME_PAGE}</arg>
<arg>${TIMEOUT}</arg>
<doc>Waits until the element ``locator`` appears on the current page.</doc>
<status status="PASS" start="2026-08-10T18:13:06.711799" elapsed="2.026434"/>
</kw>
<kw name="Sleep" owner="BuiltIn">
<msg time="2026-08-10T18:13:28.741986" level="INFO">Slept 20 seconds.</msg>
<arg>20s</arg>
<doc>Pauses the test executed for the given time.</doc>
<status status="PASS" start="2026-08-10T18:13:08.738963" elapsed="20.003454"/>
</kw>
<status status="PASS" start="2026-08-10T18:11:55.001700" elapsed="93.741304"/>
</kw>
<kw name="Create New Post" owner="PostKeywords">
<kw name="Capture Page Screenshot" owner="SeleniumLibrary">
<msg time="2026-08-10T18:13:30.937718" level="INFO" html="true">&lt;/td&gt;&lt;/tr&gt;&lt;tr&gt;&lt;td colspan="3"&gt;&lt;a href="selenium-screenshot-27.png"&gt;&lt;img src="selenium-screenshot-27.png" width="800px"&gt;&lt;/a&gt;</msg>
<doc>Takes a screenshot of the current page and embeds it into a log file.</doc>
<status status="PASS" start="2026-08-10T18:13:28.745598" elapsed="2.192412"/>
</kw>
<kw name="Wait Until Element Is Visible" owner="SeleniumLibrary">
<arg>${POST_BUTTON_HOME}</arg>
<arg>30s</arg>
<doc>Waits until the element ``locator`` is visible.</doc>
<status status="PASS" start="2026-08-10T18:13:30.938533" elapsed="4.041791"/>
</kw>
<kw name="Click Element" owner="SeleniumLibrary">
<msg time="2026-08-10T18:13:34.981674" level="INFO">Clicking element 'xpath=//button[normalize-space()='Post']'.</msg>
<arg>${POST_BUTTON_HOME}</arg>
<doc>Click the element identified by ``locator``.</doc>
<status status="PASS" start="2026-08-10T18:13:34.980946" elapsed="4.183090"/>
</kw>
<kw name="Wait Until Element Is Visible" owner="SeleniumLibrary">
<arg>${POST_OPTION}</arg>
<arg>${TIMEOUT}</arg>
<doc>Waits until the element ``locator`` is visible.</doc>
<status status="PASS" start="2026-08-10T18:13:39.165522" elapsed="4.046445"/>
</kw>
<kw name="Click Element" owner="SeleniumLibrary">
<msg time="2026-08-10T18:13:43.213262" level="INFO">Clicking element 'xpath=//h1[normalize-space()='Create a post']'.</msg>
<arg>${POST_OPTION}</arg>
<doc>Click the element identified by ``locator``.</doc>
<status status="PASS" start="2026-08-10T18:13:43.212531" elapsed="4.158738"/>
</kw>
<kw name="Wait Until Element Is Visible" owner="SeleniumLibrary">
<arg>${POST_TEXTBOX}</arg>
<arg>30s</arg>
<doc>Waits until the element ``locator`` is visible.</doc>
<status status="PASS" start="2026-08-10T18:13:47.371940" elapsed="4.038079"/>
</kw>
<kw name="Input Text" owner="SeleniumLibrary">
<msg time="2026-08-10T18:13:51.411631" level="INFO">Typing text 'This is an automated test post.' into text field 'xpath=//textarea[@rows='10']'.</msg>
<arg>${POST_TEXTBOX}</arg>
<arg>${POST_CONTENT}</arg>
<doc>Types the given ``text`` into the text field identified by ``locator``.</doc>
<status status="PASS" start="2026-08-10T18:13:51.410578" elapsed="6.168200"/>
</kw>
<kw name="Choose File" owner="SeleniumLibrary">
<msg time="2026-08-10T18:13:57.580632" level="INFO">Sending C:\LinkCXO_RobotFramework\Images\post-image.jpg to browser.</msg>
<arg>${IMAGE_UPLOAD}</arg>
<arg>${POST_IMAGE}</arg>
<doc>Inputs the ``file_path`` into the file input field ``locator``.</doc>
<status status="PASS" start="2026-08-10T18:13:57.579461" elapsed="4.049477"/>
</kw>
<kw name="Sleep" owner="BuiltIn">
<msg time="2026-08-10T18:14:06.630800" level="INFO">Slept 5 seconds.</msg>
<arg>5s</arg>
<doc>Pauses the test executed for the given time.</doc>
<status status="PASS" start="2026-08-10T18:14:01.629495" elapsed="5.001766"/>
</kw>
<kw name="Capture Page Screenshot" owner="SeleniumLibrary">
<msg time="2026-08-10T18:14:08.781832" level="INFO" html="true">&lt;/td&gt;&lt;/tr&gt;&lt;tr&gt;&lt;td colspan="3"&gt;&lt;a href="selenium-screenshot-28.png"&gt;&lt;img src="selenium-screenshot-28.png" width="800px"&gt;&lt;/a&gt;</msg>
<doc>Takes a screenshot of the current page and embeds it into a log file.</doc>
<status status="PASS" start="2026-08-10T18:14:06.631967" elapsed="2.150209"/>
</kw>
<kw name="Wait Until Element Is Visible" owner="SeleniumLibrary">
<arg>${SUBMIT_POST}</arg>
<arg>${TIMEOUT}</arg>
<doc>Waits until the element ``locator`` is visible.</doc>
<status status="PASS" start="2026-08-10T18:14:08.782902" elapsed="4.037517"/>
</kw>
<kw name="Click Element" owner="SeleniumLibrary">
<msg time="2026-08-10T18:14:12.821766" level="INFO">Clicking element 'xpath=//button[normalize-space()='Post']'.</msg>
<arg>${SUBMIT_POST}</arg>
<doc>Click the element identified by ``locator``.</doc>
<status status="PASS" start="2026-08-10T18:14:12.820982" elapsed="4.126071"/>
</kw>
<kw name="Wait Until Element Is Visible" owner="SeleniumLibrary">
<arg>${POST_BUTTON_HOME}</arg>
<arg>30s</arg>
<doc>Waits until the element ``locator`` is visible.</doc>
<status status="PASS" start="2026-08-10T18:14:16.947765" elapsed="4.029997"/>
</kw>
<kw name="Capture Page Screenshot" owner="SeleniumLibrary">
<msg time="2026-08-10T18:14:23.426374" level="INFO" html="true">&lt;/td&gt;&lt;/tr&gt;&lt;tr&gt;&lt;td colspan="3"&gt;&lt;a href="selenium-screenshot-29.png"&gt;&lt;img src="selenium-screenshot-29.png" width="800px"&gt;&lt;/a&gt;</msg>
<doc>Takes a screenshot of the current page and embeds it into a log file.</doc>
<status status="PASS" start="2026-08-10T18:14:20.978347" elapsed="2.448554"/>
</kw>
<status status="PASS" start="2026-08-10T18:13:28.744412" elapsed="54.682901"/>
</kw>
<status status="PASS" start="2026-08-10T18:11:54.998265" elapsed="148.430089"/>
</test>
<kw name="Close Browser" owner="SeleniumLibrary" type="TEARDOWN">
<doc>Closes the current browser.</doc>
<status status="PASS" start="2026-08-10T18:14:23.431574" elapsed="4.496249"/>
</kw>
<status status="PASS" start="2026-08-10T18:10:33.590608" elapsed="234.337446"/>
</suite>
<statistics>
<total>
<stat pass="1" fail="0" skip="0">All Tests</stat>
</total>
<tag>
</tag>
<suite>
<stat name="CreatePost" id="s1" pass="1" fail="0" skip="0">CreatePost</stat>
</suite>
</statistics>
<errors>
</errors>
</robot>
