<?xml version="1.0" encoding="UTF-8"?>
<robot generator="Robot 7.4.2 (Python 3.13.5 on win32)" generated="2026-08-10T17:17:46.483886" rpa="false" schemaversion="5">
<suite id="s1" name="Regression" source="C:\LinkCXO_RobotFramework\Tests\Regression.robot">
<test id="s1-t1" name="Create Post After Login" line="32">
<kw name="Open Application" owner="Browser" type="SETUP">
<kw name="Open Browser" owner="SeleniumLibrary">
<msg time="2026-08-10T17:17:46.766592" level="INFO">Opening browser 'Chrome' to base url 'https://dev.cxostory.in/'.</msg>
<arg>${URL}</arg>
<arg>${BROWSER}</arg>
<doc>Opens a new browser instance to the optional ``url``.</doc>
<status status="PASS" start="2026-08-10T17:17:46.766323" elapsed="57.388582"/>
</kw>
<kw name="Maximize Browser Window" owner="SeleniumLibrary">
<doc>Maximizes current browser window.</doc>
<status status="PASS" start="2026-08-10T17:18:44.155220" elapsed="0.064456"/>
</kw>
<kw name="Set Selenium Timeout" owner="SeleniumLibrary">
<arg>${TIMEOUT}</arg>
<doc>Sets the timeout that is used by various keywords.</doc>
<status status="PASS" start="2026-08-10T17:18:44.220278" elapsed="0.005683"/>
</kw>
<kw name="Set Selenium Implicit Wait" owner="SeleniumLibrary">
<arg>${IMPLICIT_WAIT}</arg>
<doc>Sets the implicit wait value used by Selenium.</doc>
<status status="PASS" start="2026-08-10T17:18:44.226203" elapsed="0.001643"/>
</kw>
<status status="PASS" start="2026-08-10T17:17:46.765687" elapsed="57.462376"/>
</kw>
<kw name="Login To Application" owner="LoginPage">
<kw name="Wait Until Element Is Visible" owner="SeleniumLibrary">
<arg>${LOGIN_BUTTON}</arg>
<arg>${TIMEOUT}</arg>
<doc>Waits until the element ``locator`` is visible.</doc>
<status status="PASS" start="2026-08-10T17:18:44.228958" elapsed="0.029275"/>
</kw>
<kw name="Click Element" owner="SeleniumLibrary">
<msg time="2026-08-10T17:18:44.258654" level="INFO">Clicking element 'xpath=//button[normalize-space()='Login']'.</msg>
<arg>${LOGIN_BUTTON}</arg>
<doc>Click the element identified by ``locator``.</doc>
<status status="PASS" start="2026-08-10T17:18:44.258414" elapsed="0.111900"/>
</kw>
<kw name="Wait Until Element Is Visible" owner="SeleniumLibrary">
<arg>${EMAIL_INPUT}</arg>
<arg>${TIMEOUT}</arg>
<doc>Waits until the element ``locator`` is visible.</doc>
<status status="PASS" start="2026-08-10T17:18:44.370589" elapsed="0.033395"/>
</kw>
<kw name="Input Text" owner="SeleniumLibrary">
<msg time="2026-08-10T17:18:44.404629" level="INFO">Typing text 'kprabhat956@gmail.com' into text field 'xpath=//input[@id='emailId']'.</msg>
<arg>${EMAIL_INPUT}</arg>
<arg>${EMAIL}</arg>
<doc>Types the given ``text`` into the text field identified by ``locator``.</doc>
<status status="PASS" start="2026-08-10T17:18:44.404308" elapsed="0.159175"/>
</kw>
<kw name="Wait Until Element Is Enabled" owner="SeleniumLibrary">
<arg>${CONTINUE_BUTTON}</arg>
<arg>${TIMEOUT}</arg>
<doc>Waits until the element ``locator`` is enabled.</doc>
<status status="PASS" start="2026-08-10T17:18:44.563751" elapsed="0.029652"/>
</kw>
<kw name="Click Element" owner="SeleniumLibrary">
<msg time="2026-08-10T17:18:44.593801" level="INFO">Clicking element 'xpath=//button[contains(normalize-space(),'Continue')]'.</msg>
<arg>${CONTINUE_BUTTON}</arg>
<doc>Click the element identified by ``locator``.</doc>
<status status="PASS" start="2026-08-10T17:18:44.593576" elapsed="0.087713"/>
</kw>
<kw name="Wait Until Element Is Visible" owner="SeleniumLibrary">
<arg>${OTP_INPUT_1}</arg>
<arg>${TIMEOUT}</arg>
<doc>Waits until the element ``locator`` is visible.</doc>
<status status="PASS" start="2026-08-10T17:18:44.681651" elapsed="0.014669"/>
</kw>
<kw name="Input Text" owner="SeleniumLibrary">
<msg time="2026-08-10T17:18:44.696772" level="INFO">Typing text '4' into text field 'xpath=//input[@name='otp-input-0']'.</msg>
<arg>${OTP_INPUT_1}</arg>
<arg>4</arg>
<doc>Types the given ``text`` into the text field identified by ``locator``.</doc>
<status status="PASS" start="2026-08-10T17:18:44.696515" elapsed="0.064861"/>
</kw>
<kw name="Input Text" owner="SeleniumLibrary">
<msg time="2026-08-10T17:18:44.761894" level="INFO">Typing text '4' into text field 'xpath=//input[@name='otp-input-1']'.</msg>
<arg>${OTP_INPUT_2}</arg>
<arg>4</arg>
<doc>Types the given ``text`` into the text field identified by ``locator``.</doc>
<status status="PASS" start="2026-08-10T17:18:44.761601" elapsed="0.055329"/>
</kw>
<kw name="Input Text" owner="SeleniumLibrary">
<msg time="2026-08-10T17:18:44.820542" level="INFO">Typing text '4' into text field 'xpath=//input[@name='otp-input-2']'.</msg>
<arg>${OTP_INPUT_3}</arg>
<arg>4</arg>
<doc>Types the given ``text`` into the text field identified by ``locator``.</doc>
<status status="PASS" start="2026-08-10T17:18:44.817452" elapsed="0.060869"/>
</kw>
<kw name="Input Text" owner="SeleniumLibrary">
<msg time="2026-08-10T17:18:44.878928" level="INFO">Typing text '4' into text field 'xpath=//input[@name='otp-input-3']'.</msg>
<arg>${OTP_INPUT_4}</arg>
<arg>4</arg>
<doc>Types the given ``text`` into the text field identified by ``locator``.</doc>
<status status="PASS" start="2026-08-10T17:18:44.878596" elapsed="0.061571"/>
</kw>
<kw name="Input Text" owner="SeleniumLibrary">
<msg time="2026-08-10T17:18:44.940728" level="INFO">Typing text '4' into text field 'xpath=//input[@name='otp-input-4']'.</msg>
<arg>${OTP_INPUT_5}</arg>
<arg>4</arg>
<doc>Types the given ``text`` into the text field identified by ``locator``.</doc>
<status status="PASS" start="2026-08-10T17:18:44.940400" elapsed="0.073123"/>
</kw>
<kw name="Input Text" owner="SeleniumLibrary">
<msg time="2026-08-10T17:18:45.014183" level="INFO">Typing text '4' into text field 'xpath=//input[@name='otp-input-5']'.</msg>
<arg>${OTP_INPUT_6}</arg>
<arg>4</arg>
<doc>Types the given ``text`` into the text field identified by ``locator``.</doc>
<status status="PASS" start="2026-08-10T17:18:45.013806" elapsed="0.074589"/>
</kw>
<kw name="Execute Javascript" owner="SeleniumLibrary">
<msg time="2026-08-10T17:18:45.089301" level="INFO">Executing JavaScript:
document.evaluate("//button[contains(@class,'mb-8') and contains(normalize-space(),'Continue')]", document, null, XPathResult.FIRST_ORDERED_NODE_TYPE, null).singleNodeValue.click();
Without any arguments.</msg>
<arg>document.evaluate("${VERIFY_BUTTON_XPATH}", document, null, XPathResult.FIRST_ORDERED_NODE_TYPE, null).singleNodeValue.click();</arg>
<doc>Executes the given JavaScript code with possible arguments.</doc>
<status status="PASS" start="2026-08-10T17:18:45.088847" elapsed="0.006921"/>
</kw>
<kw name="Wait Until Page Contains Element" owner="SeleniumLibrary">
<arg>${HOME_PAGE}</arg>
<arg>${TIMEOUT}</arg>
<doc>Waits until the element ``locator`` appears on the current page.</doc>
<status status="PASS" start="2026-08-10T17:18:45.095992" elapsed="0.010348"/>
</kw>
<kw name="Sleep" owner="BuiltIn">
<msg time="2026-08-10T17:19:05.107335" level="INFO">Slept 20 seconds.</msg>
<arg>20s</arg>
<doc>Pauses the test executed for the given time.</doc>
<status status="PASS" start="2026-08-10T17:18:45.106528" elapsed="20.001092"/>
</kw>
<status status="PASS" start="2026-08-10T17:18:44.228683" elapsed="20.879229"/>
</kw>
<kw name="Create New Post" owner="PostKeywords">
<kw name="Capture Page Screenshot" owner="SeleniumLibrary">
<msg time="2026-08-10T17:19:05.230220" level="INFO" html="true">&lt;/td&gt;&lt;/tr&gt;&lt;tr&gt;&lt;td colspan="3"&gt;&lt;a href="selenium-screenshot-8.png"&gt;&lt;img src="selenium-screenshot-8.png" width="800px"&gt;&lt;/a&gt;</msg>
<doc>Takes a screenshot of the current page and embeds it into a log file.</doc>
<status status="PASS" start="2026-08-10T17:19:05.109722" elapsed="0.120780"/>
</kw>
<kw name="Wait Until Element Is Visible" owner="SeleniumLibrary">
<arg>${POST_BUTTON_HOME}</arg>
<arg>30s</arg>
<doc>Waits until the element ``locator`` is visible.</doc>
<status status="PASS" start="2026-08-10T17:19:05.230934" elapsed="0.012662"/>
</kw>
<kw name="Click Element" owner="SeleniumLibrary">
<msg time="2026-08-10T17:19:05.243987" level="INFO">Clicking element 'xpath=//button[normalize-space()='Post']'.</msg>
<arg>${POST_BUTTON_HOME}</arg>
<doc>Click the element identified by ``locator``.</doc>
<status status="PASS" start="2026-08-10T17:19:05.243762" elapsed="0.061147"/>
</kw>
<kw name="Wait Until Element Is Visible" owner="SeleniumLibrary">
<arg>${POST_OPTION}</arg>
<arg>${TIMEOUT}</arg>
<doc>Waits until the element ``locator`` is visible.</doc>
<status status="PASS" start="2026-08-10T17:19:05.305449" elapsed="0.229443"/>
</kw>
<kw name="Click Element" owner="SeleniumLibrary">
<msg time="2026-08-10T17:19:05.535263" level="INFO">Clicking element 'xpath=//h1[normalize-space()='Create a post']'.</msg>
<arg>${POST_OPTION}</arg>
<doc>Click the element identified by ``locator``.</doc>
<status status="PASS" start="2026-08-10T17:19:05.535051" elapsed="0.056846"/>
</kw>
<kw name="Wait Until Element Is Visible" owner="SeleniumLibrary">
<arg>${POST_TEXTBOX}</arg>
<arg>30s</arg>
<doc>Waits until the element ``locator`` is visible.</doc>
<status status="PASS" start="2026-08-10T17:19:05.592128" elapsed="0.754381"/>
</kw>
<kw name="Input Text" owner="SeleniumLibrary">
<msg time="2026-08-10T17:19:06.347080" level="INFO">Typing text 'This is an automated test post.' into text field 'xpath=//textarea[@rows='10']'.</msg>
<arg>${POST_TEXTBOX}</arg>
<arg>${POST_CONTENT}</arg>
<doc>Types the given ``text`` into the text field identified by ``locator``.</doc>
<status status="PASS" start="2026-08-10T17:19:06.346697" elapsed="0.073385"/>
</kw>
<kw name="Choose File" owner="SeleniumLibrary">
<msg time="2026-08-10T17:19:06.420716" level="INFO">Sending C:\LinkCXO_RobotFramework\Images\post-image.jpg to browser.</msg>
<arg>${IMAGE_UPLOAD}</arg>
<arg>${POST_IMAGE}</arg>
<doc>Inputs the ``file_path`` into the file input field ``locator``.</doc>
<status status="PASS" start="2026-08-10T17:19:06.420318" elapsed="0.019176"/>
</kw>
<kw name="Sleep" owner="BuiltIn">
<msg time="2026-08-10T17:19:11.440229" level="INFO">Slept 5 seconds.</msg>
<arg>5s</arg>
<doc>Pauses the test executed for the given time.</doc>
<status status="PASS" start="2026-08-10T17:19:06.439665" elapsed="5.000671"/>
</kw>
<kw name="Capture Page Screenshot" owner="SeleniumLibrary">
<msg time="2026-08-10T17:19:11.572510" level="INFO" html="true">&lt;/td&gt;&lt;/tr&gt;&lt;tr&gt;&lt;td colspan="3"&gt;&lt;a href="selenium-screenshot-9.png"&gt;&lt;img src="selenium-screenshot-9.png" width="800px"&gt;&lt;/a&gt;</msg>
<doc>Takes a screenshot of the current page and embeds it into a log file.</doc>
<status status="PASS" start="2026-08-10T17:19:11.440495" elapsed="0.132163"/>
</kw>
<kw name="Wait Until Element Is Visible" owner="SeleniumLibrary">
<arg>${SUBMIT_POST}</arg>
<arg>${TIMEOUT}</arg>
<doc>Waits until the element ``locator`` is visible.</doc>
<status status="PASS" start="2026-08-10T17:19:11.573002" elapsed="0.011076"/>
</kw>
<kw name="Click Element" owner="SeleniumLibrary">
<msg time="2026-08-10T17:19:11.584439" level="INFO">Clicking element 'xpath=//button[normalize-space()='Post']'.</msg>
<arg>${SUBMIT_POST}</arg>
<doc>Click the element identified by ``locator``.</doc>
<status status="PASS" start="2026-08-10T17:19:11.584237" elapsed="0.033989"/>
</kw>
<kw name="Wait Until Element Is Visible" owner="SeleniumLibrary">
<arg>${POST_BUTTON_HOME}</arg>
<arg>30s</arg>
<doc>Waits until the element ``locator`` is visible.</doc>
<status status="PASS" start="2026-08-10T17:19:11.618503" elapsed="0.008741"/>
</kw>
<kw name="Capture Page Screenshot" owner="SeleniumLibrary">
<msg time="2026-08-10T17:19:11.751242" level="INFO" html="true">&lt;/td&gt;&lt;/tr&gt;&lt;tr&gt;&lt;td colspan="3"&gt;&lt;a href="selenium-screenshot-10.png"&gt;&lt;img src="selenium-screenshot-10.png" width="800px"&gt;&lt;/a&gt;</msg>
<doc>Takes a screenshot of the current page and embeds it into a log file.</doc>
<status status="PASS" start="2026-08-10T17:19:11.627415" elapsed="0.123945"/>
</kw>
<status status="PASS" start="2026-08-10T17:19:05.109003" elapsed="6.642441"/>
</kw>
<kw name="Capture Page Screenshot" owner="SeleniumLibrary">
<msg time="2026-08-10T17:19:11.901581" level="INFO" html="true">&lt;/td&gt;&lt;/tr&gt;&lt;tr&gt;&lt;td colspan="3"&gt;&lt;a href="CreatePost.png"&gt;&lt;img src="CreatePost.png" width="800px"&gt;&lt;/a&gt;</msg>
<arg>${OUTPUT DIR}/CreatePost.png</arg>
<doc>Takes a screenshot of the current page and embeds it into a log file.</doc>
<status status="PASS" start="2026-08-10T17:19:11.751675" elapsed="0.150009"/>
</kw>
<kw name="Close Application" owner="Browser" type="TEARDOWN">
<kw name="Capture Page Screenshot" owner="SeleniumLibrary">
<msg time="2026-08-10T17:19:12.034684" level="INFO" html="true">&lt;/td&gt;&lt;/tr&gt;&lt;tr&gt;&lt;td colspan="3"&gt;&lt;a href="selenium-screenshot-11.png"&gt;&lt;img src="selenium-screenshot-11.png" width="800px"&gt;&lt;/a&gt;</msg>
<doc>Takes a screenshot of the current page and embeds it into a log file.</doc>
<status status="PASS" start="2026-08-10T17:19:11.902979" elapsed="0.131839"/>
</kw>
<kw name="Close Browser" owner="SeleniumLibrary">
<doc>Closes the current browser.</doc>
<status status="PASS" start="2026-08-10T17:19:12.035110" elapsed="2.312373"/>
</kw>
<status status="PASS" start="2026-08-10T17:19:11.902306" elapsed="2.445442"/>
</kw>
<status status="PASS" start="2026-08-10T17:17:46.764862" elapsed="87.583140"/>
</test>
<test id="s1-t2" name="Create Query Successfully" line="37">
<kw name="Open Application" owner="Browser" type="SETUP">
<kw name="Open Browser" owner="SeleniumLibrary">
<msg time="2026-08-10T17:19:14.349881" level="INFO">Opening browser 'Chrome' to base url 'https://dev.cxostory.in/'.</msg>
<arg>${URL}</arg>
<arg>${BROWSER}</arg>
<doc>Opens a new browser instance to the optional ``url``.</doc>
<status status="PASS" start="2026-08-10T17:19:14.349586" elapsed="54.289860"/>
</kw>
<kw name="Maximize Browser Window" owner="SeleniumLibrary">
<doc>Maximizes current browser window.</doc>
<status status="PASS" start="2026-08-10T17:20:08.639685" elapsed="0.081196"/>
</kw>
<kw name="Set Selenium Timeout" owner="SeleniumLibrary">
<arg>${TIMEOUT}</arg>
<doc>Sets the timeout that is used by various keywords.</doc>
<status status="PASS" start="2026-08-10T17:20:08.721292" elapsed="0.001482"/>
</kw>
<kw name="Set Selenium Implicit Wait" owner="SeleniumLibrary">
<arg>${IMPLICIT_WAIT}</arg>
<doc>Sets the implicit wait value used by Selenium.</doc>
<status status="PASS" start="2026-08-10T17:20:08.722941" elapsed="0.001267"/>
</kw>
<status status="PASS" start="2026-08-10T17:19:14.349264" elapsed="54.375093"/>
</kw>
<kw name="Login To Application" owner="LoginPage">
<kw name="Wait Until Element Is Visible" owner="SeleniumLibrary">
<arg>${LOGIN_BUTTON}</arg>
<arg>${TIMEOUT}</arg>
<doc>Waits until the element ``locator`` is visible.</doc>
<status status="PASS" start="2026-08-10T17:20:08.725570" elapsed="0.056193"/>
</kw>
<kw name="Click Element" owner="SeleniumLibrary">
<msg time="2026-08-10T17:20:08.782420" level="INFO">Clicking element 'xpath=//button[normalize-space()='Login']'.</msg>
<arg>${LOGIN_BUTTON}</arg>
<doc>Click the element identified by ``locator``.</doc>
<status status="PASS" start="2026-08-10T17:20:08.782063" elapsed="0.121505"/>
</kw>
<kw name="Wait Until Element Is Visible" owner="SeleniumLibrary">
<arg>${EMAIL_INPUT}</arg>
<arg>${TIMEOUT}</arg>
<doc>Waits until the element ``locator`` is visible.</doc>
<status status="PASS" start="2026-08-10T17:20:08.903855" elapsed="0.037793"/>
</kw>
<kw name="Input Text" owner="SeleniumLibrary">
<msg time="2026-08-10T17:20:08.942090" level="INFO">Typing text 'kprabhat956@gmail.com' into text field 'xpath=//input[@id='emailId']'.</msg>
<arg>${EMAIL_INPUT}</arg>
<arg>${EMAIL}</arg>
<doc>Types the given ``text`` into the text field identified by ``locator``.</doc>
<status status="PASS" start="2026-08-10T17:20:08.941824" elapsed="0.106640"/>
</kw>
<kw name="Wait Until Element Is Enabled" owner="SeleniumLibrary">
<arg>${CONTINUE_BUTTON}</arg>
<arg>${TIMEOUT}</arg>
<doc>Waits until the element ``locator`` is enabled.</doc>
<status status="PASS" start="2026-08-10T17:20:09.048667" elapsed="0.021407"/>
</kw>
<kw name="Click Element" owner="SeleniumLibrary">
<msg time="2026-08-10T17:20:09.070900" level="INFO">Clicking element 'xpath=//button[contains(normalize-space(),'Continue')]'.</msg>
<arg>${CONTINUE_BUTTON}</arg>
<doc>Click the element identified by ``locator``.</doc>
<status status="PASS" start="2026-08-10T17:20:09.070514" elapsed="0.086791"/>
</kw>
<kw name="Wait Until Element Is Visible" owner="SeleniumLibrary">
<arg>${OTP_INPUT_1}</arg>
<arg>${TIMEOUT}</arg>
<doc>Waits until the element ``locator`` is visible.</doc>
<status status="PASS" start="2026-08-10T17:20:09.157472" elapsed="0.012464"/>
</kw>
<kw name="Input Text" owner="SeleniumLibrary">
<msg time="2026-08-10T17:20:09.170342" level="INFO">Typing text '4' into text field 'xpath=//input[@name='otp-input-0']'.</msg>
<arg>${OTP_INPUT_1}</arg>
<arg>4</arg>
<doc>Types the given ``text`` into the text field identified by ``locator``.</doc>
<status status="PASS" start="2026-08-10T17:20:09.170112" elapsed="0.070910"/>
</kw>
<kw name="Input Text" owner="SeleniumLibrary">
<msg time="2026-08-10T17:20:09.241831" level="INFO">Typing text '4' into text field 'xpath=//input[@name='otp-input-1']'.</msg>
<arg>${OTP_INPUT_2}</arg>
<arg>4</arg>
<doc>Types the given ``text`` into the text field identified by ``locator``.</doc>
<status status="PASS" start="2026-08-10T17:20:09.241420" elapsed="0.061673"/>
</kw>
<kw name="Input Text" owner="SeleniumLibrary">
<msg time="2026-08-10T17:20:09.303747" level="INFO">Typing text '4' into text field 'xpath=//input[@name='otp-input-2']'.</msg>
<arg>${OTP_INPUT_3}</arg>
<arg>4</arg>
<doc>Types the given ``text`` into the text field identified by ``locator``.</doc>
<status status="PASS" start="2026-08-10T17:20:09.303351" elapsed="0.052958"/>
</kw>
<kw name="Input Text" owner="SeleniumLibrary">
<msg time="2026-08-10T17:20:09.356926" level="INFO">Typing text '4' into text field 'xpath=//input[@name='otp-input-3']'.</msg>
<arg>${OTP_INPUT_4}</arg>
<arg>4</arg>
<doc>Types the given ``text`` into the text field identified by ``locator``.</doc>
<status status="PASS" start="2026-08-10T17:20:09.356583" elapsed="0.063440"/>
</kw>
<kw name="Input Text" owner="SeleniumLibrary">
<msg time="2026-08-10T17:20:09.420590" level="INFO">Typing text '4' into text field 'xpath=//input[@name='otp-input-4']'.</msg>
<arg>${OTP_INPUT_5}</arg>
<arg>4</arg>
<doc>Types the given ``text`` into the text field identified by ``locator``.</doc>
<status status="PASS" start="2026-08-10T17:20:09.420261" elapsed="0.053124"/>
</kw>
<kw name="Input Text" owner="SeleniumLibrary">
<msg time="2026-08-10T17:20:09.474114" level="INFO">Typing text '4' into text field 'xpath=//input[@name='otp-input-5']'.</msg>
<arg>${OTP_INPUT_6}</arg>
<arg>4</arg>
<doc>Types the given ``text`` into the text field identified by ``locator``.</doc>
<status status="PASS" start="2026-08-10T17:20:09.473711" elapsed="0.052619"/>
</kw>
<kw name="Execute Javascript" owner="SeleniumLibrary">
<msg time="2026-08-10T17:20:09.526932" level="INFO">Executing JavaScript:
document.evaluate("//button[contains(@class,'mb-8') and contains(normalize-space(),'Continue')]", document, null, XPathResult.FIRST_ORDERED_NODE_TYPE, null).singleNodeValue.click();
Without any arguments.</msg>
<arg>document.evaluate("${VERIFY_BUTTON_XPATH}", document, null, XPathResult.FIRST_ORDERED_NODE_TYPE, null).singleNodeValue.click();</arg>
<doc>Executes the given JavaScript code with possible arguments.</doc>
<status status="PASS" start="2026-08-10T17:20:09.526585" elapsed="0.010396"/>
</kw>
<kw name="Wait Until Page Contains Element" owner="SeleniumLibrary">
<arg>${HOME_PAGE}</arg>
<arg>${TIMEOUT}</arg>
<doc>Waits until the element ``locator`` appears on the current page.</doc>
<status status="PASS" start="2026-08-10T17:20:09.537201" elapsed="0.006974"/>
</kw>
<kw name="Sleep" owner="BuiltIn">
<msg time="2026-08-10T17:20:29.546669" level="INFO">Slept 20 seconds.</msg>
<arg>20s</arg>
<doc>Pauses the test executed for the given time.</doc>
<status status="PASS" start="2026-08-10T17:20:09.544540" elapsed="20.002383"/>
</kw>
<status status="PASS" start="2026-08-10T17:20:08.724980" elapsed="20.822181"/>
</kw>
<kw name="Create New Query" owner="QueryPage">
<kw name="Wait Until Element Is Visible" owner="SeleniumLibrary">
<arg>${POST_BUTTON}</arg>
<arg>${TIMEOUT}</arg>
<doc>Waits until the element ``locator`` is visible.</doc>
<status status="PASS" start="2026-08-10T17:20:29.548934" elapsed="0.024477"/>
</kw>
<kw name="Wait Until Element Is Enabled" owner="SeleniumLibrary">
<arg>${POST_BUTTON}</arg>
<arg>${TIMEOUT}</arg>
<doc>Waits until the element ``locator`` is enabled.</doc>
<status status="PASS" start="2026-08-10T17:20:29.573585" elapsed="0.010522"/>
</kw>
<kw name="Click Element" owner="SeleniumLibrary">
<msg time="2026-08-10T17:20:29.584535" level="INFO">Clicking element 'xpath=//button[normalize-space()='Post']'.</msg>
<arg>${POST_BUTTON}</arg>
<doc>Click the element identified by ``locator``.</doc>
<status status="PASS" start="2026-08-10T17:20:29.584297" elapsed="0.059046"/>
</kw>
<kw name="Wait Until Element Is Visible" owner="SeleniumLibrary">
<arg>${CREATE_QUERY_OPTION}</arg>
<arg>${TIMEOUT}</arg>
<doc>Waits until the element ``locator`` is visible.</doc>
<status status="PASS" start="2026-08-10T17:20:29.643561" elapsed="0.230281"/>
</kw>
<kw name="Click Element" owner="SeleniumLibrary">
<msg time="2026-08-10T17:20:29.874217" level="INFO">Clicking element 'xpath=//h1[contains(normalize-space(),'Post as a query')]'.</msg>
<arg>${CREATE_QUERY_OPTION}</arg>
<doc>Click the element identified by ``locator``.</doc>
<status status="PASS" start="2026-08-10T17:20:29.874010" elapsed="0.054998"/>
</kw>
<kw name="Wait Until Element Is Visible" owner="SeleniumLibrary">
<arg>${QUERY_CATEGORY_DROPDOWN}</arg>
<arg>${TIMEOUT}</arg>
<doc>Waits until the element ``locator`` is visible.</doc>
<status status="PASS" start="2026-08-10T17:20:29.929194" elapsed="0.980817"/>
</kw>
<kw name="Click Element" owner="SeleniumLibrary">
<msg time="2026-08-10T17:20:30.910548" level="INFO">Clicking element 'xpath=//label[contains(text(),'Categ')]/following::div[1]'.</msg>
<arg>${QUERY_CATEGORY_DROPDOWN}</arg>
<doc>Click the element identified by ``locator``.</doc>
<status status="PASS" start="2026-08-10T17:20:30.910325" elapsed="0.043058"/>
</kw>
<kw name="Wait Until Element Is Visible" owner="SeleniumLibrary">
<arg>${QUERY_CATEGORY_OPTION}</arg>
<arg>${TIMEOUT}</arg>
<doc>Waits until the element ``locator`` is visible.</doc>
<status status="PASS" start="2026-08-10T17:20:30.953559" elapsed="0.015109"/>
</kw>
<kw name="Click Element" owner="SeleniumLibrary">
<msg time="2026-08-10T17:20:30.969173" level="INFO">Clicking element 'xpath=//div[@role='option'][1]'.</msg>
<arg>${QUERY_CATEGORY_OPTION}</arg>
<doc>Click the element identified by ``locator``.</doc>
<status status="PASS" start="2026-08-10T17:20:30.968909" elapsed="0.034775"/>
</kw>
<kw name="Wait Until Element Is Visible" owner="SeleniumLibrary">
<arg>${QUERY_QUESTIONS}</arg>
<arg>${TIMEOUT}</arg>
<doc>Waits until the element ``locator`` is visible.</doc>
<status status="PASS" start="2026-08-10T17:20:31.003984" elapsed="0.013475"/>
</kw>
<kw name="Input Text" owner="SeleniumLibrary">
<msg time="2026-08-10T17:20:31.017866" level="INFO">Typing text 'How do I update my company profile?' into text field 'xpath=//input[@placeholder='Enter Questions']'.</msg>
<arg>${QUERY_QUESTIONS}</arg>
<arg>${QUERY_QUESTION_TEXT}</arg>
<doc>Types the given ``text`` into the text field identified by ``locator``.</doc>
<status status="PASS" start="2026-08-10T17:20:31.017629" elapsed="0.105278"/>
</kw>
<kw name="Wait Until Element Is Visible" owner="SeleniumLibrary">
<arg>${QUERY_DESCRIPTION}</arg>
<arg>${TIMEOUT}</arg>
<doc>Waits until the element ``locator`` is visible.</doc>
<status status="PASS" start="2026-08-10T17:20:31.123074" elapsed="0.011343"/>
</kw>
<kw name="Input Text" owner="SeleniumLibrary">
<msg time="2026-08-10T17:20:31.134815" level="INFO">Typing text 'Need help finding where to edit company details on LinkCXO' into text field 'xpath=//textarea[@placeholder='Add a brief description']'.</msg>
<arg>${QUERY_DESCRIPTION}</arg>
<arg>${QUERY_DESCRIPTION_TEXT}</arg>
<doc>Types the given ``text`` into the text field identified by ``locator``.</doc>
<status status="PASS" start="2026-08-10T17:20:31.134582" elapsed="0.139484"/>
</kw>
<kw name="Wait Until Element Is Enabled" owner="SeleniumLibrary">
<arg>${QUERY_SAVE_BUTTON}</arg>
<arg>${TIMEOUT}</arg>
<doc>Waits until the element ``locator`` is enabled.</doc>
<status status="PASS" start="2026-08-10T17:20:31.274331" elapsed="0.015312"/>
</kw>
<kw name="Click Element" owner="SeleniumLibrary">
<msg time="2026-08-10T17:20:31.290111" level="INFO">Clicking element 'xpath=//button[normalize-space()='Save Query']'.</msg>
<arg>${QUERY_SAVE_BUTTON}</arg>
<doc>Click the element identified by ``locator``.</doc>
<status status="PASS" start="2026-08-10T17:20:31.289867" elapsed="0.054705"/>
</kw>
<kw name="Wait Until Element Is Visible" owner="SeleniumLibrary">
<arg>${QUERY_SUCCESS_MESSAGE}</arg>
<arg>${TIMEOUT}</arg>
<doc>Waits until the element ``locator`` is visible.</doc>
<status status="PASS" start="2026-08-10T17:20:31.344743" elapsed="0.228661"/>
</kw>
<doc>Creates a query by selecting a category, entering a question,
and a description, then saves it</doc>
<status status="PASS" start="2026-08-10T17:20:29.548194" elapsed="2.025330"/>
</kw>
<kw name="Capture Page Screenshot" owner="SeleniumLibrary">
<msg time="2026-08-10T17:20:31.755705" level="INFO" html="true">&lt;/td&gt;&lt;/tr&gt;&lt;tr&gt;&lt;td colspan="3"&gt;&lt;a href="CreateQuery.png"&gt;&lt;img src="CreateQuery.png" width="800px"&gt;&lt;/a&gt;</msg>
<arg>${OUTPUT DIR}/CreateQuery.png</arg>
<doc>Takes a screenshot of the current page and embeds it into a log file.</doc>
<status status="PASS" start="2026-08-10T17:20:31.573797" elapsed="0.182044"/>
</kw>
<kw name="Close Application" owner="Browser" type="TEARDOWN">
<kw name="Capture Page Screenshot" owner="SeleniumLibrary">
<msg time="2026-08-10T17:20:31.921666" level="INFO" html="true">&lt;/td&gt;&lt;/tr&gt;&lt;tr&gt;&lt;td colspan="3"&gt;&lt;a href="selenium-screenshot-12.png"&gt;&lt;img src="selenium-screenshot-12.png" width="800px"&gt;&lt;/a&gt;</msg>
<doc>Takes a screenshot of the current page and embeds it into a log file.</doc>
<status status="PASS" start="2026-08-10T17:20:31.757000" elapsed="0.164778"/>
</kw>
<kw name="Close Browser" owner="SeleniumLibrary">
<doc>Closes the current browser.</doc>
<status status="PASS" start="2026-08-10T17:20:31.921954" elapsed="2.236672"/>
</kw>
<status status="PASS" start="2026-08-10T17:20:31.756397" elapsed="2.402402"/>
</kw>
<status status="PASS" start="2026-08-10T17:19:14.348598" elapsed="79.810387"/>
</test>
<test id="s1-t3" name="Create Poll After Login" line="42">
<kw name="Open Application" owner="Browser" type="SETUP">
<kw name="Open Browser" owner="SeleniumLibrary">
<msg time="2026-08-10T17:20:34.160912" level="INFO">Opening browser 'Chrome' to base url 'https://dev.cxostory.in/'.</msg>
<arg>${URL}</arg>
<arg>${BROWSER}</arg>
<doc>Opens a new browser instance to the optional ``url``.</doc>
<status status="PASS" start="2026-08-10T17:20:34.160562" elapsed="45.244054"/>
</kw>
<kw name="Maximize Browser Window" owner="SeleniumLibrary">
<doc>Maximizes current browser window.</doc>
<status status="PASS" start="2026-08-10T17:21:19.404911" elapsed="0.070439"/>
</kw>
<kw name="Set Selenium Timeout" owner="SeleniumLibrary">
<arg>${TIMEOUT}</arg>
<doc>Sets the timeout that is used by various keywords.</doc>
<status status="PASS" start="2026-08-10T17:21:19.475699" elapsed="0.005613"/>
</kw>
<kw name="Set Selenium Implicit Wait" owner="SeleniumLibrary">
<arg>${IMPLICIT_WAIT}</arg>
<doc>Sets the implicit wait value used by Selenium.</doc>
<status status="PASS" start="2026-08-10T17:21:19.482301" elapsed="0.001922"/>
</kw>
<status status="PASS" start="2026-08-10T17:20:34.160052" elapsed="45.324300"/>
</kw>
<kw name="Login To Application" owner="LoginPage">
<kw name="Wait Until Element Is Visible" owner="SeleniumLibrary">
<arg>${LOGIN_BUTTON}</arg>
<arg>${TIMEOUT}</arg>
<doc>Waits until the element ``locator`` is visible.</doc>
<status status="PASS" start="2026-08-10T17:21:19.485404" elapsed="0.029358"/>
</kw>
<kw name="Click Element" owner="SeleniumLibrary">
<msg time="2026-08-10T17:21:19.515678" level="INFO">Clicking element 'xpath=//button[normalize-space()='Login']'.</msg>
<arg>${LOGIN_BUTTON}</arg>
<doc>Click the element identified by ``locator``.</doc>
<status status="PASS" start="2026-08-10T17:21:19.515149" elapsed="0.099715"/>
</kw>
<kw name="Wait Until Element Is Visible" owner="SeleniumLibrary">
<arg>${EMAIL_INPUT}</arg>
<arg>${TIMEOUT}</arg>
<doc>Waits until the element ``locator`` is visible.</doc>
<status status="PASS" start="2026-08-10T17:21:19.615101" elapsed="0.016144"/>
</kw>
<kw name="Input Text" owner="SeleniumLibrary">
<msg time="2026-08-10T17:21:19.631679" level="INFO">Typing text 'kprabhat956@gmail.com' into text field 'xpath=//input[@id='emailId']'.</msg>
<arg>${EMAIL_INPUT}</arg>
<arg>${EMAIL}</arg>
<doc>Types the given ``text`` into the text field identified by ``locator``.</doc>
<status status="PASS" start="2026-08-10T17:21:19.631422" elapsed="0.109928"/>
</kw>
<kw name="Wait Until Element Is Enabled" owner="SeleniumLibrary">
<arg>${CONTINUE_BUTTON}</arg>
<arg>${TIMEOUT}</arg>
<doc>Waits until the element ``locator`` is enabled.</doc>
<status status="PASS" start="2026-08-10T17:21:19.741636" elapsed="0.020398"/>
</kw>
<kw name="Click Element" owner="SeleniumLibrary">
<msg time="2026-08-10T17:21:19.762667" level="INFO">Clicking element 'xpath=//button[contains(normalize-space(),'Continue')]'.</msg>
<arg>${CONTINUE_BUTTON}</arg>
<doc>Click the element identified by ``locator``.</doc>
<status status="PASS" start="2026-08-10T17:21:19.762293" elapsed="0.074626"/>
</kw>
<kw name="Wait Until Element Is Visible" owner="SeleniumLibrary">
<arg>${OTP_INPUT_1}</arg>
<arg>${TIMEOUT}</arg>
<doc>Waits until the element ``locator`` is visible.</doc>
<status status="PASS" start="2026-08-10T17:21:19.837094" elapsed="0.011457"/>
</kw>
<kw name="Input Text" owner="SeleniumLibrary">
<msg time="2026-08-10T17:21:19.848953" level="INFO">Typing text '4' into text field 'xpath=//input[@name='otp-input-0']'.</msg>
<arg>${OTP_INPUT_1}</arg>
<arg>4</arg>
<doc>Types the given ``text`` into the text field identified by ``locator``.</doc>
<status status="PASS" start="2026-08-10T17:21:19.848726" elapsed="0.055063"/>
</kw>
<kw name="Input Text" owner="SeleniumLibrary">
<msg time="2026-08-10T17:21:19.904334" level="INFO">Typing text '4' into text field 'xpath=//input[@name='otp-input-1']'.</msg>
<arg>${OTP_INPUT_2}</arg>
<arg>4</arg>
<doc>Types the given ``text`` into the text field identified by ``locator``.</doc>
<status status="PASS" start="2026-08-10T17:21:19.904030" elapsed="0.064727"/>
</kw>
<kw name="Input Text" owner="SeleniumLibrary">
<msg time="2026-08-10T17:21:19.969346" level="INFO">Typing text '4' into text field 'xpath=//input[@name='otp-input-2']'.</msg>
<arg>${OTP_INPUT_3}</arg>
<arg>4</arg>
<doc>Types the given ``text`` into the text field identified by ``locator``.</doc>
<status status="PASS" start="2026-08-10T17:21:19.968998" elapsed="0.047807"/>
</kw>
<kw name="Input Text" owner="SeleniumLibrary">
<msg time="2026-08-10T17:21:20.017346" level="INFO">Typing text '4' into text field 'xpath=//input[@name='otp-input-3']'.</msg>
<arg>${OTP_INPUT_4}</arg>
<arg>4</arg>
<doc>Types the given ``text`` into the text field identified by ``locator``.</doc>
<status status="PASS" start="2026-08-10T17:21:20.017047" elapsed="0.048234"/>
</kw>
<kw name="Input Text" owner="SeleniumLibrary">
<msg time="2026-08-10T17:21:20.065899" level="INFO">Typing text '4' into text field 'xpath=//input[@name='otp-input-4']'.</msg>
<arg>${OTP_INPUT_5}</arg>
<arg>4</arg>
<doc>Types the given ``text`` into the text field identified by ``locator``.</doc>
<status status="PASS" start="2026-08-10T17:21:20.065561" elapsed="0.049609"/>
</kw>
<kw name="Input Text" owner="SeleniumLibrary">
<msg time="2026-08-10T17:21:20.115727" level="INFO">Typing text '4' into text field 'xpath=//input[@name='otp-input-5']'.</msg>
<arg>${OTP_INPUT_6}</arg>
<arg>4</arg>
<doc>Types the given ``text`` into the text field identified by ``locator``.</doc>
<status status="PASS" start="2026-08-10T17:21:20.115470" elapsed="0.054149"/>
</kw>
<kw name="Execute Javascript" owner="SeleniumLibrary">
<msg time="2026-08-10T17:21:20.170028" level="INFO">Executing JavaScript:
document.evaluate("//button[contains(@class,'mb-8') and contains(normalize-space(),'Continue')]", document, null, XPathResult.FIRST_ORDERED_NODE_TYPE, null).singleNodeValue.click();
Without any arguments.</msg>
<arg>document.evaluate("${VERIFY_BUTTON_XPATH}", document, null, XPathResult.FIRST_ORDERED_NODE_TYPE, null).singleNodeValue.click();</arg>
<doc>Executes the given JavaScript code with possible arguments.</doc>
<status status="PASS" start="2026-08-10T17:21:20.169806" elapsed="0.011530"/>
</kw>
<kw name="Wait Until Page Contains Element" owner="SeleniumLibrary">
<arg>${HOME_PAGE}</arg>
<arg>${TIMEOUT}</arg>
<doc>Waits until the element ``locator`` appears on the current page.</doc>
<status status="PASS" start="2026-08-10T17:21:20.181527" elapsed="0.006306"/>
</kw>
<kw name="Sleep" owner="BuiltIn">
<msg time="2026-08-10T17:21:40.189218" level="INFO">Slept 20 seconds.</msg>
<arg>20s</arg>
<doc>Pauses the test executed for the given time.</doc>
<status status="PASS" start="2026-08-10T17:21:20.187999" elapsed="20.001583"/>
</kw>
<status status="PASS" start="2026-08-10T17:21:19.484938" elapsed="20.704938"/>
</kw>
<kw name="Create New Poll" owner="PollPage">
<kw name="Wait Until Element Is Visible" owner="SeleniumLibrary">
<arg>${POST_BUTTON}</arg>
<arg>${TIMEOUT}</arg>
<doc>Waits until the element ``locator`` is visible.</doc>
<status status="PASS" start="2026-08-10T17:21:40.191934" elapsed="0.023203"/>
</kw>
<kw name="Wait Until Element Is Enabled" owner="SeleniumLibrary">
<arg>${POST_BUTTON}</arg>
<arg>${TIMEOUT}</arg>
<doc>Waits until the element ``locator`` is enabled.</doc>
<status status="PASS" start="2026-08-10T17:21:40.215300" elapsed="0.011428"/>
</kw>
<kw name="Click Element" owner="SeleniumLibrary">
<msg time="2026-08-10T17:21:40.227102" level="INFO">Clicking element 'xpath=//button[normalize-space()='Post']'.</msg>
<arg>${POST_BUTTON}</arg>
<doc>Click the element identified by ``locator``.</doc>
<status status="PASS" start="2026-08-10T17:21:40.226894" elapsed="0.057269"/>
</kw>
<kw name="Wait Until Element Is Visible" owner="SeleniumLibrary">
<arg>${CREATE_POLL_OPTION}</arg>
<arg>${TIMEOUT}</arg>
<doc>Waits until the element ``locator`` is visible.</doc>
<status status="PASS" start="2026-08-10T17:21:40.284389" elapsed="0.228330"/>
</kw>
<kw name="Click Element" owner="SeleniumLibrary">
<msg time="2026-08-10T17:21:40.513144" level="INFO">Clicking element 'xpath=//h1[contains(normalize-space(),'Create a poll')]'.</msg>
<arg>${CREATE_POLL_OPTION}</arg>
<doc>Click the element identified by ``locator``.</doc>
<status status="PASS" start="2026-08-10T17:21:40.512933" elapsed="0.058553"/>
</kw>
<kw name="Wait Until Element Is Visible" owner="SeleniumLibrary">
<arg>${POLL_QUESTION}</arg>
<arg>${TIMEOUT}</arg>
<doc>Waits until the element ``locator`` is visible.</doc>
<status status="PASS" start="2026-08-10T17:21:40.571664" elapsed="0.740370"/>
</kw>
<kw name="Input Text" owner="SeleniumLibrary">
<msg time="2026-08-10T17:21:41.312452" level="INFO">Typing text 'What is your favorite feature on LinkCXO?' into text field 'xpath=(//textarea[@id='question'])[1]'.</msg>
<arg>${POLL_QUESTION}</arg>
<arg>${POLL_QUESTION_TEXT}</arg>
<doc>Types the given ``text`` into the text field identified by ``locator``.</doc>
<status status="PASS" start="2026-08-10T17:21:41.312202" elapsed="0.091808"/>
</kw>
<kw name="Wait Until Element Is Visible" owner="SeleniumLibrary">
<arg>${CATEGORY_DROPDOWN}</arg>
<arg>${TIMEOUT}</arg>
<doc>Waits until the element ``locator`` is visible.</doc>
<status status="PASS" start="2026-08-10T17:21:41.404226" elapsed="0.013589"/>
</kw>
<kw name="Click Element" owner="SeleniumLibrary">
<msg time="2026-08-10T17:21:41.418538" level="INFO">Clicking element 'xpath=//label[contains(.,'Category')]/following::div[contains(@class,'control')][1]'.</msg>
<arg>${CATEGORY_DROPDOWN}</arg>
<doc>Click the element identified by ``locator``.</doc>
<status status="PASS" start="2026-08-10T17:21:41.418152" elapsed="0.046753"/>
</kw>
<kw name="Wait Until Element Is Visible" owner="SeleniumLibrary">
<arg>${FIRST_CATEGORY_OPTION}</arg>
<arg>${TIMEOUT}</arg>
<doc>Waits until the element ``locator`` is visible.</doc>
<status status="PASS" start="2026-08-10T17:21:41.465117" elapsed="0.013807"/>
</kw>
<kw name="Click Element" owner="SeleniumLibrary">
<msg time="2026-08-10T17:21:41.479310" level="INFO">Clicking element 'xpath=//div[@role='option'][1]'.</msg>
<arg>${FIRST_CATEGORY_OPTION}</arg>
<doc>Click the element identified by ``locator``.</doc>
<status status="PASS" start="2026-08-10T17:21:41.479093" elapsed="0.041817"/>
</kw>
<kw name="Wait Until Element Is Visible" owner="SeleniumLibrary">
<arg>${OPTION_1}</arg>
<arg>${TIMEOUT}</arg>
<doc>Waits until the element ``locator`` is visible.</doc>
<status status="PASS" start="2026-08-10T17:21:41.521093" elapsed="0.013310"/>
</kw>
<kw name="Input Text" owner="SeleniumLibrary">
<msg time="2026-08-10T17:21:41.534815" level="INFO">Typing text 'Networking' into text field 'xpath=//input[@placeholder='Option 1']'.</msg>
<arg>${OPTION_1}</arg>
<arg>${POLL_OPTION_1}</arg>
<doc>Types the given ``text`` into the text field identified by ``locator``.</doc>
<status status="PASS" start="2026-08-10T17:21:41.534571" elapsed="0.062590"/>
</kw>
<kw name="Wait Until Element Is Visible" owner="SeleniumLibrary">
<arg>${OPTION_2}</arg>
<arg>${TIMEOUT}</arg>
<doc>Waits until the element ``locator`` is visible.</doc>
<status status="PASS" start="2026-08-10T17:21:41.597340" elapsed="0.012922"/>
</kw>
<kw name="Input Text" owner="SeleniumLibrary">
<msg time="2026-08-10T17:21:41.610772" level="INFO">Typing text 'Job Board' into text field 'xpath=//input[@placeholder='Option 2']'.</msg>
<arg>${OPTION_2}</arg>
<arg>${POLL_OPTION_2}</arg>
<doc>Types the given ``text`` into the text field identified by ``locator``.</doc>
<status status="PASS" start="2026-08-10T17:21:41.610447" elapsed="0.050487"/>
</kw>
<kw name="Wait Until Element Is Enabled" owner="SeleniumLibrary">
<arg>${SAVE_POLL_BUTTON}</arg>
<arg>${TIMEOUT}</arg>
<doc>Waits until the element ``locator`` is enabled.</doc>
<status status="PASS" start="2026-08-10T17:21:41.661107" elapsed="0.013542"/>
</kw>
<kw name="Click Element" owner="SeleniumLibrary">
<msg time="2026-08-10T17:21:41.675080" level="INFO">Clicking element 'xpath=//button[normalize-space()='Save']'.</msg>
<arg>${SAVE_POLL_BUTTON}</arg>
<doc>Click the element identified by ``locator``.</doc>
<status status="PASS" start="2026-08-10T17:21:41.674839" elapsed="0.054279"/>
</kw>
<kw name="Wait Until Element Is Visible" owner="SeleniumLibrary">
<arg>${POLL_SUCCESS_MESSAGE}</arg>
<arg>${TIMEOUT}</arg>
<doc>Waits until the element ``locator`` is visible.</doc>
<status status="PASS" start="2026-08-10T17:21:41.729493" elapsed="0.227116"/>
</kw>
<doc>Creates a poll with a category and 2 options, then saves it</doc>
<status status="PASS" start="2026-08-10T17:21:40.190951" elapsed="1.765759"/>
</kw>
<kw name="Capture Page Screenshot" owner="SeleniumLibrary">
<msg time="2026-08-10T17:21:42.105686" level="INFO" html="true">&lt;/td&gt;&lt;/tr&gt;&lt;tr&gt;&lt;td colspan="3"&gt;&lt;a href="CreatePoll.png"&gt;&lt;img src="CreatePoll.png" width="800px"&gt;&lt;/a&gt;</msg>
<arg>${OUTPUT DIR}/CreatePoll.png</arg>
<doc>Takes a screenshot of the current page and embeds it into a log file.</doc>
<status status="PASS" start="2026-08-10T17:21:41.957004" elapsed="0.148842"/>
</kw>
<kw name="Close Application" owner="Browser" type="TEARDOWN">
<kw name="Capture Page Screenshot" owner="SeleniumLibrary">
<msg time="2026-08-10T17:21:42.236876" level="INFO" html="true">&lt;/td&gt;&lt;/tr&gt;&lt;tr&gt;&lt;td colspan="3"&gt;&lt;a href="selenium-screenshot-13.png"&gt;&lt;img src="selenium-screenshot-13.png" width="800px"&gt;&lt;/a&gt;</msg>
<doc>Takes a screenshot of the current page and embeds it into a log file.</doc>
<status status="PASS" start="2026-08-10T17:21:42.107283" elapsed="0.129714"/>
</kw>
<kw name="Close Browser" owner="SeleniumLibrary">
<doc>Closes the current browser.</doc>
<status status="PASS" start="2026-08-10T17:21:42.237244" elapsed="2.249650"/>
</kw>
<status status="PASS" start="2026-08-10T17:21:42.106797" elapsed="2.380224"/>
</kw>
<status status="PASS" start="2026-08-10T17:20:34.159410" elapsed="70.327917"/>
</test>
<test id="s1-t4" name="Create Article Successfully" line="47">
<kw name="Open Application" owner="Browser" type="SETUP">
<kw name="Open Browser" owner="SeleniumLibrary">
<msg time="2026-08-10T17:21:44.488607" level="INFO">Opening browser 'Chrome' to base url 'https://dev.cxostory.in/'.</msg>
<arg>${URL}</arg>
<arg>${BROWSER}</arg>
<doc>Opens a new browser instance to the optional ``url``.</doc>
<status status="PASS" start="2026-08-10T17:21:44.488443" elapsed="43.710554"/>
</kw>
<kw name="Maximize Browser Window" owner="SeleniumLibrary">
<doc>Maximizes current browser window.</doc>
<status status="PASS" start="2026-08-10T17:22:28.199247" elapsed="0.068468"/>
</kw>
<kw name="Set Selenium Timeout" owner="SeleniumLibrary">
<arg>${TIMEOUT}</arg>
<doc>Sets the timeout that is used by various keywords.</doc>
<status status="PASS" start="2026-08-10T17:22:28.268423" elapsed="0.004474"/>
</kw>
<kw name="Set Selenium Implicit Wait" owner="SeleniumLibrary">
<arg>${IMPLICIT_WAIT}</arg>
<doc>Sets the implicit wait value used by Selenium.</doc>
<status status="PASS" start="2026-08-10T17:22:28.273484" elapsed="0.004255"/>
</kw>
<status status="PASS" start="2026-08-10T17:21:44.488158" elapsed="43.789952"/>
</kw>
<kw name="Login To Application" owner="LoginPage">
<kw name="Wait Until Element Is Visible" owner="SeleniumLibrary">
<arg>${LOGIN_BUTTON}</arg>
<arg>${TIMEOUT}</arg>
<doc>Waits until the element ``locator`` is visible.</doc>
<status status="PASS" start="2026-08-10T17:22:28.279802" elapsed="0.035376"/>
</kw>
<kw name="Click Element" owner="SeleniumLibrary">
<msg time="2026-08-10T17:22:28.315597" level="INFO">Clicking element 'xpath=//button[normalize-space()='Login']'.</msg>
<arg>${LOGIN_BUTTON}</arg>
<doc>Click the element identified by ``locator``.</doc>
<status status="PASS" start="2026-08-10T17:22:28.315364" elapsed="0.117742"/>
</kw>
<kw name="Wait Until Element Is Visible" owner="SeleniumLibrary">
<arg>${EMAIL_INPUT}</arg>
<arg>${TIMEOUT}</arg>
<doc>Waits until the element ``locator`` is visible.</doc>
<status status="PASS" start="2026-08-10T17:22:28.434018" elapsed="0.030023"/>
</kw>
<kw name="Input Text" owner="SeleniumLibrary">
<msg time="2026-08-10T17:22:28.464461" level="INFO">Typing text 'kprabhat956@gmail.com' into text field 'xpath=//input[@id='emailId']'.</msg>
<arg>${EMAIL_INPUT}</arg>
<arg>${EMAIL}</arg>
<doc>Types the given ``text`` into the text field identified by ``locator``.</doc>
<status status="PASS" start="2026-08-10T17:22:28.464216" elapsed="0.104945"/>
</kw>
<kw name="Wait Until Element Is Enabled" owner="SeleniumLibrary">
<arg>${CONTINUE_BUTTON}</arg>
<arg>${TIMEOUT}</arg>
<doc>Waits until the element ``locator`` is enabled.</doc>
<status status="PASS" start="2026-08-10T17:22:28.569345" elapsed="0.016431"/>
</kw>
<kw name="Click Element" owner="SeleniumLibrary">
<msg time="2026-08-10T17:22:28.586287" level="INFO">Clicking element 'xpath=//button[contains(normalize-space(),'Continue')]'.</msg>
<arg>${CONTINUE_BUTTON}</arg>
<doc>Click the element identified by ``locator``.</doc>
<status status="PASS" start="2026-08-10T17:22:28.585943" elapsed="0.087879"/>
</kw>
<kw name="Wait Until Element Is Visible" owner="SeleniumLibrary">
<arg>${OTP_INPUT_1}</arg>
<arg>${TIMEOUT}</arg>
<doc>Waits until the element ``locator`` is visible.</doc>
<status status="PASS" start="2026-08-10T17:22:28.674578" elapsed="0.016293"/>
</kw>
<kw name="Input Text" owner="SeleniumLibrary">
<msg time="2026-08-10T17:22:28.691455" level="INFO">Typing text '4' into text field 'xpath=//input[@name='otp-input-0']'.</msg>
<arg>${OTP_INPUT_1}</arg>
<arg>4</arg>
<doc>Types the given ``text`` into the text field identified by ``locator``.</doc>
<status status="PASS" start="2026-08-10T17:22:28.691186" elapsed="0.057603"/>
</kw>
<kw name="Input Text" owner="SeleniumLibrary">
<msg time="2026-08-10T17:22:28.749334" level="INFO">Typing text '4' into text field 'xpath=//input[@name='otp-input-1']'.</msg>
<arg>${OTP_INPUT_2}</arg>
<arg>4</arg>
<doc>Types the given ``text`` into the text field identified by ``locator``.</doc>
<status status="PASS" start="2026-08-10T17:22:28.749023" elapsed="0.067654"/>
</kw>
<kw name="Input Text" owner="SeleniumLibrary">
<msg time="2026-08-10T17:22:28.817421" level="INFO">Typing text '4' into text field 'xpath=//input[@name='otp-input-2']'.</msg>
<arg>${OTP_INPUT_3}</arg>
<arg>4</arg>
<doc>Types the given ``text`` into the text field identified by ``locator``.</doc>
<status status="PASS" start="2026-08-10T17:22:28.816982" elapsed="0.047019"/>
</kw>
<kw name="Input Text" owner="SeleniumLibrary">
<msg time="2026-08-10T17:22:28.864598" level="INFO">Typing text '4' into text field 'xpath=//input[@name='otp-input-3']'.</msg>
<arg>${OTP_INPUT_4}</arg>
<arg>4</arg>
<doc>Types the given ``text`` into the text field identified by ``locator``.</doc>
<status status="PASS" start="2026-08-10T17:22:28.864238" elapsed="0.051888"/>
</kw>
<kw name="Input Text" owner="SeleniumLibrary">
<msg time="2026-08-10T17:22:28.916773" level="INFO">Typing text '4' into text field 'xpath=//input[@name='otp-input-4']'.</msg>
<arg>${OTP_INPUT_5}</arg>
<arg>4</arg>
<doc>Types the given ``text`` into the text field identified by ``locator``.</doc>
<status status="PASS" start="2026-08-10T17:22:28.916424" elapsed="0.048731"/>
</kw>
<kw name="Input Text" owner="SeleniumLibrary">
<msg time="2026-08-10T17:22:28.965790" level="INFO">Typing text '4' into text field 'xpath=//input[@name='otp-input-5']'.</msg>
<arg>${OTP_INPUT_6}</arg>
<arg>4</arg>
<doc>Types the given ``text`` into the text field identified by ``locator``.</doc>
<status status="PASS" start="2026-08-10T17:22:28.965440" elapsed="0.048556"/>
</kw>
<kw name="Execute Javascript" owner="SeleniumLibrary">
<msg time="2026-08-10T17:22:29.014389" level="INFO">Executing JavaScript:
document.evaluate("//button[contains(@class,'mb-8') and contains(normalize-space(),'Continue')]", document, null, XPathResult.FIRST_ORDERED_NODE_TYPE, null).singleNodeValue.click();
Without any arguments.</msg>
<arg>document.evaluate("${VERIFY_BUTTON_XPATH}", document, null, XPathResult.FIRST_ORDERED_NODE_TYPE, null).singleNodeValue.click();</arg>
<doc>Executes the given JavaScript code with possible arguments.</doc>
<status status="PASS" start="2026-08-10T17:22:29.014178" elapsed="0.004970"/>
</kw>
<kw name="Wait Until Page Contains Element" owner="SeleniumLibrary">
<arg>${HOME_PAGE}</arg>
<arg>${TIMEOUT}</arg>
<doc>Waits until the element ``locator`` appears on the current page.</doc>
<status status="PASS" start="2026-08-10T17:22:29.019322" elapsed="0.011364"/>
</kw>
<kw name="Sleep" owner="BuiltIn">
<msg time="2026-08-10T17:22:49.031629" level="INFO">Slept 20 seconds.</msg>
<arg>20s</arg>
<doc>Pauses the test executed for the given time.</doc>
<status status="PASS" start="2026-08-10T17:22:29.030966" elapsed="20.000906"/>
</kw>
<status status="PASS" start="2026-08-10T17:22:28.279318" elapsed="20.752765"/>
</kw>
<kw name="Create New Article" owner="ArticlePage">
<kw name="Wait Until Element Is Visible" owner="SeleniumLibrary">
<arg>${POST_BUTTON}</arg>
<arg>${TIMEOUT}</arg>
<doc>Waits until the element ``locator`` is visible.</doc>
<status status="PASS" start="2026-08-10T17:22:49.036636" elapsed="0.024828"/>
</kw>
<kw name="Wait Until Element Is Enabled" owner="SeleniumLibrary">
<arg>${POST_BUTTON}</arg>
<arg>${TIMEOUT}</arg>
<doc>Waits until the element ``locator`` is enabled.</doc>
<status status="PASS" start="2026-08-10T17:22:49.061632" elapsed="0.010861"/>
</kw>
<kw name="Sleep" owner="BuiltIn">
<msg time="2026-08-10T17:22:52.073851" level="INFO">Slept 3 seconds.</msg>
<arg>3s</arg>
<doc>Pauses the test executed for the given time.</doc>
<status status="PASS" start="2026-08-10T17:22:49.072648" elapsed="3.001453"/>
</kw>
<kw name="Click Element" owner="SeleniumLibrary">
<msg time="2026-08-10T17:22:52.075095" level="INFO">Clicking element 'xpath=//button[normalize-space()='Post']'.</msg>
<arg>${POST_BUTTON}</arg>
<doc>Click the element identified by ``locator``.</doc>
<status status="PASS" start="2026-08-10T17:22:52.074520" elapsed="0.066791"/>
</kw>
<kw name="Wait Until Element Is Visible" owner="SeleniumLibrary">
<arg>${CREATE_ARTICLE_OPTION}</arg>
<arg>${TIMEOUT}</arg>
<doc>Waits until the element ``locator`` is visible.</doc>
<status status="PASS" start="2026-08-10T17:22:52.141693" elapsed="0.227496"/>
</kw>
<kw name="Sleep" owner="BuiltIn">
<msg time="2026-08-10T17:22:55.370285" level="INFO">Slept 3 seconds.</msg>
<arg>3s</arg>
<doc>Pauses the test executed for the given time.</doc>
<status status="PASS" start="2026-08-10T17:22:52.369462" elapsed="3.001115"/>
</kw>
<kw name="Click Element" owner="SeleniumLibrary">
<msg time="2026-08-10T17:22:55.371984" level="INFO">Clicking element 'xpath=//h1[normalize-space()='Compose an article']'.</msg>
<arg>${CREATE_ARTICLE_OPTION}</arg>
<doc>Click the element identified by ``locator``.</doc>
<status status="PASS" start="2026-08-10T17:22:55.371123" elapsed="0.069672"/>
</kw>
<kw name="Wait Until Page Contains Element" owner="SeleniumLibrary">
<arg>${ARTICLE_UPLOAD_IMAGE}</arg>
<arg>${TIMEOUT}</arg>
<doc>Waits until the element ``locator`` appears on the current page.</doc>
<status status="PASS" start="2026-08-10T17:22:55.441041" elapsed="0.068941"/>
</kw>
<kw name="Sleep" owner="BuiltIn">
<msg time="2026-08-10T17:22:58.510656" level="INFO">Slept 3 seconds.</msg>
<arg>3s</arg>
<doc>Pauses the test executed for the given time.</doc>
<status status="PASS" start="2026-08-10T17:22:55.510136" elapsed="3.000827"/>
</kw>
<kw name="Choose File" owner="SeleniumLibrary">
<msg time="2026-08-10T17:22:58.512355" level="INFO">Sending D:\images3.jpg to browser.</msg>
<arg>${ARTICLE_UPLOAD_IMAGE}</arg>
<arg>${SAMPLE_FILE_PATH}</arg>
<doc>Inputs the ``file_path`` into the file input field ``locator``.</doc>
<status status="PASS" start="2026-08-10T17:22:58.511390" elapsed="0.026675"/>
</kw>
<kw name="Wait Until Element Is Visible" owner="SeleniumLibrary">
<arg>${ARTICLE_TITLE}</arg>
<arg>${TIMEOUT}</arg>
<doc>Waits until the element ``locator`` is visible.</doc>
<status status="PASS" start="2026-08-10T17:22:58.538245" elapsed="0.009600"/>
</kw>
<kw name="Sleep" owner="BuiltIn">
<msg time="2026-08-10T17:23:01.548628" level="INFO">Slept 3 seconds.</msg>
<arg>3s</arg>
<doc>Pauses the test executed for the given time.</doc>
<status status="PASS" start="2026-08-10T17:22:58.548037" elapsed="3.000854"/>
</kw>
<kw name="Clear Element Text" owner="SeleniumLibrary">
<arg>${ARTICLE_TITLE}</arg>
<doc>Clears the value of the text-input-element identified by ``locator``.</doc>
<status status="PASS" start="2026-08-10T17:23:01.549328" elapsed="0.028279"/>
</kw>
<kw name="Input Text" owner="SeleniumLibrary">
<msg time="2026-08-10T17:23:01.578009" level="INFO">Typing text 'Automation Article' into text field 'xpath=//input[@placeholder='Enter article title']'.</msg>
<arg>${ARTICLE_TITLE}</arg>
<arg>${ARTICLE_TITLE_TEXT}</arg>
<doc>Types the given ``text`` into the text field identified by ``locator``.</doc>
<status status="PASS" start="2026-08-10T17:23:01.577775" elapsed="0.052928"/>
</kw>
<kw name="Wait Until Element Is Visible" owner="SeleniumLibrary">
<arg>${ARTICLE_CONTENT}</arg>
<arg>${TIMEOUT}</arg>
<doc>Waits until the element ``locator`` is visible.</doc>
<status status="PASS" start="2026-08-10T17:23:01.630907" elapsed="0.009391"/>
</kw>
<kw name="Sleep" owner="BuiltIn">
<msg time="2026-08-10T17:23:04.641123" level="INFO">Slept 3 seconds.</msg>
<arg>3s</arg>
<doc>Pauses the test executed for the given time.</doc>
<status status="PASS" start="2026-08-10T17:23:01.640462" elapsed="3.000954"/>
</kw>
<kw name="Clear Element Text" owner="SeleniumLibrary">
<arg>${ARTICLE_CONTENT}</arg>
<doc>Clears the value of the text-input-element identified by ``locator``.</doc>
<status status="PASS" start="2026-08-10T17:23:04.641943" elapsed="0.030033"/>
</kw>
<kw name="Input Text" owner="SeleniumLibrary">
<msg time="2026-08-10T17:23:04.672422" level="INFO">Typing text 'Networking is one of the most underrated skills for senior leaders...' into text field 'xpath=//div[contains(@class,'ql-editor')]'.</msg>
<arg>${ARTICLE_CONTENT}</arg>
<arg>${ARTICLE_CONTENT_TEXT}</arg>
<doc>Types the given ``text`` into the text field identified by ``locator``.</doc>
<status status="PASS" start="2026-08-10T17:23:04.672185" elapsed="0.124945"/>
</kw>
<kw name="Wait Until Element Is Enabled" owner="SeleniumLibrary">
<arg>${ARTICLE_PUBLISH_BUTTON}</arg>
<arg>${TIMEOUT}</arg>
<doc>Waits until the element ``locator`` is enabled.</doc>
<status status="PASS" start="2026-08-10T17:23:04.797327" elapsed="0.012401"/>
</kw>
<kw name="Sleep" owner="BuiltIn">
<msg time="2026-08-10T17:23:09.810885" level="INFO">Slept 5 seconds.</msg>
<arg>5s</arg>
<doc>Pauses the test executed for the given time.</doc>
<status status="PASS" start="2026-08-10T17:23:04.809894" elapsed="5.001239"/>
</kw>
<kw name="Execute Javascript" owner="SeleniumLibrary">
<msg time="2026-08-10T17:23:09.812098" level="INFO">Executing JavaScript:
document.evaluate("//button[normalize-space()='Publish']", document, null, XPathResult.FIRST_ORDERED_NODE_TYPE, null).singleNodeValue.click();
Without any arguments.</msg>
<arg>document.evaluate("${ARTICLE_PUBLISH_BUTTON_XPATH}", document, null, XPathResult.FIRST_ORDERED_NODE_TYPE, null).singleNodeValue.click();</arg>
<doc>Executes the given JavaScript code with possible arguments.</doc>
<status status="PASS" start="2026-08-10T17:23:09.811555" elapsed="0.013701"/>
</kw>
<kw name="Sleep" owner="BuiltIn">
<msg time="2026-08-10T17:23:12.826776" level="INFO">Slept 3 seconds.</msg>
<arg>3s</arg>
<doc>Pauses the test executed for the given time.</doc>
<status status="PASS" start="2026-08-10T17:23:09.825839" elapsed="3.001175"/>
</kw>
<kw name="Wait Until Element Is Visible" owner="SeleniumLibrary">
<arg>${ARTICLE_SUCCESS_MESSAGE}</arg>
<arg>${TIMEOUT}</arg>
<doc>Waits until the element ``locator`` is visible.</doc>
<status status="PASS" start="2026-08-10T17:23:12.827434" elapsed="0.022753"/>
</kw>
<doc>Creates an article with an image, title, and content, then publishes it.
No separate Save step — Publish alone completes the action
in the current UI (confirmed via real button HTML).</doc>
<status status="PASS" start="2026-08-10T17:22:49.035846" elapsed="23.814435"/>
</kw>
<kw name="Capture Page Screenshot" owner="SeleniumLibrary">
<msg time="2026-08-10T17:23:12.976154" level="INFO" html="true">&lt;/td&gt;&lt;/tr&gt;&lt;tr&gt;&lt;td colspan="3"&gt;&lt;a href="CreateArticle.png"&gt;&lt;img src="CreateArticle.png" width="800px"&gt;&lt;/a&gt;</msg>
<arg>${OUTPUT DIR}/CreateArticle.png</arg>
<doc>Takes a screenshot of the current page and embeds it into a log file.</doc>
<status status="PASS" start="2026-08-10T17:23:12.850611" elapsed="0.125803"/>
</kw>
<kw name="Close Application" owner="Browser" type="TEARDOWN">
<kw name="Capture Page Screenshot" owner="SeleniumLibrary">
<msg time="2026-08-10T17:23:13.125659" level="INFO" html="true">&lt;/td&gt;&lt;/tr&gt;&lt;tr&gt;&lt;td colspan="3"&gt;&lt;a href="selenium-screenshot-14.png"&gt;&lt;img src="selenium-screenshot-14.png" width="800px"&gt;&lt;/a&gt;</msg>
<doc>Takes a screenshot of the current page and embeds it into a log file.</doc>
<status status="PASS" start="2026-08-10T17:23:12.978660" elapsed="0.147114"/>
</kw>
<kw name="Close Browser" owner="SeleniumLibrary">
<doc>Closes the current browser.</doc>
<status status="PASS" start="2026-08-10T17:23:13.125940" elapsed="2.248277"/>
</kw>
<status status="PASS" start="2026-08-10T17:23:12.977479" elapsed="2.396909"/>
</kw>
<status status="PASS" start="2026-08-10T17:21:44.487773" elapsed="90.886833"/>
</test>
<test id="s1-t5" name="Create Survey Successfully" line="52">
<kw name="Open Application" owner="Browser" type="SETUP">
<kw name="Open Browser" owner="SeleniumLibrary">
<msg time="2026-08-10T17:23:15.376288" level="INFO">Opening browser 'Chrome' to base url 'https://dev.cxostory.in/'.</msg>
<arg>${URL}</arg>
<arg>${BROWSER}</arg>
<doc>Opens a new browser instance to the optional ``url``.</doc>
<status status="PASS" start="2026-08-10T17:23:15.376055" elapsed="63.797142"/>
</kw>
<kw name="Maximize Browser Window" owner="SeleniumLibrary">
<doc>Maximizes current browser window.</doc>
<status status="PASS" start="2026-08-10T17:24:19.173387" elapsed="0.038553"/>
</kw>
<kw name="Set Selenium Timeout" owner="SeleniumLibrary">
<arg>${TIMEOUT}</arg>
<doc>Sets the timeout that is used by various keywords.</doc>
<status status="PASS" start="2026-08-10T17:24:19.212155" elapsed="0.001004"/>
</kw>
<kw name="Set Selenium Implicit Wait" owner="SeleniumLibrary">
<arg>${IMPLICIT_WAIT}</arg>
<doc>Sets the implicit wait value used by Selenium.</doc>
<status status="PASS" start="2026-08-10T17:24:19.213326" elapsed="0.001285"/>
</kw>
<status status="PASS" start="2026-08-10T17:23:15.375629" elapsed="63.839070"/>
</kw>
<kw name="Login To Application" owner="LoginPage">
<kw name="Wait Until Element Is Visible" owner="SeleniumLibrary">
<arg>${LOGIN_BUTTON}</arg>
<arg>${TIMEOUT}</arg>
<doc>Waits until the element ``locator`` is visible.</doc>
<status status="PASS" start="2026-08-10T17:24:19.215299" elapsed="0.203445"/>
</kw>
<kw name="Click Element" owner="SeleniumLibrary">
<msg time="2026-08-10T17:24:19.419233" level="INFO">Clicking element 'xpath=//button[normalize-space()='Login']'.</msg>
<arg>${LOGIN_BUTTON}</arg>
<doc>Click the element identified by ``locator``.</doc>
<status status="PASS" start="2026-08-10T17:24:19.418968" elapsed="0.107054"/>
</kw>
<kw name="Wait Until Element Is Visible" owner="SeleniumLibrary">
<arg>${EMAIL_INPUT}</arg>
<arg>${TIMEOUT}</arg>
<doc>Waits until the element ``locator`` is visible.</doc>
<status status="PASS" start="2026-08-10T17:24:19.526352" elapsed="0.023939"/>
</kw>
<kw name="Input Text" owner="SeleniumLibrary">
<msg time="2026-08-10T17:24:19.550759" level="INFO">Typing text 'kprabhat956@gmail.com' into text field 'xpath=//input[@id='emailId']'.</msg>
<arg>${EMAIL_INPUT}</arg>
<arg>${EMAIL}</arg>
<doc>Types the given ``text`` into the text field identified by ``locator``.</doc>
<status status="PASS" start="2026-08-10T17:24:19.550463" elapsed="0.096006"/>
</kw>
<kw name="Wait Until Element Is Enabled" owner="SeleniumLibrary">
<arg>${CONTINUE_BUTTON}</arg>
<arg>${TIMEOUT}</arg>
<doc>Waits until the element ``locator`` is enabled.</doc>
<status status="PASS" start="2026-08-10T17:24:19.646713" elapsed="0.024292"/>
</kw>
<kw name="Click Element" owner="SeleniumLibrary">
<msg time="2026-08-10T17:24:19.671457" level="INFO">Clicking element 'xpath=//button[contains(normalize-space(),'Continue')]'.</msg>
<arg>${CONTINUE_BUTTON}</arg>
<doc>Click the element identified by ``locator``.</doc>
<status status="PASS" start="2026-08-10T17:24:19.671185" elapsed="0.075930"/>
</kw>
<kw name="Wait Until Element Is Visible" owner="SeleniumLibrary">
<arg>${OTP_INPUT_1}</arg>
<arg>${TIMEOUT}</arg>
<doc>Waits until the element ``locator`` is visible.</doc>
<status status="PASS" start="2026-08-10T17:24:19.747418" elapsed="0.015007"/>
</kw>
<kw name="Input Text" owner="SeleniumLibrary">
<msg time="2026-08-10T17:24:19.762855" level="INFO">Typing text '4' into text field 'xpath=//input[@name='otp-input-0']'.</msg>
<arg>${OTP_INPUT_1}</arg>
<arg>4</arg>
<doc>Types the given ``text`` into the text field identified by ``locator``.</doc>
<status status="PASS" start="2026-08-10T17:24:19.762624" elapsed="0.058808"/>
</kw>
<kw name="Input Text" owner="SeleniumLibrary">
<msg time="2026-08-10T17:24:19.822796" level="INFO">Typing text '4' into text field 'xpath=//input[@name='otp-input-1']'.</msg>
<arg>${OTP_INPUT_2}</arg>
<arg>4</arg>
<doc>Types the given ``text`` into the text field identified by ``locator``.</doc>
<status status="PASS" start="2026-08-10T17:24:19.822299" elapsed="0.051778"/>
</kw>
<kw name="Input Text" owner="SeleniumLibrary">
<msg time="2026-08-10T17:24:19.874797" level="INFO">Typing text '4' into text field 'xpath=//input[@name='otp-input-2']'.</msg>
<arg>${OTP_INPUT_3}</arg>
<arg>4</arg>
<doc>Types the given ``text`` into the text field identified by ``locator``.</doc>
<status status="PASS" start="2026-08-10T17:24:19.874351" elapsed="0.054897"/>
</kw>
<kw name="Input Text" owner="SeleniumLibrary">
<msg time="2026-08-10T17:24:19.929873" level="INFO">Typing text '4' into text field 'xpath=//input[@name='otp-input-3']'.</msg>
<arg>${OTP_INPUT_4}</arg>
<arg>4</arg>
<doc>Types the given ``text`` into the text field identified by ``locator``.</doc>
<status status="PASS" start="2026-08-10T17:24:19.929575" elapsed="0.062774"/>
</kw>
<kw name="Input Text" owner="SeleniumLibrary">
<msg time="2026-08-10T17:24:19.992988" level="INFO">Typing text '4' into text field 'xpath=//input[@name='otp-input-4']'.</msg>
<arg>${OTP_INPUT_5}</arg>
<arg>4</arg>
<doc>Types the given ``text`` into the text field identified by ``locator``.</doc>
<status status="PASS" start="2026-08-10T17:24:19.992595" elapsed="0.080876"/>
</kw>
<kw name="Input Text" owner="SeleniumLibrary">
<msg time="2026-08-10T17:24:20.073897" level="INFO">Typing text '4' into text field 'xpath=//input[@name='otp-input-5']'.</msg>
<arg>${OTP_INPUT_6}</arg>
<arg>4</arg>
<doc>Types the given ``text`` into the text field identified by ``locator``.</doc>
<status status="PASS" start="2026-08-10T17:24:20.073651" elapsed="0.057179"/>
</kw>
<kw name="Execute Javascript" owner="SeleniumLibrary">
<msg time="2026-08-10T17:24:20.131840" level="INFO">Executing JavaScript:
document.evaluate("//button[contains(@class,'mb-8') and contains(normalize-space(),'Continue')]", document, null, XPathResult.FIRST_ORDERED_NODE_TYPE, null).singleNodeValue.click();
Without any arguments.</msg>
<arg>document.evaluate("${VERIFY_BUTTON_XPATH}", document, null, XPathResult.FIRST_ORDERED_NODE_TYPE, null).singleNodeValue.click();</arg>
<doc>Executes the given JavaScript code with possible arguments.</doc>
<status status="PASS" start="2026-08-10T17:24:20.131139" elapsed="0.009799"/>
</kw>
<kw name="Wait Until Page Contains Element" owner="SeleniumLibrary">
<arg>${HOME_PAGE}</arg>
<arg>${TIMEOUT}</arg>
<doc>Waits until the element ``locator`` appears on the current page.</doc>
<status status="PASS" start="2026-08-10T17:24:20.141164" elapsed="0.013632"/>
</kw>
<kw name="Sleep" owner="BuiltIn">
<msg time="2026-08-10T17:24:40.156191" level="INFO">Slept 20 seconds.</msg>
<arg>20s</arg>
<doc>Pauses the test executed for the given time.</doc>
<status status="PASS" start="2026-08-10T17:24:20.154992" elapsed="20.001467"/>
</kw>
<status status="PASS" start="2026-08-10T17:24:19.215077" elapsed="20.941622"/>
</kw>
<kw name="Create New Survey" owner="SurveyPage">
<kw name="Capture Page Screenshot" owner="SeleniumLibrary">
<msg time="2026-08-10T17:24:40.345520" level="INFO" html="true">&lt;/td&gt;&lt;/tr&gt;&lt;tr&gt;&lt;td colspan="3"&gt;&lt;a href="selenium-screenshot-15.png"&gt;&lt;img src="selenium-screenshot-15.png" width="800px"&gt;&lt;/a&gt;</msg>
<doc>Takes a screenshot of the current page and embeds it into a log file.</doc>
<status status="PASS" start="2026-08-10T17:24:40.158728" elapsed="0.187016"/>
</kw>
<kw name="Wait Until Element Is Visible" owner="SeleniumLibrary">
<arg>${POST_BUTTON}</arg>
<arg>30s</arg>
<doc>Waits until the element ``locator`` is visible.</doc>
<status status="PASS" start="2026-08-10T17:24:40.346178" elapsed="0.013630"/>
</kw>
<kw name="Wait Until Element Is Enabled" owner="SeleniumLibrary">
<arg>${POST_BUTTON}</arg>
<arg>30s</arg>
<doc>Waits until the element ``locator`` is enabled.</doc>
<status status="PASS" start="2026-08-10T17:24:40.360004" elapsed="0.012632"/>
</kw>
<kw name="Click Element" owner="SeleniumLibrary">
<msg time="2026-08-10T17:24:40.373044" level="INFO">Clicking element 'xpath=//button[normalize-space()='Post']'.</msg>
<arg>${POST_BUTTON}</arg>
<doc>Click the element identified by ``locator``.</doc>
<status status="PASS" start="2026-08-10T17:24:40.372820" elapsed="0.065277"/>
</kw>
<kw name="Sleep" owner="BuiltIn">
<msg time="2026-08-10T17:24:42.439495" level="INFO">Slept 2 seconds.</msg>
<arg>2s</arg>
<doc>Pauses the test executed for the given time.</doc>
<status status="PASS" start="2026-08-10T17:24:40.438324" elapsed="2.001420"/>
</kw>
<kw name="Wait Until Element Is Visible" owner="SeleniumLibrary">
<arg>${SURVEY_OPTION}</arg>
<arg>30s</arg>
<doc>Waits until the element ``locator`` is visible.</doc>
<status status="PASS" start="2026-08-10T17:24:42.440187" elapsed="0.025994"/>
</kw>
<kw name="Scroll Element Into View" owner="SeleniumLibrary">
<arg>${SURVEY_OPTION}</arg>
<doc>Scrolls the element identified by ``locator`` into view.</doc>
<status status="PASS" start="2026-08-10T17:24:42.466365" elapsed="0.277966"/>
</kw>
<kw name="Sleep" owner="BuiltIn">
<msg time="2026-08-10T17:24:44.745959" level="INFO">Slept 2 seconds.</msg>
<arg>2s</arg>
<doc>Pauses the test executed for the given time.</doc>
<status status="PASS" start="2026-08-10T17:24:42.744751" elapsed="2.001456"/>
</kw>
<kw name="Click Element" owner="SeleniumLibrary">
<msg time="2026-08-10T17:24:44.747260" level="INFO">Clicking element 'xpath=//h1[contains(normalize-space(),'Create a survey')]'.</msg>
<arg>${SURVEY_OPTION}</arg>
<doc>Click the element identified by ``locator``.</doc>
<status status="PASS" start="2026-08-10T17:24:44.746652" elapsed="0.074692"/>
</kw>
<kw name="Wait Until Page Contains" owner="SeleniumLibrary">
<arg>Create a Survey</arg>
<arg>30s</arg>
<doc>Waits until ``text`` appears on the current page.</doc>
<status status="PASS" start="2026-08-10T17:24:44.821628" elapsed="0.579225"/>
</kw>
<kw name="Sleep" owner="BuiltIn">
<msg time="2026-08-10T17:24:50.402317" level="INFO">Slept 5 seconds.</msg>
<arg>5s</arg>
<doc>Pauses the test executed for the given time.</doc>
<status status="PASS" start="2026-08-10T17:24:45.401121" elapsed="5.001464"/>
</kw>
<kw name="Capture Page Screenshot" owner="SeleniumLibrary">
<msg time="2026-08-10T17:24:50.507805" level="INFO" html="true">&lt;/td&gt;&lt;/tr&gt;&lt;tr&gt;&lt;td colspan="3"&gt;&lt;a href="selenium-screenshot-16.png"&gt;&lt;img src="selenium-screenshot-16.png" width="800px"&gt;&lt;/a&gt;</msg>
<doc>Takes a screenshot of the current page and embeds it into a log file.</doc>
<status status="PASS" start="2026-08-10T17:24:50.403052" elapsed="0.104977"/>
</kw>
<kw name="Wait Until Element Is Visible" owner="SeleniumLibrary">
<arg>${SURVEY_TITLE_INPUT}</arg>
<arg>30s</arg>
<doc>Waits until the element ``locator`` is visible.</doc>
<status status="PASS" start="2026-08-10T17:24:50.508608" elapsed="0.012893"/>
</kw>
<kw name="Wait Until Element Is Enabled" owner="SeleniumLibrary">
<arg>${SURVEY_TITLE_INPUT}</arg>
<arg>30s</arg>
<doc>Waits until the element ``locator`` is enabled.</doc>
<status status="PASS" start="2026-08-10T17:24:50.521674" elapsed="0.010108"/>
</kw>
<kw name="Scroll Element Into View" owner="SeleniumLibrary">
<arg>${SURVEY_TITLE_INPUT}</arg>
<doc>Scrolls the element identified by ``locator`` into view.</doc>
<status status="PASS" start="2026-08-10T17:24:50.531950" elapsed="0.272614"/>
</kw>
<kw name="Sleep" owner="BuiltIn">
<msg time="2026-08-10T17:24:52.806042" level="INFO">Slept 2 seconds.</msg>
<arg>2s</arg>
<doc>Pauses the test executed for the given time.</doc>
<status status="PASS" start="2026-08-10T17:24:50.804987" elapsed="2.001311"/>
</kw>
<kw name="Click Element" owner="SeleniumLibrary">
<msg time="2026-08-10T17:24:52.807338" level="INFO">Clicking element 'xpath=(//input[@id='title'])[1]'.</msg>
<arg>${SURVEY_TITLE_INPUT}</arg>
<doc>Click the element identified by ``locator``.</doc>
<status status="PASS" start="2026-08-10T17:24:52.806718" elapsed="0.043144"/>
</kw>
<kw name="Sleep" owner="BuiltIn">
<msg time="2026-08-10T17:24:53.850828" level="INFO">Slept 1 second.</msg>
<arg>1s</arg>
<doc>Pauses the test executed for the given time.</doc>
<status status="PASS" start="2026-08-10T17:24:52.850110" elapsed="1.000962"/>
</kw>
<kw name="Clear Element Text" owner="SeleniumLibrary">
<arg>${SURVEY_TITLE_INPUT}</arg>
<doc>Clears the value of the text-input-element identified by ``locator``.</doc>
<status status="PASS" start="2026-08-10T17:24:53.851494" elapsed="0.030934"/>
</kw>
<kw name="Input Text" owner="SeleniumLibrary">
<msg time="2026-08-10T17:24:53.882962" level="INFO">Typing text 'Automation Survey' into text field 'xpath=(//input[@id='title'])[1]'.</msg>
<arg>${SURVEY_TITLE_INPUT}</arg>
<arg>${SURVEY_TITLE}</arg>
<doc>Types the given ``text`` into the text field identified by ``locator``.</doc>
<status status="PASS" start="2026-08-10T17:24:53.882652" elapsed="0.054293"/>
</kw>
<kw name="Sleep" owner="BuiltIn">
<msg time="2026-08-10T17:24:55.937878" level="INFO">Slept 2 seconds.</msg>
<arg>2s</arg>
<doc>Pauses the test executed for the given time.</doc>
<status status="PASS" start="2026-08-10T17:24:53.937177" elapsed="2.000945"/>
</kw>
<kw name="Wait Until Element Is Visible" owner="SeleniumLibrary">
<arg>${SURVEY_DESCRIPTION_INPUT}</arg>
<arg>30s</arg>
<doc>Waits until the element ``locator`` is visible.</doc>
<status status="PASS" start="2026-08-10T17:24:55.938548" elapsed="0.021975"/>
</kw>
<kw name="Click Element" owner="SeleniumLibrary">
<msg time="2026-08-10T17:24:55.960921" level="INFO">Clicking element 'xpath=(//textarea[@id='description'])[1]'.</msg>
<arg>${SURVEY_DESCRIPTION_INPUT}</arg>
<doc>Click the element identified by ``locator``.</doc>
<status status="PASS" start="2026-08-10T17:24:55.960689" elapsed="0.031336"/>
</kw>
<kw name="Input Text" owner="SeleniumLibrary">
<msg time="2026-08-10T17:24:55.992705" level="INFO">Typing text 'Survey created using Robot Framework Automation.' into text field 'xpath=(//textarea[@id='description'])[1]'.</msg>
<arg>${SURVEY_DESCRIPTION_INPUT}</arg>
<arg>${SURVEY_DESCRIPTION}</arg>
<doc>Types the given ``text`` into the text field identified by ``locator``.</doc>
<status status="PASS" start="2026-08-10T17:24:55.992366" elapsed="0.073874"/>
</kw>
<kw name="Sleep" owner="BuiltIn">
<msg time="2026-08-10T17:24:58.067445" level="INFO">Slept 2 seconds.</msg>
<arg>2s</arg>
<doc>Pauses the test executed for the given time.</doc>
<status status="PASS" start="2026-08-10T17:24:56.066771" elapsed="2.000879"/>
</kw>
<kw name="Click Element" owner="SeleniumLibrary">
<msg time="2026-08-10T17:24:58.068688" level="INFO">Clicking element 'xpath=//label[contains(.,'Category')]/following::div[contains(@class,'control')][1]'.</msg>
<arg>${CATEGORY_DROPDOWN}</arg>
<doc>Click the element identified by ``locator``.</doc>
<status status="PASS" start="2026-08-10T17:24:58.068047" elapsed="0.053695"/>
</kw>
<kw name="Sleep" owner="BuiltIn">
<msg time="2026-08-10T17:25:01.122535" level="INFO">Slept 3 seconds.</msg>
<arg>3s</arg>
<doc>Pauses the test executed for the given time.</doc>
<status status="PASS" start="2026-08-10T17:24:58.121920" elapsed="3.000873"/>
</kw>
<kw name="Click Element" owner="SeleniumLibrary">
<msg time="2026-08-10T17:25:01.123766" level="INFO">Clicking element 'xpath=//div[@role='option' and normalize-space()='Business Growth']'.</msg>
<arg>${CATEGORY_OPTION}</arg>
<doc>Click the element identified by ``locator``.</doc>
<status status="PASS" start="2026-08-10T17:25:01.123200" elapsed="0.043523"/>
</kw>
<kw name="Sleep" owner="BuiltIn">
<msg time="2026-08-10T17:25:03.167730" level="INFO">Slept 2 seconds.</msg>
<arg>2s</arg>
<doc>Pauses the test executed for the given time.</doc>
<status status="PASS" start="2026-08-10T17:25:01.166916" elapsed="2.001142"/>
</kw>
<kw name="Input Text" owner="SeleniumLibrary">
<msg time="2026-08-10T17:25:03.169893" level="INFO">Typing text 'How satisfied are you with our product/service?' into text field 'xpath=//input[@id='questions.question-0']'.</msg>
<arg>${QUESTION1_INPUT}</arg>
<arg>${SURVEY_QUESTION_1}</arg>
<doc>Types the given ``text`` into the text field identified by ``locator``.</doc>
<status status="PASS" start="2026-08-10T17:25:03.168691" elapsed="0.230469"/>
</kw>
<kw name="Click Element" owner="SeleniumLibrary">
<msg time="2026-08-10T17:25:03.400393" level="INFO">Clicking element 'xpath=(//div[contains(@class,'control')])[2]'.</msg>
<arg>${QUESTION_TYPE1_DROPDOWN}</arg>
<doc>Click the element identified by ``locator``.</doc>
<status status="PASS" start="2026-08-10T17:25:03.399481" elapsed="0.037842"/>
</kw>
<kw name="Sleep" owner="BuiltIn">
<msg time="2026-08-10T17:25:05.438199" level="INFO">Slept 2 seconds.</msg>
<arg>2s</arg>
<doc>Pauses the test executed for the given time.</doc>
<status status="PASS" start="2026-08-10T17:25:03.437581" elapsed="2.000849"/>
</kw>
<kw name="Click Element" owner="SeleniumLibrary">
<msg time="2026-08-10T17:25:05.439461" level="INFO">Clicking element 'xpath=//div[@role='option' and normalize-space()='Multiple Choice']'.</msg>
<arg>${MULTIPLE_CHOICE_OPTION}</arg>
<doc>Click the element identified by ``locator``.</doc>
<status status="PASS" start="2026-08-10T17:25:05.438889" elapsed="0.039489"/>
</kw>
<kw name="Sleep" owner="BuiltIn">
<msg time="2026-08-10T17:25:07.479402" level="INFO">Slept 2 seconds.</msg>
<arg>2s</arg>
<doc>Pauses the test executed for the given time.</doc>
<status status="PASS" start="2026-08-10T17:25:05.478548" elapsed="2.001108"/>
</kw>
<kw name="Clear Element Text" owner="SeleniumLibrary">
<arg>${OPTION1_INPUT}</arg>
<doc>Clears the value of the text-input-element identified by ``locator``.</doc>
<status status="PASS" start="2026-08-10T17:25:07.480068" elapsed="0.027595"/>
</kw>
<kw name="Input Text" owner="SeleniumLibrary">
<msg time="2026-08-10T17:25:07.508099" level="INFO">Typing text 'Very Likely' into text field 'xpath=//input[@name='questions.0.options.0.option']'.</msg>
<arg>${OPTION1_INPUT}</arg>
<arg>${SURVEY_OPTION_1}</arg>
<doc>Types the given ``text`` into the text field identified by ``locator``.</doc>
<status status="PASS" start="2026-08-10T17:25:07.507840" elapsed="0.079136"/>
</kw>
<kw name="Sleep" owner="BuiltIn">
<msg time="2026-08-10T17:25:09.587710" level="INFO">Slept 2 seconds.</msg>
<arg>2s</arg>
<doc>Pauses the test executed for the given time.</doc>
<status status="PASS" start="2026-08-10T17:25:07.587148" elapsed="2.000815"/>
</kw>
<kw name="Clear Element Text" owner="SeleniumLibrary">
<arg>${OPTION2_INPUT}</arg>
<doc>Clears the value of the text-input-element identified by ``locator``.</doc>
<status status="PASS" start="2026-08-10T17:25:09.588408" elapsed="0.028279"/>
</kw>
<kw name="Input Text" owner="SeleniumLibrary">
<msg time="2026-08-10T17:25:09.617089" level="INFO">Typing text 'Likely' into text field 'xpath=//input[@name='questions.0.options.1.option']'.</msg>
<arg>${OPTION2_INPUT}</arg>
<arg>${SURVEY_OPTION_2}</arg>
<doc>Types the given ``text`` into the text field identified by ``locator``.</doc>
<status status="PASS" start="2026-08-10T17:25:09.616856" elapsed="0.058223"/>
</kw>
<kw name="Sleep" owner="BuiltIn">
<msg time="2026-08-10T17:25:11.675832" level="INFO">Slept 2 seconds.</msg>
<arg>2s</arg>
<doc>Pauses the test executed for the given time.</doc>
<status status="PASS" start="2026-08-10T17:25:09.675250" elapsed="2.000759"/>
</kw>
<kw name="Click Element" owner="SeleniumLibrary">
<msg time="2026-08-10T17:25:11.676702" level="INFO">Clicking element 'xpath=//button[.//span[text()='+'] and contains(.,'Add Option')]'.</msg>
<arg>${ADD_OPTION_BUTTON}</arg>
<doc>Click the element identified by ``locator``.</doc>
<status status="PASS" start="2026-08-10T17:25:11.676304" elapsed="0.055159"/>
</kw>
<kw name="Sleep" owner="BuiltIn">
<msg time="2026-08-10T17:25:13.732478" level="INFO">Slept 2 seconds.</msg>
<arg>2s</arg>
<doc>Pauses the test executed for the given time.</doc>
<status status="PASS" start="2026-08-10T17:25:11.731681" elapsed="2.000951"/>
</kw>
<kw name="Clear Element Text" owner="SeleniumLibrary">
<arg>${OPTION3_INPUT}</arg>
<doc>Clears the value of the text-input-element identified by ``locator``.</doc>
<status status="PASS" start="2026-08-10T17:25:13.732919" elapsed="0.019889"/>
</kw>
<kw name="Input Text" owner="SeleniumLibrary">
<msg time="2026-08-10T17:25:13.753231" level="INFO">Typing text 'Neutral' into text field 'xpath=//input[@name='questions.0.options.2.option']'.</msg>
<arg>${OPTION3_INPUT}</arg>
<arg>${SURVEY_OPTION_3}</arg>
<doc>Types the given ``text`` into the text field identified by ``locator``.</doc>
<status status="PASS" start="2026-08-10T17:25:13.752980" elapsed="0.051163"/>
</kw>
<kw name="Sleep" owner="BuiltIn">
<msg time="2026-08-10T17:25:15.805216" level="INFO">Slept 2 seconds.</msg>
<arg>2s</arg>
<doc>Pauses the test executed for the given time.</doc>
<status status="PASS" start="2026-08-10T17:25:13.804358" elapsed="2.001102"/>
</kw>
<kw name="Input Text" owner="SeleniumLibrary">
<msg time="2026-08-10T17:25:15.806615" level="INFO">Typing text 'Do you have the tools and resources you need to succeed?' into text field 'xpath=//input[@id='questions.question-1']'.</msg>
<arg>${QUESTION2_INPUT}</arg>
<arg>${SURVEY_QUESTION_2}</arg>
<doc>Types the given ``text`` into the text field identified by ``locator``.</doc>
<status status="PASS" start="2026-08-10T17:25:15.805898" elapsed="0.240011"/>
</kw>
<kw name="Sleep" owner="BuiltIn">
<msg time="2026-08-10T17:25:18.047134" level="INFO">Slept 2 seconds.</msg>
<arg>2s</arg>
<doc>Pauses the test executed for the given time.</doc>
<status status="PASS" start="2026-08-10T17:25:16.046162" elapsed="2.001307"/>
</kw>
<kw name="Scroll Element Into View" owner="SeleniumLibrary">
<arg>${QUESTION_TYPE2_DROPDOWN}</arg>
<doc>Scrolls the element identified by ``locator`` into view.</doc>
<status status="PASS" start="2026-08-10T17:25:18.048110" elapsed="0.274522"/>
</kw>
<kw name="Wait Until Element Is Visible" owner="SeleniumLibrary">
<arg>${QUESTION_TYPE2_DROPDOWN}</arg>
<arg>20s</arg>
<doc>Waits until the element ``locator`` is visible.</doc>
<status status="PASS" start="2026-08-10T17:25:18.323079" elapsed="0.017001"/>
</kw>
<kw name="Click Element" owner="SeleniumLibrary">
<msg time="2026-08-10T17:25:18.340477" level="INFO">Clicking element 'xpath=//input[@id='questions.question-1']/ancestor::div[contains(@class,'space-y')][1]//div[contains(@class,'control')]'.</msg>
<arg>${QUESTION_TYPE2_DROPDOWN}</arg>
<doc>Click the element identified by ``locator``.</doc>
<status status="PASS" start="2026-08-10T17:25:18.340249" elapsed="0.032951"/>
</kw>
<kw name="Wait Until Element Is Visible" owner="SeleniumLibrary">
<arg>${SELECT_OPTION_TYPE}</arg>
<arg>20s</arg>
<doc>Waits until the element ``locator`` is visible.</doc>
<status status="PASS" start="2026-08-10T17:25:18.373379" elapsed="0.012694"/>
</kw>
<kw name="Click Element" owner="SeleniumLibrary">
<msg time="2026-08-10T17:25:18.386452" level="INFO">Clicking element 'xpath=//div[@role='option'][normalize-space()='Select Option']'.</msg>
<arg>${SELECT_OPTION_TYPE}</arg>
<doc>Click the element identified by ``locator``.</doc>
<status status="PASS" start="2026-08-10T17:25:18.386241" elapsed="0.033300"/>
</kw>
<kw name="Clear Element Text" owner="SeleniumLibrary">
[...]
<doc>Executes the given JavaScript code with possible arguments.</doc>
<status status="NOT RUN" start="2026-08-10T17:28:44.680776" elapsed="0.000057"/>
</kw>
<kw name="Sleep" owner="BuiltIn">
<arg>2s</arg>
<doc>Pauses the test executed for the given time.</doc>
<status status="NOT RUN" start="2026-08-10T17:28:44.681205" elapsed="0.000068"/>
</kw>
<kw name="Wait Until Page Contains Element" owner="SeleniumLibrary">
<arg>${EVENTS_MENU}</arg>
<arg>30s</arg>
<doc>Waits until the element ``locator`` appears on the current page.</doc>
<status status="NOT RUN" start="2026-08-10T17:28:44.681520" elapsed="0.000054"/>
</kw>
<kw name="Scroll Element Into View" owner="SeleniumLibrary">
<arg>${EVENTS_MENU}</arg>
<doc>Scrolls the element identified by ``locator`` into view.</doc>
<status status="NOT RUN" start="2026-08-10T17:28:44.681829" elapsed="0.000055"/>
</kw>
<kw name="Wait Until Element Is Visible" owner="SeleniumLibrary">
<arg>${EVENTS_MENU}</arg>
<arg>30s</arg>
<doc>Waits until the element ``locator`` is visible.</doc>
<status status="NOT RUN" start="2026-08-10T17:28:44.682106" elapsed="0.000052"/>
</kw>
<kw name="Click Element" owner="SeleniumLibrary">
<arg>${EVENTS_MENU}</arg>
<doc>Click the element identified by ``locator``.</doc>
<status status="NOT RUN" start="2026-08-10T17:28:44.682416" elapsed="0.000056"/>
</kw>
<status status="NOT RUN" start="2026-08-10T17:28:44.679784" elapsed="0.002769"/>
</branch>
<status status="PASS" start="2026-08-10T17:28:44.679722" elapsed="0.002932"/>
</if>
<kw name="Wait Until Element Is Visible" owner="SeleniumLibrary">
<arg>${CREATE_EVENT_BUTTON}</arg>
<arg>${TIMEOUT}</arg>
<doc>Waits until the element ``locator`` is visible.</doc>
<status status="PASS" start="2026-08-10T17:28:44.682901" elapsed="0.015149"/>
</kw>
<kw name="Click Element" owner="SeleniumLibrary">
<msg time="2026-08-10T17:28:44.698449" level="INFO">Clicking element 'xpath=//button[normalize-space()='Create Event']'.</msg>
<arg>${CREATE_EVENT_BUTTON}</arg>
<doc>Click the element identified by ``locator``.</doc>
<status status="PASS" start="2026-08-10T17:28:44.698227" elapsed="0.044500"/>
</kw>
<kw name="Choose File" owner="SeleniumLibrary">
<msg time="2026-08-10T17:28:44.743171" level="INFO">Sending C:\LinkCXO_RobotFramework\Images\post-image.jpg to browser.</msg>
<arg>${EVENT_IMAGE_UPLOAD}</arg>
<arg>${EVENT_IMAGE}</arg>
<doc>Inputs the ``file_path`` into the file input field ``locator``.</doc>
<status status="PASS" start="2026-08-10T17:28:44.742908" elapsed="0.020081"/>
</kw>
<kw name="Wait Until Element Is Visible" owner="SeleniumLibrary">
<arg>${EVENT_TITLE_INPUT}</arg>
<arg>${TIMEOUT}</arg>
<doc>Waits until the element ``locator`` is visible.</doc>
<status status="PASS" start="2026-08-10T17:28:44.763176" elapsed="0.009091"/>
</kw>
<kw name="Input Text" owner="SeleniumLibrary">
<msg time="2026-08-10T17:28:44.772685" level="INFO">Typing text 'Automation Event - Private' into text field 'xpath=(//input[@placeholder='Enter Title'])[1]'.</msg>
<arg>${EVENT_TITLE_INPUT}</arg>
<arg>${event_title}</arg>
<doc>Types the given ``text`` into the text field identified by ``locator``.</doc>
<status status="PASS" start="2026-08-10T17:28:44.772436" elapsed="0.054504"/>
</kw>
<kw name="Wait Until Element Is Visible" owner="SeleniumLibrary">
<arg>${event_type}</arg>
<arg>${TIMEOUT}</arg>
<doc>Waits until the element ``locator`` is visible.</doc>
<status status="PASS" start="2026-08-10T17:28:44.827250" elapsed="0.010828"/>
</kw>
<kw name="Click Element" owner="SeleniumLibrary">
<msg time="2026-08-10T17:28:44.838479" level="INFO">Clicking element 'xpath=(//input[@name='isPrivate'])[2]'.</msg>
<arg>${event_type}</arg>
<doc>Click the element identified by ``locator``.</doc>
<status status="PASS" start="2026-08-10T17:28:44.838249" elapsed="0.030516"/>
</kw>
<kw name="Wait Until Element Is Visible" owner="SeleniumLibrary">
<arg>${EVENT_INDUSTRY_DROPDOWN}</arg>
<arg>${TIMEOUT}</arg>
<doc>Waits until the element ``locator`` is visible.</doc>
<status status="PASS" start="2026-08-10T17:28:44.869005" elapsed="0.008894"/>
</kw>
<kw name="Click Element" owner="SeleniumLibrary">
<msg time="2026-08-10T17:28:44.878295" level="INFO">Clicking element 'xpath=//label[.='Industry']/following::div[1]'.</msg>
<arg>${EVENT_INDUSTRY_DROPDOWN}</arg>
<doc>Click the element identified by ``locator``.</doc>
<status status="PASS" start="2026-08-10T17:28:44.878078" elapsed="0.036614"/>
</kw>
<kw name="Wait Until Element Is Visible" owner="SeleniumLibrary">
<arg>${EVENT_INDUSTRY_OPTION}</arg>
<arg>${TIMEOUT}</arg>
<doc>Waits until the element ``locator`` is visible.</doc>
<status status="PASS" start="2026-08-10T17:28:44.914878" elapsed="0.013389"/>
</kw>
<kw name="Click Element" owner="SeleniumLibrary">
<msg time="2026-08-10T17:28:44.928669" level="INFO">Clicking element 'xpath=//div[text()='Professional Services']'.</msg>
<arg>${EVENT_INDUSTRY_OPTION}</arg>
<doc>Click the element identified by ``locator``.</doc>
<status status="PASS" start="2026-08-10T17:28:44.928451" elapsed="0.038592"/>
</kw>
<kw name="Wait Until Element Is Visible" owner="SeleniumLibrary">
<arg>${EVENT_CATEGORY_DROPDOWN}</arg>
<arg>${TIMEOUT}</arg>
<doc>Waits until the element ``locator`` is visible.</doc>
<status status="PASS" start="2026-08-10T17:28:44.967313" elapsed="0.021279"/>
</kw>
<kw name="Click Element" owner="SeleniumLibrary">
<msg time="2026-08-10T17:28:44.989221" level="INFO">Clicking element 'xpath=//label[.='Category']/following::div[1]'.</msg>
<arg>${EVENT_CATEGORY_DROPDOWN}</arg>
<doc>Click the element identified by ``locator``.</doc>
<status status="PASS" start="2026-08-10T17:28:44.988874" elapsed="0.058476"/>
</kw>
<kw name="Wait Until Element Is Visible" owner="SeleniumLibrary">
<arg>${EVENT_CATEGORY_OPTION}</arg>
<arg>${TIMEOUT}</arg>
<doc>Waits until the element ``locator`` is visible.</doc>
<status status="PASS" start="2026-08-10T17:28:45.047524" elapsed="0.013915"/>
</kw>
<kw name="Click Element" owner="SeleniumLibrary">
<msg time="2026-08-10T17:28:45.061834" level="INFO">Clicking element 'xpath=//div[text()='Business Growth']'.</msg>
<arg>${EVENT_CATEGORY_OPTION}</arg>
<doc>Click the element identified by ``locator``.</doc>
<status status="PASS" start="2026-08-10T17:28:45.061605" elapsed="0.043769"/>
</kw>
<kw name="Wait Until Element Is Visible" owner="SeleniumLibrary">
<arg>${EVENT_DESCRIPTION}</arg>
<arg>${TIMEOUT}</arg>
<doc>Waits until the element ``locator`` is visible.</doc>
<status status="PASS" start="2026-08-10T17:28:45.105569" elapsed="0.010844"/>
</kw>
<kw name="Input Text" owner="SeleniumLibrary">
<msg time="2026-08-10T17:28:45.117177" level="INFO">Typing text 'This event is created using Robot Framework.' into text field 'xpath=//textarea[contains(@placeholder,'Enter Here')]'.</msg>
<arg>${EVENT_DESCRIPTION}</arg>
<arg>${EVENT_DESCRIPTION_TEXT}</arg>
<doc>Types the given ``text`` into the text field identified by ``locator``.</doc>
<status status="PASS" start="2026-08-10T17:28:45.116682" elapsed="0.077175"/>
</kw>
<kw name="Wait Until Element Is Visible" owner="SeleniumLibrary">
<arg>${EVENT_HOST_DROPDOWN}</arg>
<arg>${TIMEOUT}</arg>
<doc>Waits until the element ``locator`` is visible.</doc>
<status status="PASS" start="2026-08-10T17:28:45.194045" elapsed="0.030281"/>
</kw>
<kw name="Click Element" owner="SeleniumLibrary">
<msg time="2026-08-10T17:28:45.224712" level="INFO">Clicking element 'xpath=//label[text()='Host *']/following::div[1]'.</msg>
<arg>${EVENT_HOST_DROPDOWN}</arg>
<doc>Click the element identified by ``locator``.</doc>
<status status="PASS" start="2026-08-10T17:28:45.224499" elapsed="0.045859"/>
</kw>
<kw name="Wait Until Element Is Visible" owner="SeleniumLibrary">
<arg>${EVENT_HOST_OPTION}</arg>
<arg>${TIMEOUT}</arg>
<doc>Waits until the element ``locator`` is visible.</doc>
<status status="PASS" start="2026-08-10T17:28:45.270546" elapsed="0.015929"/>
</kw>
<kw name="Click Element" owner="SeleniumLibrary">
<msg time="2026-08-10T17:28:45.287770" level="INFO">Clicking element 'xpath=//option[@value='Individual']'.</msg>
<arg>${EVENT_HOST_OPTION}</arg>
<doc>Click the element identified by ``locator``.</doc>
<status status="PASS" start="2026-08-10T17:28:45.287192" elapsed="0.045583"/>
</kw>
<kw name="Wait Until Element Is Visible" owner="SeleniumLibrary">
<arg>${EVENT_REGISTRATION_LINK}</arg>
<arg>${TIMEOUT}</arg>
<doc>Waits until the element ``locator`` is visible.</doc>
<status status="PASS" start="2026-08-10T17:28:45.333166" elapsed="0.021408"/>
</kw>
<kw name="Input Text" owner="SeleniumLibrary">
<msg time="2026-08-10T17:28:45.355599" level="INFO">Typing text 'https://in.bookmyshow.com/explore/events-mumbai' into text field 'xpath=//input[@placeholder='Registration Link']'.</msg>
<arg>${EVENT_REGISTRATION_LINK}</arg>
<arg>${EVENT_REGISTRATION_LINK_VALUE}</arg>
<doc>Types the given ``text`` into the text field identified by ``locator``.</doc>
<status status="PASS" start="2026-08-10T17:28:45.355020" elapsed="0.093473"/>
</kw>
<kw name="Wait Until Element Is Visible" owner="SeleniumLibrary">
<arg>${EVENT_ADDRESS_INPUT}</arg>
<arg>${TIMEOUT}</arg>
<doc>Waits until the element ``locator`` is visible.</doc>
<status status="PASS" start="2026-08-10T17:28:45.449099" elapsed="0.012117"/>
</kw>
<kw name="Input Text" owner="SeleniumLibrary">
<msg time="2026-08-10T17:28:45.461623" level="INFO">Typing text '123 Automation Street, Test City' into text field 'xpath=(//input[@placeholder='Enter Address'])[1]'.</msg>
<arg>${EVENT_ADDRESS_INPUT}</arg>
<arg>${EVENT_ADDRESS}</arg>
<doc>Types the given ``text`` into the text field identified by ``locator``.</doc>
<status status="PASS" start="2026-08-10T17:28:45.461386" elapsed="0.067181"/>
</kw>
<kw name="Wait Until Element Is Visible" owner="SeleniumLibrary">
<arg>${EVENT_START_DATE}</arg>
<arg>${TIMEOUT}</arg>
<doc>Waits until the element ``locator`` is visible.</doc>
<status status="PASS" start="2026-08-10T17:28:45.529144" elapsed="0.010271"/>
</kw>
<kw name="Click Element" owner="SeleniumLibrary">
<msg time="2026-08-10T17:28:45.539816" level="INFO">Clicking element 'xpath=(//input[@placeholder='Select Date'])[1]'.</msg>
<arg>${EVENT_START_DATE}</arg>
<doc>Click the element identified by ``locator``.</doc>
<status status="PASS" start="2026-08-10T17:28:45.539599" elapsed="0.048095"/>
</kw>
<kw name="Press Keys" owner="SeleniumLibrary">
<msg time="2026-08-10T17:28:45.588116" level="INFO">Sending key(s) ('08/28/2026',) to xpath=(//input[@placeholder='Select Date'])[1] element.</msg>
<msg time="2026-08-10T17:28:45.865766" level="INFO">Sending keys 08/28/2026</msg>
<arg>${EVENT_START_DATE}</arg>
<arg>08/28/2026</arg>
<doc>Simulates the user pressing key(s) to an element or on the active browser.</doc>
<status status="PASS" start="2026-08-10T17:28:45.587871" elapsed="0.343683"/>
</kw>
<kw name="Wait Until Element Is Visible" owner="SeleniumLibrary">
<arg>${EVENT_START_TIME}</arg>
<arg>${TIMEOUT}</arg>
<doc>Waits until the element ``locator`` is visible.</doc>
<status status="PASS" start="2026-08-10T17:28:45.931723" elapsed="0.010789"/>
</kw>
<kw name="Click Element" owner="SeleniumLibrary">
<msg time="2026-08-10T17:28:45.942909" level="INFO">Clicking element 'xpath=//input[@name='startTime']'.</msg>
<arg>${EVENT_START_TIME}</arg>
<doc>Click the element identified by ``locator``.</doc>
<status status="PASS" start="2026-08-10T17:28:45.942683" elapsed="0.030847"/>
</kw>
<kw name="Press Keys" owner="SeleniumLibrary">
<msg time="2026-08-10T17:28:45.974043" level="INFO">Sending key(s) ('09:00AM',) to xpath=//input[@name='startTime'] element.</msg>
<msg time="2026-08-10T17:28:46.250460" level="INFO">Sending keys 09:00AM</msg>
<arg>${EVENT_START_TIME}</arg>
<arg>09:00AM</arg>
<doc>Simulates the user pressing key(s) to an element or on the active browser.</doc>
<status status="PASS" start="2026-08-10T17:28:45.973747" elapsed="0.289939"/>
</kw>
<kw name="Wait Until Element Is Visible" owner="SeleniumLibrary">
<arg>${EVENT_END_DATE}</arg>
<arg>${TIMEOUT}</arg>
<doc>Waits until the element ``locator`` is visible.</doc>
<status status="PASS" start="2026-08-10T17:28:46.263935" elapsed="0.009421"/>
</kw>
<kw name="Click Element" owner="SeleniumLibrary">
<msg time="2026-08-10T17:28:46.273741" level="INFO">Clicking element 'xpath=(//input[@placeholder='Select Date'])[2]'.</msg>
<arg>${EVENT_END_DATE}</arg>
<doc>Click the element identified by ``locator``.</doc>
<status status="PASS" start="2026-08-10T17:28:46.273529" elapsed="0.048455"/>
</kw>
<kw name="Press Keys" owner="SeleniumLibrary">
<msg time="2026-08-10T17:28:46.322695" level="INFO">Sending key(s) ('08/28/2026',) to xpath=(//input[@placeholder='Select Date'])[2] element.</msg>
<msg time="2026-08-10T17:28:46.618025" level="INFO">Sending keys 08/28/2026</msg>
<arg>${EVENT_END_DATE}</arg>
<arg>08/28/2026</arg>
<doc>Simulates the user pressing key(s) to an element or on the active browser.</doc>
<status status="PASS" start="2026-08-10T17:28:46.322332" elapsed="0.358632"/>
</kw>
<kw name="Wait Until Element Is Visible" owner="SeleniumLibrary">
<arg>${EVENT_END_TIME}</arg>
<arg>${TIMEOUT}</arg>
<doc>Waits until the element ``locator`` is visible.</doc>
<status status="PASS" start="2026-08-10T17:28:46.681160" elapsed="0.010879"/>
</kw>
<kw name="Click Element" owner="SeleniumLibrary">
<msg time="2026-08-10T17:28:46.692426" level="INFO">Clicking element 'xpath=//input[@name='endTime']'.</msg>
<arg>${EVENT_END_TIME}</arg>
<doc>Click the element identified by ``locator``.</doc>
<status status="PASS" start="2026-08-10T17:28:46.692209" elapsed="0.047677"/>
</kw>
<kw name="Press Keys" owner="SeleniumLibrary">
<msg time="2026-08-10T17:28:46.740479" level="INFO">Sending key(s) ('11:00AM',) to xpath=//input[@name='endTime'] element.</msg>
<msg time="2026-08-10T17:28:47.018796" level="INFO">Sending keys 11:00AM</msg>
<arg>${EVENT_END_TIME}</arg>
<arg>11:00AM</arg>
<doc>Simulates the user pressing key(s) to an element or on the active browser.</doc>
<status status="PASS" start="2026-08-10T17:28:46.740160" elapsed="0.290635"/>
</kw>
<kw name="Wait Until Element Is Visible" owner="SeleniumLibrary">
<arg>${EVENT_HOST_EMAIL_INPUT}</arg>
<arg>${TIMEOUT}</arg>
<doc>Waits until the element ``locator`` is visible.</doc>
<status status="PASS" start="2026-08-10T17:28:47.030968" elapsed="0.009019"/>
</kw>
<kw name="Input Text" owner="SeleniumLibrary">
<msg time="2026-08-10T17:28:47.040433" level="INFO">Typing text 'support@gmail.com' into text field 'xpath=//input[@placeholder='support@gmail.com']'.</msg>
<arg>${EVENT_HOST_EMAIL_INPUT}</arg>
<arg>${EVENT_HOST_EMAIL}</arg>
<doc>Types the given ``text`` into the text field identified by ``locator``.</doc>
<status status="PASS" start="2026-08-10T17:28:47.040156" elapsed="0.047577"/>
</kw>
<kw name="Wait Until Element Is Visible" owner="SeleniumLibrary">
<arg>${EVENT_NEXT_BUTTON}</arg>
<arg>${TIMEOUT}</arg>
<doc>Waits until the element ``locator`` is visible.</doc>
<status status="PASS" start="2026-08-10T17:28:47.087913" elapsed="0.009082"/>
</kw>
<kw name="Click Element" owner="SeleniumLibrary">
<msg time="2026-08-10T17:28:47.097374" level="INFO">Clicking element 'xpath=//button[normalize-space()='Next']'.</msg>
<arg>${EVENT_NEXT_BUTTON}</arg>
<doc>Click the element identified by ``locator``.</doc>
<status status="PASS" start="2026-08-10T17:28:47.097159" elapsed="0.033429"/>
</kw>
<kw name="Wait Until Element Is Visible" owner="SeleniumLibrary">
<arg>${EVENT_CREATE_BUTTON}</arg>
<arg>${TIMEOUT}</arg>
<doc>Waits until the element ``locator`` is visible.</doc>
<status status="PASS" start="2026-08-10T17:28:47.130801" elapsed="0.014395"/>
</kw>
<kw name="Click Element" owner="SeleniumLibrary">
<msg time="2026-08-10T17:28:47.145594" level="INFO">Clicking element 'xpath=//button[normalize-space()='Create']'.</msg>
<arg>${EVENT_CREATE_BUTTON}</arg>
<doc>Click the element identified by ``locator``.</doc>
<status status="PASS" start="2026-08-10T17:28:47.145366" elapsed="0.035491"/>
</kw>
<kw name="Sleep" owner="BuiltIn">
<msg time="2026-08-10T17:28:52.181585" level="INFO">Slept 5 seconds.</msg>
<arg>5s</arg>
<doc>Pauses the test executed for the given time.</doc>
<status status="PASS" start="2026-08-10T17:28:47.181019" elapsed="5.000832"/>
</kw>
<kw name="Capture Page Screenshot" owner="SeleniumLibrary">
<msg time="2026-08-10T17:28:52.336001" level="INFO" html="true">&lt;/td&gt;&lt;/tr&gt;&lt;tr&gt;&lt;td colspan="3"&gt;&lt;a href="selenium-screenshot-24.png"&gt;&lt;img src="selenium-screenshot-24.png" width="800px"&gt;&lt;/a&gt;</msg>
<doc>Takes a screenshot of the current page and embeds it into a log file.</doc>
<status status="PASS" start="2026-08-10T17:28:52.182484" elapsed="0.153623"/>
</kw>
<kw name="Wait Until Element Is Visible" owner="SeleniumLibrary">
<arg>${MY_EVENTS_TAB}</arg>
<arg>${TIMEOUT}</arg>
<doc>Waits until the element ``locator`` is visible.</doc>
<status status="PASS" start="2026-08-10T17:28:52.336253" elapsed="0.010021"/>
</kw>
<kw name="Execute Javascript" owner="SeleniumLibrary">
<msg time="2026-08-10T17:28:52.346592" level="INFO">Executing JavaScript:
document.evaluate("//*[normalize-space()='My events']", document, null, XPathResult.FIRST_ORDERED_NODE_TYPE, null).singleNodeValue.click();
Without any arguments.</msg>
<arg>document.evaluate("//*[normalize-space()='My events']", document, null, XPathResult.FIRST_ORDERED_NODE_TYPE, null).singleNodeValue.click();</arg>
<doc>Executes the given JavaScript code with possible arguments.</doc>
<status status="PASS" start="2026-08-10T17:28:52.346441" elapsed="0.007759"/>
</kw>
<kw name="Wait Until Page Contains" owner="SeleniumLibrary">
<arg>${event_title}</arg>
<arg>${TIMEOUT}</arg>
<doc>Waits until ``text`` appears on the current page.</doc>
<status status="PASS" start="2026-08-10T17:28:52.354456" elapsed="0.007492"/>
</kw>
<kw name="Capture Page Screenshot" owner="SeleniumLibrary">
<msg time="2026-08-10T17:28:52.468000" level="INFO" html="true">&lt;/td&gt;&lt;/tr&gt;&lt;tr&gt;&lt;td colspan="3"&gt;&lt;a href="selenium-screenshot-25.png"&gt;&lt;img src="selenium-screenshot-25.png" width="800px"&gt;&lt;/a&gt;</msg>
<doc>Takes a screenshot of the current page and embeds it into a log file.</doc>
<status status="PASS" start="2026-08-10T17:28:52.362123" elapsed="0.106150"/>
</kw>
<arg>${EVENT_TYPE_PRIVATE}</arg>
<arg>${EVENT_TITLE_PRIVATE}</arg>
<arg>${TRUE}</arg>
<doc>Creates an event by filling image, title, type,
industry, category, description, host details,
registration link, address, date/time, confirms
creation, and verifies it appears under My events</doc>
<status status="PASS" start="2026-08-10T17:28:44.678818" elapsed="7.789745"/>
</kw>
<kw name="Close Application" owner="Browser" type="TEARDOWN">
<kw name="Capture Page Screenshot" owner="SeleniumLibrary">
<msg time="2026-08-10T17:28:52.609463" level="INFO" html="true">&lt;/td&gt;&lt;/tr&gt;&lt;tr&gt;&lt;td colspan="3"&gt;&lt;a href="selenium-screenshot-26.png"&gt;&lt;img src="selenium-screenshot-26.png" width="800px"&gt;&lt;/a&gt;</msg>
<doc>Takes a screenshot of the current page and embeds it into a log file.</doc>
<status status="PASS" start="2026-08-10T17:28:52.469715" elapsed="0.139863"/>
</kw>
<kw name="Close Browser" owner="SeleniumLibrary">
<doc>Closes the current browser.</doc>
<status status="PASS" start="2026-08-10T17:28:52.609808" elapsed="2.260668"/>
</kw>
<status status="PASS" start="2026-08-10T17:28:52.469475" elapsed="2.401237"/>
</kw>
<status status="PASS" start="2026-08-10T17:27:15.398479" elapsed="99.472697"/>
</test>
<doc>LinkCXO Complete Regression Suite</doc>
<status status="FAIL" start="2026-08-10T17:17:46.485170" elapsed="668.387441"/>
</suite>
<statistics>
<total>
<stat pass="6" fail="1" skip="0">All Tests</stat>
</total>
<tag>
</tag>
<suite>
<stat name="Regression" id="s1" pass="6" fail="1" skip="0">Regression</stat>
</suite>
</statistics>
<errors>
</errors>
</robot>
